 
cpldfit:  version P.20131013                        Xilinx Inc.
                                  No Fit Report
Design Name: SD81                                Date:  6-21-2023, 10:32AM
Device Used: XC95144XL-10-TQ100
Fitting Status: Placement Failed

**************************  Errors and Warnings  ***************************

WARNING:Cpld - Unable to retrieve the path to the iSE Project Repository. Will
   use the default filename of 'SD81.ise'.
INFO:Cpld - Inferring BUFG constraint for signal 'D6' based upon the LOC
   constraint 'P23'. It is recommended that you declare this BUFG explicitedly
   in your design. Note that for certain device families the output of a BUFG
   constraint can not drive a gated clock, and the BUFG constraint will be
   ignored.
INFO:Cpld - Inferring BUFG constraint for signal 'nCLOCK' based upon the LOC
   constraint 'P22'. It is recommended that you declare this BUFG explicitedly
   in your design. Note that for certain device families the output of a BUFG
   constraint can not drive a gated clock, and the BUFG constraint will be
   ignored.
WARNING:Cpld:1007 - Removing unused input(s) 'SPARE1'.  The input(s) are unused
   after optimization. Please verify functionality via simulation.
WARNING:Cpld:1007 - Removing unused input(s) 'nBUSAK'.  The input(s) are unused
   after optimization. Please verify functionality via simulation.
WARNING:Cpld:1007 - Removing unused input(s) 'nBUSRQ'.  The input(s) are unused
   after optimization. Please verify functionality via simulation.
WARNING:Cpld:1007 - Removing unused input(s) 'nNMI'.  The input(s) are unused
   after optimization. Please verify functionality via simulation.
WARNING:Cpld:1007 - Removing unused input(s) 'nWAIT'.  The input(s) are unused
   after optimization. Please verify functionality via simulation.
WARNING:Cpld:1239 - The global clock designation (BUFG) on signal 'N6' is
   ignored. Most likely the signal is gated and therefore cannot be used as a
   global control signal.
WARNING:Cpld:895 - Unable to map all desired signals into function block, FB2,
   because too many function block inputs are required. Buffering output signal
   A18x to allow all signals assigned to this function block to be placed.
ERROR:Cpld:886 - Function block FB2 was too congested to route successfully.
   This occurs due to excessive (>= 50) product term input fanins to this
   function block. Consider moving output signals in this function block to less
   congested function blocks, buffering output signals that must remain in this
   function block, or selecting a larger package.
ERROR:Cpld:868 - Cannot fit the design into any of the specified devices with
   the selected implementation options.
*************************  Mapped Resource Summary  **************************

Macrocells     Product Terms    Function Block   Registers      Pins           
Used/Tot       Used/Tot         Inps Used/Tot    Used/Tot       Used/Tot       
108/144 ( 75%) 497 /720  ( 69%) 264/432 ( 61%)   69 /144 ( 48%) 68 /81  ( 84%)

** Function Block Resources **

Function    Mcells      FB Inps     Pterms      IO          
Block       Used/Tot    Used/Tot    Used/Tot    Used/Tot    
FB1          10/18       45/54       46/90      11/11*
FB2          10/18       53/54       52/90      10/10*
FB3           4/18       37/54       28/90       9/10
FB4          14/18       33/54       85/90      10/10*
FB5          18/18*      33/54       73/90       9/10
FB6          18/18*      22/54       84/90       8/10
FB7          16/18       20/54       43/90       7/10
FB8          18/18*      21/54       86/90       4/10
             -----       -----       -----      -----    
            108/144     264/432     497/720     68/81 

* - Resource is exhausted

** Global Control Resources **

Global clock net(s) unused.
Global output enable net(s) unused.
Global set/reset net(s) unused.

** Pin Resources **

Signal Type    Required     Mapped  |  Pin Type            Used    Total 
------------------------------------|------------------------------------
Input         :   29          29    |  I/O              :    61      73
Output        :   30          30    |  GCK/IO           :     2       3
Bidirectional :    8           8    |  GTS/IO           :     4       4
GCK           :    1           1    |  GSR/IO           :     1       1
GTS           :    0           0    |
GSR           :    0           0    |
                 ----        ----
        Total     68          68

** Power Data **

There are 108 macrocells in high performance mode (MCHP).
There are 0 macrocells in low power mode (MCLP).
End of Mapped Resource Summary
*************************  Summary of Mapped Logic  ************************

** 38 Outputs **

Signal                       Total Total Loc     Pin  Pin     Pin     Pwr  Slew Reg Init
Name                         Pts   Inps          No.  Type    Use     Mode Rate State
A14x                         9     12    FB1_2   11   I/O     O       STD  FAST 
nMEM_OE                      2     3     FB1_3   12   I/O     O       STD  FAST 
nWRx                         4     7     FB1_5   13   I/O     O       STD  FAST 
nOE_ROMCS                    2     3     FB1_6   14   I/O     O       STD  FAST 
nOE_IL                       1     9     FB1_8   15   I/O     O       STD  FAST 
D7                           1     10    FB1_9   16   I/O     I/O     STD  FAST 
nOE_RAMCS                    0     0     FB1_11  17   I/O     O       STD  FAST 
D0                           9     21    FB1_12  18   I/O     I/O     STD  FAST 
D1                           9     21    FB1_14  19   I/O     I/O     STD  FAST 
D2                           9     21    FB1_15  20   I/O     I/O     STD  FAST 
A13x                         9     12    FB2_2   99   GSR/I/O O       STD  FAST 
A12x                         2     2     FB2_5   1    GTS/I/O O       STD  FAST 
A0x                          7     8     FB2_6   2    GTS/I/O O       STD  FAST 
A10x                         2     2     FB2_8   3    GTS/I/O O       STD  FAST 
A11x                         2     2     FB2_9   4    GTS/I/O O       STD  FAST 
A15x                         9     12    FB2_11  6    I/O     O       STD  FAST 
A16x                         9     12    FB2_12  7    I/O     O       STD  FAST 
A17x                         9     12    FB2_14  8    I/O     O       STD  FAST 
A18x                         2     2     FB2_15  9    I/O     O       STD  FAST 
nOE_CTRL_CLOCK               1     9     FB2_17  10   I/O     O       STD  FAST 
D6                           1     10    FB3_2   23   GCK/I/O I/O     STD  FAST 
D5                           9     21    FB3_6   25   I/O     I/O     STD  FAST 
D3                           9     21    FB3_11  29   I/O     I/O     STD  FAST 
D4                           9     21    FB3_14  32   I/O     I/O     STD  FAST 
A1x                          7     8     FB4_2   87   I/O     O       STD  FAST 
A2x                          7     8     FB4_5   89   I/O     O       STD  FAST 
A3x                          7     8     FB4_6   90   I/O     O       STD  FAST 
A4x                          7     8     FB4_8   91   I/O     O       STD  FAST 
A5x                          7     8     FB4_9   92   I/O     O       STD  FAST 
A6x                          7     8     FB4_11  93   I/O     O       STD  FAST 
A7x                          7     8     FB4_12  94   I/O     O       STD  FAST 
A8x                          7     8     FB4_14  95   I/O     O       STD  FAST 
A9x                          7     8     FB4_15  96   I/O     O       STD  FAST 
nMEM_CE                      2     3     FB4_17  97   I/O     O       STD  FAST 
nHALT                        1     6     FB5_8   39   I/O     O       STD  FAST 
GET_DATA_REG                 2     10    FB6_15  85   I/O     O       STD  FAST RESET
GET_CTRL_REG                 2     10    FB6_17  86   I/O     O       STD  FAST RESET
LE_OL                        1     9     FB8_15  72   I/O     O       STD  FAST 

** 70 Buried Nodes **

Signal                       Total Total Loc     Pwr  Reg Init
Name                         Pts   Inps          Mode State
block_2_0                    5     17    FB4_1   STD  RESET
block_1_0                    5     17    FB4_3   STD  RESET
block_0_0                    5     17    FB4_13  STD  RESET
block_3_0                    5     17    FB4_18  STD  RESET
ram_data_latch<3>            3     3     FB5_1   STD  RESET
block_5_0                    5     17    FB5_2   STD  RESET
block_6_0                    5     17    FB5_3   STD  RESET
block_7_0                    5     17    FB5_4   STD  RESET
vs                           5     6     FB5_5   STD  
block_0_5                    4     16    FB5_6   STD  RESET
block_1_5                    4     16    FB5_7   STD  RESET
block_2_5                    4     16    FB5_9   STD  RESET
block_3_5                    4     16    FB5_10  STD  RESET
block_4_5                    4     16    FB5_11  STD  RESET
block_5_5                    4     16    FB5_12  STD  RESET
block_6_5                    4     16    FB5_13  STD  RESET
block_7_5                    4     16    FB5_14  STD  RESET
ram_data_latch<0>            3     3     FB5_15  STD  RESET
ram_data_latch<1>            3     3     FB5_16  STD  RESET
ram_data_latch<2>            3     3     FB5_17  STD  RESET
A18x_BUFR                    8     11    FB5_18  STD  
block_7_2                    5     17    FB6_1   STD  RESET
block_7_1                    5     17    FB6_2   STD  RESET
block_6_2                    5     17    FB6_3   STD  RESET
block_6_1                    5     17    FB6_4   STD  RESET
block_5_2                    5     17    FB6_5   STD  RESET
block_5_1                    5     17    FB6_6   STD  RESET
block_4_2                    5     17    FB6_7   STD  RESET
block_4_1                    5     17    FB6_8   STD  RESET
block_3_2                    5     17    FB6_9   STD  RESET
block_3_1                    5     17    FB6_10  STD  RESET
block_2_2                    5     17    FB6_11  STD  RESET
block_2_1                    5     17    FB6_12  STD  RESET
block_1_2                    5     17    FB6_13  STD  RESET
block_1_1                    5     17    FB6_14  STD  RESET
block_0_2                    5     17    FB6_16  STD  RESET
block_0_1                    5     17    FB6_18  STD  RESET
$OpTx$$OpTx$FX_DC$15_INV$33  1     2     FB7_3   STD  
sync_counter<5>              2     7     FB7_4   STD  RESET
sync_counter<4>              2     6     FB7_5   STD  RESET

Signal                       Total Total Loc     Pwr  Reg Init
Name                         Pts   Inps          Mode State
sync_counter<0>              2     10    FB7_6   STD  RESET
rowcnt<0>                    2     2     FB7_7   STD  RESET
sync_counter<7>              3     10    FB7_8   STD  RESET
sync_counter<6>              3     10    FB7_9   STD  RESET
sync_counter<3>              3     10    FB7_10  STD  RESET
sync_counter<2>              3     10    FB7_11  STD  RESET
sync_counter<1>              3     10    FB7_12  STD  RESET
rowcnt<2>                    3     4     FB7_13  STD  RESET
rowcnt<1>                    3     3     FB7_14  STD  RESET
ram_data_latch<6>            3     3     FB7_15  STD  RESET
ram_data_latch<5>            3     3     FB7_16  STD  RESET
ram_data_latch<4>            3     3     FB7_17  STD  RESET
hsync                        4     11    FB7_18  STD  RESET
block_7_4                    5     17    FB8_1   STD  RESET
block_7_3                    5     17    FB8_2   STD  RESET
block_6_4                    5     17    FB8_3   STD  RESET
block_6_3                    5     17    FB8_4   STD  RESET
block_5_4                    5     17    FB8_5   STD  RESET
block_5_3                    5     17    FB8_6   STD  RESET
block_4_4                    5     17    FB8_7   STD  RESET
block_4_3                    5     17    FB8_8   STD  RESET
block_4_0                    5     17    FB8_9   STD  RESET
block_3_4                    5     17    FB8_10  STD  RESET
block_3_3                    5     17    FB8_11  STD  RESET
block_2_4                    5     17    FB8_12  STD  RESET
block_2_3                    5     17    FB8_13  STD  RESET
block_1_4                    5     17    FB8_14  STD  RESET
block_1_3                    5     17    FB8_16  STD  RESET
block_0_4                    5     17    FB8_17  STD  RESET
block_0_3                    5     17    FB8_18  STD  RESET

** 30 Inputs **

Signal                       Loc     Pin  Pin     Pin     
Name                                 No.  Type    Use     
nCLOCK                       FB1_17  22   GCK/I/O GCK
A0                           FB3_5   24   I/O     I
A1                           FB3_9   28   I/O     I
A2                           FB3_12  30   I/O     I
A3                           FB3_15  33   I/O     I
A6                           FB3_17  34   I/O     I
A15                          FB5_2   35   I/O     I
A14                          FB5_6   37   I/O     I
A13                          FB5_9   40   I/O     I
nMREQ                        FB5_11  41   I/O     I
A12                          FB5_12  42   I/O     I
nIORQ                        FB5_14  43   I/O     I
A11                          FB5_15  46   I/O     I
nRD                          FB5_17  49   I/O     I
EN_M1_NOT                    FB6_5   76   I/O     I
SEL_128CHARS                 FB6_8   78   I/O     I
ROM_WR_EN                    FB6_9   79   I/O     I
FULL_PAGING                  FB6_11  80   I/O     I
nRST_DATA_REG                FB6_12  81   I/O     I
nRST_CTRL_REG                FB6_14  82   I/O     I
A10                          FB7_2   50   I/O     I
nWR                          FB7_5   52   I/O     I
A9                           FB7_6   53   I/O     I
A8                           FB7_9   55   I/O     I
A7                           FB7_12  58   I/O     I
A5                           FB7_15  60   I/O     I
nM1                          FB7_17  61   I/O     I
A4                           FB8_2   63   I/O     I
nRFSH                        FB8_5   64   I/O     I
nRESET                       FB8_14  71   I/O     I

Legend:
Pin No. - ~ - User Assigned
**************************  Function Block Details  ************************
Legend:
Total Pt     - Total product terms used by the macrocell signal
Imp Pt       - Product terms imported from other macrocells
Exp Pt       - Product terms exported to other macrocells
               in direction shown
Unused Pt    - Unused local product terms remaining in macrocell
Loc          - Location where logic was mapped in device
Pin Type/Use - I  - Input             GCK - Global Clock
               O  - Output            GTS - Global Output Enable
              (b) - Buried macrocell  GSR - Global Set/Reset
X            - Signal used as input to the macrocell logic.
Pin No.      - ~  - User Assigned
*********************************** FB1  ***********************************
Number of function block inputs used/remaining:               45/9
Number of signals used by logic mapping into function block:  45
Signal              Total   Imp   Exp Unused  Loc     Pin   Pin     Pin
Name                Pt      Pt    Pt  Pt               #    Type    Use
(unused)              0       0   \/3   2     FB1_1         (b)     (b)
A14x                  9       4<-   0   0     FB1_2   11    I/O     O
nMEM_OE               2       0   /\1   2     FB1_3   12    I/O     O
(unused)              0       0     0   5     FB1_4         (b)     
nWRx                  4       0     0   1     FB1_5   13    I/O     O
nOE_ROMCS             2       0     0   3     FB1_6   14    I/O     O
(unused)              0       0     0   5     FB1_7         (b)     
nOE_IL                1       0     0   4     FB1_8   15    I/O     O
D7                    1       0     0   4     FB1_9   16    I/O     I/O
(unused)              0       0     0   5     FB1_10        (b)     
nOE_RAMCS             0       0   \/2   3     FB1_11  17    I/O     O
D0                    9       4<-   0   0     FB1_12  18    I/O     I/O
(unused)              0       0   /\2   3     FB1_13        (b)     (b)
D1                    9       4<-   0   0     FB1_14  19    I/O     I/O
D2                    9       8<- /\4   0     FB1_15  20    I/O     I/O
(unused)              0       0   /\5   0     FB1_16        (b)     (b)
(unused)              0       0   /\3   2     FB1_17  22    GCK/I/O GCK
(unused)              0       0     0   5     FB1_18        (b)     

Signals Used by Logic in Function Block
  1: A0                16: block_0_0         31: block_5_0 
  2: A10               17: block_0_1         32: block_5_1 
  3: A13               18: block_0_2         33: block_5_2 
  4: A14               19: block_1_0         34: block_6_0 
  5: A15               20: block_1_1         35: block_6_1 
  6: A1                21: block_1_2         36: block_6_2 
  7: A2                22: block_2_0         37: block_7_0 
  8: A3                23: block_2_1         38: block_7_1 
  9: A4                24: block_2_2         39: block_7_2 
 10: A5                25: block_3_0         40: nIORQ 
 11: A6                26: block_3_1         41: nMREQ 
 12: A7                27: block_3_2         42: nRD 
 13: A8                28: block_4_0         43: nRESET 
 14: A9                29: block_4_1         44: nRFSH 
 15: ROM_WR_EN         30: block_4_2         45: nWR 

Signal                        1         2         3         4         5 FB
Name                0----+----0----+----0----+----0----+----0----+----0 Inputs
A14x                 ..XXX...........X..X..X..X..X..X..X..X....X....... 12
nMEM_OE              .........................................XXX...... 3
nWRx                 ..XXX.........X.........................X.X.X..... 7
nOE_ROMCS            ........................................X.XX...... 3
nOE_IL               .....XXXXXXX...........................X.X........ 9
D7                   X....XXXXXXX...........................X.X........ 10
nOE_RAMCS            .................................................. 0
D0                   XX...XXXXXXXXX.X..X..X..X..X..X..X..X..X.X........ 21
D1                   XX...XXXXXXXXX..X..X..X..X..X..X..X..X.X.X........ 21
D2                   XX...XXXXXXXXX...X..X..X..X..X..X..X..XX.X........ 21
                    0----+----1----+----2----+----3----+----4----+----5
                              0         0         0         0         0
*********************************** FB2  ***********************************
Number of function block inputs used/remaining:               53/1
Number of signals used by logic mapping into function block:  53
Signal              Total   Imp   Exp Unused  Loc     Pin   Pin     Pin
Name                Pt      Pt    Pt  Pt               #    Type    Use
(unused)              0       0   \/2   3     FB2_1         (b)     (b)
A13x                  9       4<-   0   0     FB2_2   99    GSR/I/O O
(unused)              0       0   /\2   3     FB2_3         (b)     (b)
(unused)              0       0     0   5     FB2_4         (b)     
A12x                  2       0   \/1   2     FB2_5   1     GTS/I/O O
A0x                   7       2<-   0   0     FB2_6   2     GTS/I/O O
(unused)              0       0   /\1   4     FB2_7         (b)     (b)
A10x                  2       0     0   3     FB2_8   3     GTS/I/O O
A11x                  2       0     0   3     FB2_9   4     GTS/I/O O
(unused)              0       0   \/4   1     FB2_10        (b)     (b)
A15x                  9       4<-   0   0     FB2_11  6     I/O     O
A16x                  9       4<-   0   0     FB2_12  7     I/O     O
(unused)              0       0   /\4   1     FB2_13        (b)     (b)
A17x                  9       4<-   0   0     FB2_14  8     I/O     O
A18x                  2       1<- /\4   0     FB2_15  9     I/O     O
(unused)              0       0   /\1   4     FB2_16        (b)     (b)
nOE_CTRL_CLOCK        1       0     0   4     FB2_17  10    I/O     O
(unused)              0       0     0   5     FB2_18        (b)     

Signals Used by Logic in Function Block
  1: A0                19: block_0_3         37: block_5_0 
  2: A10               20: block_0_4         38: block_5_2 
  3: A11               21: block_1_0         39: block_5_3 
  4: A12               22: block_1_2         40: block_5_4 
  5: A13               23: block_1_3         41: block_6_0 
  6: A14               24: block_1_4         42: block_6_2 
  7: A15               25: block_2_0         43: block_6_3 
  8: A18x_BUFR         26: block_2_2         44: block_6_4 
  9: A1                27: block_2_3         45: block_7_0 
 10: A2                28: block_2_4         46: block_7_2 
 11: A3                29: block_3_0         47: block_7_3 
 12: A4                30: block_3_2         48: block_7_4 
 13: A5                31: block_3_3         49: nIORQ 
 14: A6                32: block_3_4         50: nRD 
 15: A7                33: block_4_0         51: nRESET 
 16: SEL_128CHARS      34: block_4_2         52: nRFSH 
 17: block_0_0         35: block_4_3         53: rowcnt<0> 
 18: block_0_2         36: block_4_4        

Signal                        1         2         3         4         5         6 FB
Name                0----+----0----+----0----+----0----+----0----+----0----+----0 Inputs
A13x                 ....XXX.........X...X...X...X...X...X...X...X.....X......... 12
A12x                 ...X..............................................X......... 2
A0x                  X...XXX........X..................................XXX....... 8
A10x                 .X................................................X......... 2
A11x                 ..X...............................................X......... 2
A15x                 ....XXX..........X...X...X...X...X...X...X...X....X......... 12
A16x                 ....XXX...........X...X...X...X...X...X...X...X...X......... 12
A17x                 ....XXX............X...X...X...X...X...X...X...X..X......... 12
A18x                 .......X..........................................X......... 2
nOE_CTRL_CLOCK       ........XXXXXXX.................................XX.......... 9
                    0----+----1----+----2----+----3----+----4----+----5----+----6
                              0         0         0         0         0         0
*********************************** FB3  ***********************************
Number of function block inputs used/remaining:               37/17
Number of signals used by logic mapping into function block:  37
Signal              Total   Imp   Exp Unused  Loc     Pin   Pin     Pin
Name                Pt      Pt    Pt  Pt               #    Type    Use
(unused)              0       0     0   5     FB3_1         (b)     
D6                    1       0     0   4     FB3_2   23    GCK/I/O I/O
(unused)              0       0     0   5     FB3_3         (b)     
(unused)              0       0     0   5     FB3_4         (b)     
(unused)              0       0   \/2   3     FB3_5   24    I/O     I
D5                    9       4<-   0   0     FB3_6   25    I/O     I/O
(unused)              0       0   /\2   3     FB3_7         (b)     (b)
(unused)              0       0     0   5     FB3_8   27    GCK/I/O 
(unused)              0       0     0   5     FB3_9   28    I/O     I
(unused)              0       0   \/2   3     FB3_10        (b)     (b)
D3                    9       4<-   0   0     FB3_11  29    I/O     I/O
(unused)              0       0   /\2   3     FB3_12  30    I/O     I
(unused)              0       0   \/2   3     FB3_13        (b)     (b)
D4                    9       4<-   0   0     FB3_14  32    I/O     I/O
(unused)              0       0   /\2   3     FB3_15  33    I/O     I
(unused)              0       0     0   5     FB3_16        (b)     
(unused)              0       0     0   5     FB3_17  34    I/O     I
(unused)              0       0     0   5     FB3_18        (b)     

Signals Used by Logic in Function Block
  1: A0                14: block_0_5         26: block_4_5 
  2: A10               15: block_1_3         27: block_5_3 
  3: A1                16: block_1_4         28: block_5_4 
  4: A2                17: block_1_5         29: block_5_5 
  5: A3                18: block_2_3         30: block_6_3 
  6: A4                19: block_2_4         31: block_6_4 
  7: A5                20: block_2_5         32: block_6_5 
  8: A6                21: block_3_3         33: block_7_3 
  9: A7                22: block_3_4         34: block_7_4 
 10: A8                23: block_3_5         35: block_7_5 
 11: A9                24: block_4_3         36: nIORQ 
 12: block_0_3         25: block_4_4         37: nRD 
 13: block_0_4        

Signal                        1         2         3         4 FB
Name                0----+----0----+----0----+----0----+----0 Inputs
D6                   X.XXXXXXX..........................XX... 10
D5                   XXXXXXXXXXX..X..X..X..X..X..X..X..XXX... 21
D3                   XXXXXXXXXXXX..X..X..X..X..X..X..X..XX... 21
D4                   XXXXXXXXXXX.X..X..X..X..X..X..X..X.XX... 21
                    0----+----1----+----2----+----3----+----4
                              0         0         0         0
*********************************** FB4  ***********************************
Number of function block inputs used/remaining:               33/21
Number of signals used by logic mapping into function block:  33
Signal              Total   Imp   Exp Unused  Loc     Pin   Pin     Pin
Name                Pt      Pt    Pt  Pt               #    Type    Use
block_2_0             5       2<- \/2   0     FB4_1         (b)     (b)
A1x                   7       2<-   0   0     FB4_2   87    I/O     O
block_1_0             5       0     0   0     FB4_3         (b)     (b)
(unused)              0       0   \/4   1     FB4_4         (b)     (b)
A2x                   7       4<- \/2   0     FB4_5   89    I/O     O
A3x                   7       2<-   0   0     FB4_6   90    I/O     O
(unused)              0       0   \/4   1     FB4_7         (b)     (b)
A4x                   7       4<- \/2   0     FB4_8   91    I/O     O
A5x                   7       2<-   0   0     FB4_9   92    I/O     O
(unused)              0       0   \/4   1     FB4_10        (b)     (b)
A6x                   7       4<- \/2   0     FB4_11  93    I/O     O
A7x                   7       2<-   0   0     FB4_12  94    I/O     O
block_0_0             5       0     0   0     FB4_13        (b)     (b)
A8x                   7       2<-   0   0     FB4_14  95    I/O     O
A9x                   7       4<- /\2   0     FB4_15  96    I/O     O
(unused)              0       0   /\4   1     FB4_16        (b)     (b)
nMEM_CE               2       0   \/2   1     FB4_17  97    I/O     O
block_3_0             5       2<- \/2   0     FB4_18        (b)     (b)

Signals Used by Logic in Function Block
  1: A0                12: A8                23: nRFSH 
  2: A13               13: A9                24: nWR 
  3: A14               14: FULL_PAGING       25: ram_data_latch<0> 
  4: A15               15: D0.PIN            26: ram_data_latch<1> 
  5: A1                16: D1.PIN            27: ram_data_latch<2> 
  6: A2                17: D2.PIN            28: ram_data_latch<3> 
  7: A3                18: D3.PIN            29: ram_data_latch<4> 
  8: A4                19: SEL_128CHARS      30: ram_data_latch<5> 
  9: A5                20: nIORQ             31: ram_data_latch<6> 
 10: A6                21: nMREQ             32: rowcnt<1> 
 11: A7                22: nRESET            33: rowcnt<2> 

Signal                        1         2         3         4 FB
Name                0----+----0----+----0----+----0----+----0 Inputs
block_2_0            X...XXXXXXXX.XXXXX.X.X.X................ 17
A1x                  .XXXX.............X..XX........X........ 8
block_1_0            X...XXXXXXXX.XXXXX.X.X.X................ 17
A2x                  .XXX.X............X..XX.........X....... 8
A3x                  .XXX..X...........X..XX.X............... 8
A4x                  .XXX...X..........X..XX..X.............. 8
A5x                  .XXX....X.........X..XX...X............. 8
A6x                  .XXX.....X........X..XX....X............ 8
A7x                  .XXX......X.......X..XX.....X........... 8
block_0_0            X...XXXXXXXX.XXXXX.X.X.X................ 17
A8x                  .XXX.......X......X..XX......X.......... 8
A9x                  .XXX........X.....X..XX.......X......... 8
nMEM_CE              ....................XXX................. 3
block_3_0            X...XXXXXXXX.XXXXX.X.X.X................ 17
                    0----+----1----+----2----+----3----+----4
                              0         0         0         0
*********************************** FB5  ***********************************
Number of function block inputs used/remaining:               33/21
Number of signals used by logic mapping into function block:  33
Signal              Total   Imp   Exp Unused  Loc     Pin   Pin     Pin
Name                Pt      Pt    Pt  Pt               #    Type    Use
ram_data_latch<3>     3       0   /\1   1     FB5_1         (b)     (b)
block_5_0             5       0     0   0     FB5_2   35    I/O     I
block_6_0             5       0     0   0     FB5_3         (b)     (b)
block_7_0             5       0     0   0     FB5_4         (b)     (b)
vs                    5       0     0   0     FB5_5   36    I/O     (b)
block_0_5             4       0     0   1     FB5_6   37    I/O     I
block_1_5             4       0     0   1     FB5_7         (b)     (b)
nHALT                 1       0     0   4     FB5_8   39    I/O     O
block_2_5             4       0     0   1     FB5_9   40    I/O     I
block_3_5             4       0     0   1     FB5_10        (b)     (b)
block_4_5             4       0     0   1     FB5_11  41    I/O     I
block_5_5             4       0     0   1     FB5_12  42    I/O     I
block_6_5             4       0     0   1     FB5_13        (b)     (b)
block_7_5             4       0     0   1     FB5_14  43    I/O     I
ram_data_latch<0>     3       0     0   2     FB5_15  46    I/O     I
ram_data_latch<1>     3       0     0   2     FB5_16        (b)     (b)
ram_data_latch<2>     3       0   \/2   0     FB5_17  49    I/O     I
A18x_BUFR             8       3<-   0   0     FB5_18        (b)     (b)

Signals Used by Logic in Function Block
  1: A0                12: A8                23: block_4_5 
  2: A13               13: EN_M1_NOT         24: block_5_5 
  3: A14               14: FULL_PAGING       25: block_6_5 
  4: A15               15: D0.PIN            26: block_7_5 
  5: A1                16: D1.PIN            27: nIORQ 
  6: A2                17: D2.PIN            28: nM1 
  7: A3                18: D3.PIN            29: nMREQ 
  8: A4                19: block_0_5         30: nRD 
  9: A5                20: block_1_5         31: nRESET 
 10: A6                21: block_2_5         32: nWR 
 11: A7                22: block_3_5         33: vs 

Signal                        1         2         3         4 FB
Name                0----+----0----+----0----+----0----+----0 Inputs
ram_data_latch<3>    .................X...........XX......... 3
block_5_0            X...XXXXXXXX.XXXXX........X...XX........ 17
block_6_0            X...XXXXXXXX.XXXXX........X...XX........ 17
block_7_0            X...XXXXXXXX.XXXXX........X...XX........ 17
vs                   X...X.....................X..X.XX....... 6
block_0_5            XX..XXXXXXX..XXXX.........X...XX........ 16
block_1_5            XX..XXXXXXX..XXXX.........X...XX........ 16
nHALT                ..XX........X..............XXX.......... 6
block_2_5            XX..XXXXXXX..XXXX.........X...XX........ 16
block_3_5            XX..XXXXXXX..XXXX.........X...XX........ 16
block_4_5            XX..XXXXXXX..XXXX.........X...XX........ 16
block_5_5            XX..XXXXXXX..XXXX.........X...XX........ 16
block_6_5            XX..XXXXXXX..XXXX.........X...XX........ 16
block_7_5            XX..XXXXXXX..XXXX.........X...XX........ 16
ram_data_latch<0>    ..............X..............XX......... 3
ram_data_latch<1>    ...............X.............XX......... 3
ram_data_latch<2>    ................X............XX......... 3
A18x_BUFR            .XXX..............XXXXXXXX.............. 11
                    0----+----1----+----2----+----3----+----4
                              0         0         0         0
*********************************** FB6  ***********************************
Number of function block inputs used/remaining:               22/32
Number of signals used by logic mapping into function block:  22
Signal              Total   Imp   Exp Unused  Loc     Pin   Pin     Pin
Name                Pt      Pt    Pt  Pt               #    Type    Use
block_7_2             5       0     0   0     FB6_1         (b)     (b)
block_7_1             5       0     0   0     FB6_2   74    I/O     (b)
block_6_2             5       0     0   0     FB6_3         (b)     (b)
block_6_1             5       0     0   0     FB6_4         (b)     (b)
block_5_2             5       0     0   0     FB6_5   76    I/O     I
block_5_1             5       0     0   0     FB6_6   77    I/O     (b)
block_4_2             5       0     0   0     FB6_7         (b)     (b)
block_4_1             5       0     0   0     FB6_8   78    I/O     I
block_3_2             5       0     0   0     FB6_9   79    I/O     I
block_3_1             5       0     0   0     FB6_10        (b)     (b)
block_2_2             5       0     0   0     FB6_11  80    I/O     I
block_2_1             5       0     0   0     FB6_12  81    I/O     I
block_1_2             5       0     0   0     FB6_13        (b)     (b)
block_1_1             5       0     0   0     FB6_14  82    I/O     I
GET_DATA_REG          2       0     0   3     FB6_15  85    I/O     O
block_0_2             5       0     0   0     FB6_16        (b)     (b)
GET_CTRL_REG          2       0     0   3     FB6_17  86    I/O     O
block_0_1             5       0     0   0     FB6_18        (b)     (b)

Signals Used by Logic in Function Block
  1: $OpTx$$OpTx$FX_DC$15_INV$33   9: A6                16: D4.PIN 
  2: A0                           10: A7                17: D5.PIN 
  3: A10                          11: A9                18: nIORQ 
  4: A1                           12: FULL_PAGING       19: nRESET 
  5: A2                           13: D0.PIN            20: nRST_CTRL_REG 
  6: A3                           14: D1.PIN            21: nRST_DATA_REG 
  7: A4                           15: D2.PIN            22: nWR 
  8: A5                          

Signal                        1         2         3         4 FB
Name                0----+----0----+----0----+----0----+----0 Inputs
block_7_2            .XXXXXXXXX.XXXX.XXX..X.................. 17
block_7_1            .X.XXXXXXXXXXXXX.XX..X.................. 17
block_6_2            .XXXXXXXXX.XXXX.XXX..X.................. 17
block_6_1            .X.XXXXXXXXXXXXX.XX..X.................. 17
block_5_2            .XXXXXXXXX.XXXX.XXX..X.................. 17
block_5_1            .X.XXXXXXXXXXXXX.XX..X.................. 17
block_4_2            .XXXXXXXXX.XXXX.XXX..X.................. 17
block_4_1            .X.XXXXXXXXXXXXX.XX..X.................. 17
block_3_2            .XXXXXXXXX.XXXX.XXX..X.................. 17
block_3_1            .X.XXXXXXXXXXXXX.XX..X.................. 17
block_2_2            .XXXXXXXXX.XXXX.XXX..X.................. 17
block_2_1            .X.XXXXXXXXXXXXX.XX..X.................. 17
block_1_2            .XXXXXXXXX.XXXX.XXX..X.................. 17
block_1_1            .X.XXXXXXXXXXXXX.XX..X.................. 17
GET_DATA_REG         X..XXXXXXX.......X..X................... 10
block_0_2            .XXXXXXXXX.XXXX.XXX..X.................. 17
GET_CTRL_REG         ...XXXXXXX.......X.X.X.................. 10
block_0_1            .X.XXXXXXXXXXXXX.XX..X.................. 17
                    0----+----1----+----2----+----3----+----4
                              0         0         0         0
*********************************** FB7  ***********************************
Number of function block inputs used/remaining:               20/34
Number of signals used by logic mapping into function block:  20
Signal              Total   Imp   Exp Unused  Loc     Pin   Pin     Pin
Name                Pt      Pt    Pt  Pt               #    Type    Use
(unused)              0       0     0   5     FB7_1         (b)     
(unused)              0       0     0   5     FB7_2   50    I/O     I
$OpTx$$OpTx$FX_DC$15_INV$33
                      1       0     0   4     FB7_3         (b)     (b)
sync_counter<5>       2       0     0   3     FB7_4         (b)     (b)
sync_counter<4>       2       0     0   3     FB7_5   52    I/O     I
sync_counter<0>       2       0     0   3     FB7_6   53    I/O     I
rowcnt<0>             2       0     0   3     FB7_7         (b)     (b)
sync_counter<7>       3       0     0   2     FB7_8   54    I/O     (b)
sync_counter<6>       3       0     0   2     FB7_9   55    I/O     I
sync_counter<3>       3       0     0   2     FB7_10        (b)     (b)
sync_counter<2>       3       0     0   2     FB7_11  56    I/O     (b)
sync_counter<1>       3       0     0   2     FB7_12  58    I/O     I
rowcnt<2>             3       0     0   2     FB7_13        (b)     (b)
rowcnt<1>             3       0     0   2     FB7_14  59    I/O     (b)
ram_data_latch<6>     3       0     0   2     FB7_15  60    I/O     I
ram_data_latch<5>     3       0     0   2     FB7_16        (b)     (b)
ram_data_latch<4>     3       0     0   2     FB7_17  61    I/O     I
hsync                 4       0     0   1     FB7_18        (b)     (b)

Signals Used by Logic in Function Block
  1: D4.PIN             8: nRESET            15: sync_counter<3> 
  2: D5.PIN             9: nWR               16: sync_counter<4> 
  3: D7.PIN            10: rowcnt<0>         17: sync_counter<5> 
  4: hsync             11: rowcnt<1>         18: sync_counter<6> 
  5: nIORQ             12: sync_counter<0>   19: sync_counter<7> 
  6: nM1               13: sync_counter<1>   20: vs 
  7: nRD               14: sync_counter<2>  

Signal                        1         2         3         4 FB
Name                0----+----0----+----0----+----0----+----0 Inputs
$OpTx$$OpTx$FX_DC$15_INV$33 
                     ......X.X............................... 2
sync_counter<5>      ....XX.....XXXXX........................ 7
sync_counter<4>      ....XX.....XXXX......................... 6
sync_counter<0>      ....XX.....XXXXXXXX..................... 10
rowcnt<0>            ...X...............X.................... 2
sync_counter<7>      ....XX.....XXXXXXXX..................... 10
sync_counter<6>      ....XX.....XXXXXXXX..................... 10
sync_counter<3>      ....XX.....XXXXXXXX..................... 10
sync_counter<2>      ....XX.....XXXXXXXX..................... 10
sync_counter<1>      ....XX.....XXXXXXXX..................... 10
rowcnt<2>            ...X.....XX........X.................... 4
rowcnt<1>            ...X.....X.........X.................... 3
ram_data_latch<6>    ..X...XX................................ 3
ram_data_latch<5>    .X....XX................................ 3
ram_data_latch<4>    X.....XX................................ 3
hsync                ...XXX.....XXXXXXXX..................... 11
                    0----+----1----+----2----+----3----+----4
                              0         0         0         0
*********************************** FB8  ***********************************
Number of function block inputs used/remaining:               21/33
Number of signals used by logic mapping into function block:  21
Signal              Total   Imp   Exp Unused  Loc     Pin   Pin     Pin
Name                Pt      Pt    Pt  Pt               #    Type    Use
block_7_4             5       0     0   0     FB8_1         (b)     (b)
block_7_3             5       0     0   0     FB8_2   63    I/O     I
block_6_4             5       0     0   0     FB8_3         (b)     (b)
block_6_3             5       0     0   0     FB8_4         (b)     (b)
block_5_4             5       0     0   0     FB8_5   64    I/O     I
block_5_3             5       0     0   0     FB8_6   65    I/O     (b)
block_4_4             5       0     0   0     FB8_7         (b)     (b)
block_4_3             5       0     0   0     FB8_8   66    I/O     (b)
block_4_0             5       0     0   0     FB8_9   67    I/O     (b)
block_3_4             5       0     0   0     FB8_10        (b)     (b)
block_3_3             5       0     0   0     FB8_11  68    I/O     (b)
block_2_4             5       0     0   0     FB8_12  70    I/O     (b)
block_2_3             5       0     0   0     FB8_13        (b)     (b)
block_1_4             5       0     0   0     FB8_14  71    I/O     I
LE_OL                 1       0     0   4     FB8_15  72    I/O     O
block_1_3             5       0     0   0     FB8_16        (b)     (b)
block_0_4             5       0     0   0     FB8_17  73    I/O     (b)
block_0_3             5       0     0   0     FB8_18        (b)     (b)

Signals Used by Logic in Function Block
  1: A0                 8: A5                15: D2.PIN 
  2: A11                9: A6                16: D3.PIN 
  3: A12               10: A7                17: D6.PIN 
  4: A1                11: A8                18: D7.PIN 
  5: A2                12: FULL_PAGING       19: nIORQ 
  6: A3                13: D0.PIN            20: nRESET 
  7: A4                14: D1.PIN            21: nWR 

Signal                        1         2         3         4 FB
Name                0----+----0----+----0----+----0----+----0 Inputs
block_7_4            X.XXXXXXXX.XXXX..XXXX................... 17
block_7_3            XX.XXXXXXX.XXXX.X.XXX................... 17
block_6_4            X.XXXXXXXX.XXXX..XXXX................... 17
block_6_3            XX.XXXXXXX.XXXX.X.XXX................... 17
block_5_4            X.XXXXXXXX.XXXX..XXXX................... 17
block_5_3            XX.XXXXXXX.XXXX.X.XXX................... 17
block_4_4            X.XXXXXXXX.XXXX..XXXX................... 17
block_4_3            XX.XXXXXXX.XXXX.X.XXX................... 17
block_4_0            X..XXXXXXXXXXXXX..XXX................... 17
block_3_4            X.XXXXXXXX.XXXX..XXXX................... 17
block_3_3            XX.XXXXXXX.XXXX.X.XXX................... 17
block_2_4            X.XXXXXXXX.XXXX..XXXX................... 17
block_2_3            XX.XXXXXXX.XXXX.X.XXX................... 17
block_1_4            X.XXXXXXXX.XXXX..XXXX................... 17
LE_OL                ...XXXXXXX........X.X................... 9
block_1_3            XX.XXXXXXX.XXXX.X.XXX................... 17
block_0_4            X.XXXXXXXX.XXXX..XXXX................... 17
block_0_3            XX.XXXXXXX.XXXX.X.XXX................... 17
                    0----+----1----+----2----+----3----+----4
                              0         0         0         0
*******************************  Equations  ********************************

********** Mapped Logic **********


$OpTx$$OpTx$FX_DC$15_INV$33 <= (nRD AND nWR);


A0x_I <= ((A13 AND A0 AND NOT SEL_128CHARS)
	OR (NOT nRFSH AND NOT A15 AND NOT A14 AND NOT A13 AND rowcnt(0))
	OR (nRFSH AND A0)
	OR (NOT nRFSH AND rowcnt(0) AND SEL_128CHARS)
	OR (A15 AND A0 AND NOT SEL_128CHARS)
	OR (A14 AND A0 AND NOT SEL_128CHARS));
A0x <= A0x_I when A0x_OE = '1' else 'Z';
A0x_OE <= nRESET;


A10x_I <= A10;
A10x <= A10x_I when A10x_OE = '1' else 'Z';
A10x_OE <= nRESET;


A11x_I <= A11;
A11x <= A11x_I when A11x_OE = '1' else 'Z';
A11x_OE <= nRESET;


A12x_I <= A12;
A12x <= A12x_I when A12x_OE = '1' else 'Z';
A12x_OE <= nRESET;


A13x_I <= ((A15 AND NOT A14 AND NOT A13 AND block_4_0)
	OR (NOT A15 AND NOT A14 AND NOT A13 AND block_0_0)
	OR (A15 AND A14 AND NOT A13 AND block_6_0)
	OR (NOT A15 AND A14 AND NOT A13 AND block_2_0)
	OR (A15 AND A14 AND A13 AND block_7_0)
	OR (A15 AND NOT A14 AND A13 AND block_5_0)
	OR (NOT A15 AND A14 AND A13 AND block_3_0)
	OR (NOT A15 AND NOT A14 AND A13 AND block_1_0));
A13x <= A13x_I when A13x_OE = '1' else 'Z';
A13x_OE <= nRESET;


A14x_I <= ((A15 AND NOT A14 AND A13 AND block_5_1)
	OR (NOT A15 AND A14 AND A13 AND block_3_1)
	OR (NOT A15 AND NOT A14 AND A13 AND block_1_1)
	OR (A15 AND A14 AND A13 AND block_7_1)
	OR (A15 AND A14 AND NOT A13 AND block_6_1)
	OR (A15 AND NOT A14 AND NOT A13 AND block_4_1)
	OR (NOT A15 AND A14 AND NOT A13 AND block_2_1)
	OR (NOT A15 AND NOT A14 AND NOT A13 AND block_0_1));
A14x <= A14x_I when A14x_OE = '1' else 'Z';
A14x_OE <= nRESET;


A15x_I <= ((A15 AND A14 AND NOT A13 AND block_6_2)
	OR (A15 AND NOT A14 AND NOT A13 AND block_4_2)
	OR (NOT A15 AND A14 AND NOT A13 AND block_2_2)
	OR (NOT A15 AND NOT A14 AND NOT A13 AND block_0_2)
	OR (A15 AND A14 AND A13 AND block_7_2)
	OR (A15 AND NOT A14 AND A13 AND block_5_2)
	OR (NOT A15 AND A14 AND A13 AND block_3_2)
	OR (NOT A15 AND NOT A14 AND A13 AND block_1_2));
A15x <= A15x_I when A15x_OE = '1' else 'Z';
A15x_OE <= nRESET;


A16x_I <= ((A15 AND A14 AND A13 AND block_7_3)
	OR (A15 AND NOT A14 AND A13 AND block_5_3)
	OR (NOT A15 AND A14 AND A13 AND block_3_3)
	OR (NOT A15 AND NOT A14 AND A13 AND block_1_3)
	OR (A15 AND A14 AND NOT A13 AND block_6_3)
	OR (A15 AND NOT A14 AND NOT A13 AND block_4_3)
	OR (NOT A15 AND A14 AND NOT A13 AND block_2_3)
	OR (NOT A15 AND NOT A14 AND NOT A13 AND block_0_3));
A16x <= A16x_I when A16x_OE = '1' else 'Z';
A16x_OE <= nRESET;


A17x_I <= ((A15 AND A14 AND A13 AND block_7_4)
	OR (A15 AND NOT A14 AND A13 AND block_5_4)
	OR (NOT A15 AND A14 AND A13 AND block_3_4)
	OR (NOT A15 AND NOT A14 AND A13 AND block_1_4)
	OR (A15 AND A14 AND NOT A13 AND block_6_4)
	OR (A15 AND NOT A14 AND NOT A13 AND block_4_4)
	OR (NOT A15 AND A14 AND NOT A13 AND block_2_4)
	OR (NOT A15 AND NOT A14 AND NOT A13 AND block_0_4));
A17x <= A17x_I when A17x_OE = '1' else 'Z';
A17x_OE <= nRESET;


A18x_I <= A18x_BUFR;
A18x <= A18x_I when A18x_OE = '1' else 'Z';
A18x_OE <= nRESET;


A18x_BUFR <= ((A15 AND NOT A14 AND A13 AND block_5_5)
	OR (A15 AND A14 AND A13 AND block_7_5)
	OR (NOT A15 AND NOT A14 AND A13 AND block_1_5)
	OR (A15 AND A14 AND NOT A13 AND block_6_5)
	OR (A15 AND NOT A14 AND NOT A13 AND block_4_5)
	OR (NOT A15 AND A14 AND A13 AND block_3_5)
	OR (NOT A15 AND A14 AND NOT A13 AND block_2_5)
	OR (NOT A15 AND NOT A14 AND NOT A13 AND block_0_5));


A1x_I <= ((A13 AND A1 AND NOT SEL_128CHARS)
	OR (NOT nRFSH AND NOT A15 AND NOT A14 AND NOT A13 AND rowcnt(1))
	OR (nRFSH AND A1)
	OR (NOT nRFSH AND rowcnt(1) AND SEL_128CHARS)
	OR (A15 AND A1 AND NOT SEL_128CHARS)
	OR (A14 AND A1 AND NOT SEL_128CHARS));
A1x <= A1x_I when A1x_OE = '1' else 'Z';
A1x_OE <= nRESET;


A2x_I <= ((A15 AND A2 AND NOT SEL_128CHARS)
	OR (A14 AND A2 AND NOT SEL_128CHARS)
	OR (A13 AND A2 AND NOT SEL_128CHARS)
	OR (NOT nRFSH AND NOT A15 AND NOT A14 AND NOT A13 AND rowcnt(2))
	OR (nRFSH AND A2)
	OR (NOT nRFSH AND rowcnt(2) AND SEL_128CHARS));
A2x <= A2x_I when A2x_OE = '1' else 'Z';
A2x_OE <= nRESET;


A3x_I <= ((A13 AND A3 AND NOT SEL_128CHARS)
	OR (NOT nRFSH AND NOT A15 AND NOT A14 AND NOT A13 AND ram_data_latch(0))
	OR (nRFSH AND A3)
	OR (NOT nRFSH AND ram_data_latch(0) AND SEL_128CHARS)
	OR (A15 AND A3 AND NOT SEL_128CHARS)
	OR (A14 AND A3 AND NOT SEL_128CHARS));
A3x <= A3x_I when A3x_OE = '1' else 'Z';
A3x_OE <= nRESET;


A4x_I <= ((A15 AND A4 AND NOT SEL_128CHARS)
	OR (A14 AND A4 AND NOT SEL_128CHARS)
	OR (A13 AND A4 AND NOT SEL_128CHARS)
	OR (NOT nRFSH AND NOT A15 AND NOT A14 AND NOT A13 AND ram_data_latch(1))
	OR (nRFSH AND A4)
	OR (NOT nRFSH AND ram_data_latch(1) AND SEL_128CHARS));
A4x <= A4x_I when A4x_OE = '1' else 'Z';
A4x_OE <= nRESET;


A5x_I <= ((A13 AND A5 AND NOT SEL_128CHARS)
	OR (NOT nRFSH AND NOT A15 AND NOT A14 AND NOT A13 AND ram_data_latch(2))
	OR (nRFSH AND A5)
	OR (NOT nRFSH AND ram_data_latch(2) AND SEL_128CHARS)
	OR (A15 AND A5 AND NOT SEL_128CHARS)
	OR (A14 AND A5 AND NOT SEL_128CHARS));
A5x <= A5x_I when A5x_OE = '1' else 'Z';
A5x_OE <= nRESET;


A6x_I <= ((A15 AND A6 AND NOT SEL_128CHARS)
	OR (A14 AND A6 AND NOT SEL_128CHARS)
	OR (A13 AND A6 AND NOT SEL_128CHARS)
	OR (NOT nRFSH AND NOT A15 AND NOT A14 AND NOT A13 AND ram_data_latch(3))
	OR (nRFSH AND A6)
	OR (NOT nRFSH AND ram_data_latch(3) AND SEL_128CHARS));
A6x <= A6x_I when A6x_OE = '1' else 'Z';
A6x_OE <= nRESET;


A7x_I <= ((A13 AND A7 AND NOT SEL_128CHARS)
	OR (NOT nRFSH AND NOT A15 AND NOT A14 AND NOT A13 AND ram_data_latch(4))
	OR (nRFSH AND A7)
	OR (NOT nRFSH AND ram_data_latch(4) AND SEL_128CHARS)
	OR (A15 AND A7 AND NOT SEL_128CHARS)
	OR (A14 AND A7 AND NOT SEL_128CHARS));
A7x <= A7x_I when A7x_OE = '1' else 'Z';
A7x_OE <= nRESET;


A8x_I <= ((A13 AND A8 AND NOT SEL_128CHARS)
	OR (NOT nRFSH AND NOT A15 AND NOT A14 AND NOT A13 AND ram_data_latch(5))
	OR (nRFSH AND A8)
	OR (NOT nRFSH AND ram_data_latch(5) AND SEL_128CHARS)
	OR (A15 AND A8 AND NOT SEL_128CHARS)
	OR (A14 AND A8 AND NOT SEL_128CHARS));
A8x <= A8x_I when A8x_OE = '1' else 'Z';
A8x_OE <= nRESET;


A9x_I <= ((NOT SEL_128CHARS AND A9)
	OR (NOT nRFSH AND A15 AND ram_data_latch(6) AND SEL_128CHARS)
	OR (NOT nRFSH AND A14 AND ram_data_latch(6) AND SEL_128CHARS)
	OR (NOT nRFSH AND A13 AND ram_data_latch(6) AND SEL_128CHARS)
	OR (nRFSH AND A9)
	OR (NOT A15 AND NOT A14 AND NOT A13 AND A9));
A9x <= A9x_I when A9x_OE = '1' else 'Z';
A9x_OE <= nRESET;


D0_I <= ((block_0_0 AND NOT A8 AND NOT A10 AND NOT A9)
	OR (block_2_0 AND NOT A8 AND NOT A10 AND A9)
	OR (block_1_0 AND A8 AND NOT A10 AND NOT A9)
	OR (block_3_0 AND A8 AND NOT A10 AND A9)
	OR (block_4_0 AND NOT A8 AND A10 AND NOT A9)
	OR (block_5_0 AND A8 AND A10 AND NOT A9)
	OR (block_6_0 AND NOT A8 AND A10 AND A9)
	OR (block_7_0 AND A8 AND A10 AND A9));
D0 <= D0_I when D0_OE = '1' else 'Z';
D0_OE <= (A7 AND A5 AND NOT A3 AND A2 AND A1 AND NOT nRD AND A6 AND NOT A4 AND 
	A0 AND NOT nIORQ);


D1_I <= ((block_0_1 AND NOT A8 AND NOT A10 AND NOT A9)
	OR (block_1_1 AND A8 AND NOT A10 AND NOT A9)
	OR (block_2_1 AND NOT A8 AND NOT A10 AND A9)
	OR (block_3_1 AND A8 AND NOT A10 AND A9)
	OR (block_4_1 AND NOT A8 AND A10 AND NOT A9)
	OR (block_5_1 AND A8 AND A10 AND NOT A9)
	OR (block_6_1 AND NOT A8 AND A10 AND A9)
	OR (block_7_1 AND A8 AND A10 AND A9));
D1 <= D1_I when D1_OE = '1' else 'Z';
D1_OE <= (A7 AND A5 AND NOT A3 AND A2 AND A1 AND NOT nRD AND A6 AND NOT A4 AND 
	A0 AND NOT nIORQ);


D2_I <= ((EXP14_.EXP)
	OR (block_0_2 AND NOT A8 AND NOT A10 AND NOT A9)
	OR (block_1_2 AND A8 AND NOT A10 AND NOT A9)
	OR (block_2_2 AND NOT A8 AND NOT A10 AND A9)
	OR (block_3_2 AND A8 AND NOT A10 AND A9)
	OR (block_4_2 AND NOT A8 AND A10 AND NOT A9));
D2 <= D2_I when D2_OE = '1' else 'Z';
D2_OE <= (A7 AND A5 AND NOT A3 AND A2 AND A1 AND NOT nRD AND A6 AND NOT A4 AND 
	A0 AND NOT nIORQ);


D3_I <= ((block_4_3 AND NOT A8 AND A10 AND NOT A9)
	OR (block_6_3 AND NOT A8 AND A10 AND A9)
	OR (block_5_3 AND A8 AND A10 AND NOT A9)
	OR (block_7_3 AND A8 AND A10 AND A9)
	OR (block_0_3 AND NOT A8 AND NOT A10 AND NOT A9)
	OR (block_1_3 AND A8 AND NOT A10 AND NOT A9)
	OR (block_2_3 AND NOT A8 AND NOT A10 AND A9)
	OR (block_3_3 AND A8 AND NOT A10 AND A9));
D3 <= D3_I when D3_OE = '1' else 'Z';
D3_OE <= (A7 AND A5 AND NOT A3 AND A2 AND A1 AND NOT nRD AND A6 AND NOT A4 AND 
	A0 AND NOT nIORQ);


D4_I <= ((block_4_4 AND NOT A8 AND A10 AND NOT A9)
	OR (block_6_4 AND NOT A8 AND A10 AND A9)
	OR (block_5_4 AND A8 AND A10 AND NOT A9)
	OR (block_7_4 AND A8 AND A10 AND A9)
	OR (block_0_4 AND NOT A8 AND NOT A10 AND NOT A9)
	OR (block_1_4 AND A8 AND NOT A10 AND NOT A9)
	OR (block_2_4 AND NOT A8 AND NOT A10 AND A9)
	OR (block_3_4 AND A8 AND NOT A10 AND A9));
D4 <= D4_I when D4_OE = '1' else 'Z';
D4_OE <= (A7 AND A5 AND NOT A3 AND A2 AND A1 AND NOT nRD AND A6 AND NOT A4 AND 
	A0 AND NOT nIORQ);


D5_I <= ((block_4_5 AND NOT A8 AND A10 AND NOT A9)
	OR (block_6_5 AND NOT A8 AND A10 AND A9)
	OR (block_5_5 AND A8 AND A10 AND NOT A9)
	OR (block_7_5 AND A8 AND A10 AND A9)
	OR (block_0_5 AND NOT A8 AND NOT A10 AND NOT A9)
	OR (block_1_5 AND A8 AND NOT A10 AND NOT A9)
	OR (block_2_5 AND NOT A8 AND NOT A10 AND A9)
	OR (block_3_5 AND A8 AND NOT A10 AND A9));
D5 <= D5_I when D5_OE = '1' else 'Z';
D5_OE <= (A7 AND A5 AND NOT A3 AND A2 AND A1 AND NOT nRD AND A6 AND NOT A4 AND 
	A0 AND NOT nIORQ);


D6_I <= '0';
D6 <= D6_I when D6_OE = '1' else 'Z';
D6_OE <= (A7 AND A5 AND NOT A3 AND A2 AND A1 AND NOT nRD AND A6 AND NOT A4 AND 
	A0 AND NOT nIORQ);


D7_I <= '0';
D7 <= D7_I when D7_OE = '1' else 'Z';
D7_OE <= (A7 AND A5 AND NOT A3 AND A2 AND A1 AND NOT nRD AND A6 AND NOT A4 AND 
	A0 AND NOT nIORQ);









































FDCPE_GET_CTRL_REG: FDCPE port map (GET_CTRL_REG,'1',GET_CTRL_REG_C,NOT nRST_CTRL_REG,'0');
GET_CTRL_REG_C <= (A7 AND A5 AND A3 AND A2 AND A1 AND NOT A6 AND NOT A4 AND NOT nWR AND 
	NOT nIORQ);

FDCPE_GET_DATA_REG: FDCPE port map (GET_DATA_REG,'1',GET_DATA_REG_C,NOT nRST_DATA_REG,'0');
GET_DATA_REG_C <= (A7 AND A5 AND NOT A3 AND A2 AND A1 AND NOT A6 AND NOT A4 AND NOT nIORQ AND 
	NOT $OpTx$$OpTx$FX_DC$15_INV$33);


LE_OL <= (A7 AND A5 AND NOT A3 AND A2 AND A1 AND NOT A6 AND NOT A4 AND NOT nWR AND 
	NOT nIORQ);

FDCPE_block_0_0: FDCPE port map (block_0_0,block_0_0_D,block_0_0_C,NOT nRESET,'0',block_0_0_CE);
block_0_0_D <= ((FULL_PAGING AND A8)
	OR (NOT FULL_PAGING AND D3.PIN));
block_0_0_C <= (A7 AND A5 AND NOT A3 AND A2 AND A1 AND A6 AND NOT A4 AND NOT nWR AND 
	A0 AND NOT nIORQ);
block_0_0_CE <= (NOT D2.PIN AND NOT D1.PIN AND NOT D0.PIN);

FDCPE_block_0_1: FDCPE port map (block_0_1,block_0_1_D,block_0_1_C,NOT nRESET,'0',block_0_1_CE);
block_0_1_D <= ((FULL_PAGING AND A9)
	OR (NOT FULL_PAGING AND D4.PIN));
block_0_1_C <= (A7 AND A5 AND NOT A3 AND A2 AND A1 AND A6 AND NOT A4 AND NOT nWR AND 
	A0 AND NOT nIORQ);
block_0_1_CE <= (NOT D2.PIN AND NOT D1.PIN AND NOT D0.PIN);

FDCPE_block_0_2: FDCPE port map (block_0_2,block_0_2_D,block_0_2_C,NOT nRESET,'0',block_0_2_CE);
block_0_2_D <= ((FULL_PAGING AND A10)
	OR (NOT FULL_PAGING AND D5.PIN));
block_0_2_C <= (A7 AND A5 AND NOT A3 AND A2 AND A1 AND A6 AND NOT A4 AND NOT nWR AND 
	A0 AND NOT nIORQ);
block_0_2_CE <= (NOT D2.PIN AND NOT D1.PIN AND NOT D0.PIN);

FDCPE_block_0_3: FDCPE port map (block_0_3,block_0_3_D,block_0_3_C,NOT nRESET,'0',block_0_3_CE);
block_0_3_D <= ((FULL_PAGING AND A11)
	OR (NOT FULL_PAGING AND D6.PIN));
block_0_3_C <= (A7 AND A5 AND NOT A3 AND A2 AND A1 AND A6 AND NOT A4 AND NOT nWR AND 
	A0 AND NOT nIORQ);
block_0_3_CE <= (NOT D2.PIN AND NOT D1.PIN AND NOT D0.PIN);

FDCPE_block_0_4: FDCPE port map (block_0_4,block_0_4_D,block_0_4_C,NOT nRESET,'0',block_0_4_CE);
block_0_4_D <= ((FULL_PAGING AND A12)
	OR (NOT FULL_PAGING AND D7.PIN));
block_0_4_C <= (A7 AND A5 AND NOT A3 AND A2 AND A1 AND A6 AND NOT A4 AND NOT nWR AND 
	A0 AND NOT nIORQ);
block_0_4_CE <= (NOT D2.PIN AND NOT D1.PIN AND NOT D0.PIN);

FDCPE_block_0_5: FDCPE port map (block_0_5,block_0_5_D,block_0_5_C,NOT nRESET,'0',block_0_5_CE);
block_0_5_D <= (A13 AND FULL_PAGING);
block_0_5_C <= (A7 AND A5 AND NOT A3 AND A2 AND A1 AND A6 AND NOT A4 AND NOT nWR AND 
	A0 AND NOT nIORQ);
block_0_5_CE <= (NOT D2.PIN AND NOT D1.PIN AND NOT D0.PIN);

FDCPE_block_1_0: FDCPE port map (block_1_0,block_1_0_D,block_1_0_C,'0',NOT nRESET,block_1_0_CE);
block_1_0_D <= ((FULL_PAGING AND A8)
	OR (NOT FULL_PAGING AND D3.PIN));
block_1_0_C <= (A7 AND A5 AND NOT A3 AND A2 AND A1 AND A6 AND NOT A4 AND NOT nWR AND 
	A0 AND NOT nIORQ);
block_1_0_CE <= (NOT D2.PIN AND NOT D1.PIN AND D0.PIN);

FDCPE_block_1_1: FDCPE port map (block_1_1,block_1_1_D,block_1_1_C,NOT nRESET,'0',block_1_1_CE);
block_1_1_D <= ((FULL_PAGING AND A9)
	OR (NOT FULL_PAGING AND D4.PIN));
block_1_1_C <= (A7 AND A5 AND NOT A3 AND A2 AND A1 AND A6 AND NOT A4 AND NOT nWR AND 
	A0 AND NOT nIORQ);
block_1_1_CE <= (NOT D2.PIN AND NOT D1.PIN AND D0.PIN);

FDCPE_block_1_2: FDCPE port map (block_1_2,block_1_2_D,block_1_2_C,NOT nRESET,'0',block_1_2_CE);
block_1_2_D <= ((FULL_PAGING AND A10)
	OR (NOT FULL_PAGING AND D5.PIN));
block_1_2_C <= (A7 AND A5 AND NOT A3 AND A2 AND A1 AND A6 AND NOT A4 AND NOT nWR AND 
	A0 AND NOT nIORQ);
block_1_2_CE <= (NOT D2.PIN AND NOT D1.PIN AND D0.PIN);

FDCPE_block_1_3: FDCPE port map (block_1_3,block_1_3_D,block_1_3_C,NOT nRESET,'0',block_1_3_CE);
block_1_3_D <= ((FULL_PAGING AND A11)
	OR (NOT FULL_PAGING AND D6.PIN));
block_1_3_C <= (A7 AND A5 AND NOT A3 AND A2 AND A1 AND A6 AND NOT A4 AND NOT nWR AND 
	A0 AND NOT nIORQ);
block_1_3_CE <= (NOT D2.PIN AND NOT D1.PIN AND D0.PIN);

FDCPE_block_1_4: FDCPE port map (block_1_4,block_1_4_D,block_1_4_C,NOT nRESET,'0',block_1_4_CE);
block_1_4_D <= ((FULL_PAGING AND A12)
	OR (NOT FULL_PAGING AND D7.PIN));
block_1_4_C <= (A7 AND A5 AND NOT A3 AND A2 AND A1 AND A6 AND NOT A4 AND NOT nWR AND 
	A0 AND NOT nIORQ);
block_1_4_CE <= (NOT D2.PIN AND NOT D1.PIN AND D0.PIN);

FDCPE_block_1_5: FDCPE port map (block_1_5,block_1_5_D,block_1_5_C,NOT nRESET,'0',block_1_5_CE);
block_1_5_D <= (A13 AND FULL_PAGING);
block_1_5_C <= (A7 AND A5 AND NOT A3 AND A2 AND A1 AND A6 AND NOT A4 AND NOT nWR AND 
	A0 AND NOT nIORQ);
block_1_5_CE <= (NOT D2.PIN AND NOT D1.PIN AND D0.PIN);

FDCPE_block_2_0: FDCPE port map (block_2_0,block_2_0_D,block_2_0_C,NOT nRESET,'0',block_2_0_CE);
block_2_0_D <= ((FULL_PAGING AND A8)
	OR (NOT FULL_PAGING AND D3.PIN));
block_2_0_C <= (A7 AND A5 AND NOT A3 AND A2 AND A1 AND A6 AND NOT A4 AND NOT nWR AND 
	A0 AND NOT nIORQ);
block_2_0_CE <= (NOT D2.PIN AND D1.PIN AND NOT D0.PIN);

FDCPE_block_2_1: FDCPE port map (block_2_1,block_2_1_D,block_2_1_C,'0',NOT nRESET,block_2_1_CE);
block_2_1_D <= ((FULL_PAGING AND A9)
	OR (NOT FULL_PAGING AND D4.PIN));
block_2_1_C <= (A7 AND A5 AND NOT A3 AND A2 AND A1 AND A6 AND NOT A4 AND NOT nWR AND 
	A0 AND NOT nIORQ);
block_2_1_CE <= (NOT D2.PIN AND D1.PIN AND NOT D0.PIN);

FDCPE_block_2_2: FDCPE port map (block_2_2,block_2_2_D,block_2_2_C,NOT nRESET,'0',block_2_2_CE);
block_2_2_D <= ((FULL_PAGING AND A10)
	OR (NOT FULL_PAGING AND D5.PIN));
block_2_2_C <= (A7 AND A5 AND NOT A3 AND A2 AND A1 AND A6 AND NOT A4 AND NOT nWR AND 
	A0 AND NOT nIORQ);
block_2_2_CE <= (NOT D2.PIN AND D1.PIN AND NOT D0.PIN);

FDCPE_block_2_3: FDCPE port map (block_2_3,block_2_3_D,block_2_3_C,NOT nRESET,'0',block_2_3_CE);
block_2_3_D <= ((FULL_PAGING AND A11)
	OR (NOT FULL_PAGING AND D6.PIN));
block_2_3_C <= (A7 AND A5 AND NOT A3 AND A2 AND A1 AND A6 AND NOT A4 AND NOT nWR AND 
	A0 AND NOT nIORQ);
block_2_3_CE <= (NOT D2.PIN AND D1.PIN AND NOT D0.PIN);

FDCPE_block_2_4: FDCPE port map (block_2_4,block_2_4_D,block_2_4_C,NOT nRESET,'0',block_2_4_CE);
block_2_4_D <= ((FULL_PAGING AND A12)
	OR (NOT FULL_PAGING AND D7.PIN));
block_2_4_C <= (A7 AND A5 AND NOT A3 AND A2 AND A1 AND A6 AND NOT A4 AND NOT nWR AND 
	A0 AND NOT nIORQ);
block_2_4_CE <= (NOT D2.PIN AND D1.PIN AND NOT D0.PIN);

FDCPE_block_2_5: FDCPE port map (block_2_5,block_2_5_D,block_2_5_C,NOT nRESET,'0',block_2_5_CE);
block_2_5_D <= (A13 AND FULL_PAGING);
block_2_5_C <= (A7 AND A5 AND NOT A3 AND A2 AND A1 AND A6 AND NOT A4 AND NOT nWR AND 
	A0 AND NOT nIORQ);
block_2_5_CE <= (NOT D2.PIN AND D1.PIN AND NOT D0.PIN);

FDCPE_block_3_0: FDCPE port map (block_3_0,block_3_0_D,block_3_0_C,'0',NOT nRESET,block_3_0_CE);
block_3_0_D <= ((FULL_PAGING AND A8)
	OR (NOT FULL_PAGING AND D3.PIN));
block_3_0_C <= (A7 AND A5 AND NOT A3 AND A2 AND A1 AND A6 AND NOT A4 AND NOT nWR AND 
	A0 AND NOT nIORQ);
block_3_0_CE <= (NOT D2.PIN AND D1.PIN AND D0.PIN);

FDCPE_block_3_1: FDCPE port map (block_3_1,block_3_1_D,block_3_1_C,'0',NOT nRESET,block_3_1_CE);
block_3_1_D <= ((FULL_PAGING AND A9)
	OR (NOT FULL_PAGING AND D4.PIN));
block_3_1_C <= (A7 AND A5 AND NOT A3 AND A2 AND A1 AND A6 AND NOT A4 AND NOT nWR AND 
	A0 AND NOT nIORQ);
block_3_1_CE <= (NOT D2.PIN AND D1.PIN AND D0.PIN);

FDCPE_block_3_2: FDCPE port map (block_3_2,block_3_2_D,block_3_2_C,NOT nRESET,'0',block_3_2_CE);
block_3_2_D <= ((FULL_PAGING AND A10)
	OR (NOT FULL_PAGING AND D5.PIN));
block_3_2_C <= (A7 AND A5 AND NOT A3 AND A2 AND A1 AND A6 AND NOT A4 AND NOT nWR AND 
	A0 AND NOT nIORQ);
block_3_2_CE <= (NOT D2.PIN AND D1.PIN AND D0.PIN);

FDCPE_block_3_3: FDCPE port map (block_3_3,block_3_3_D,block_3_3_C,NOT nRESET,'0',block_3_3_CE);
block_3_3_D <= ((FULL_PAGING AND A11)
	OR (NOT FULL_PAGING AND D6.PIN));
block_3_3_C <= (A7 AND A5 AND NOT A3 AND A2 AND A1 AND A6 AND NOT A4 AND NOT nWR AND 
	A0 AND NOT nIORQ);
block_3_3_CE <= (NOT D2.PIN AND D1.PIN AND D0.PIN);

FDCPE_block_3_4: FDCPE port map (block_3_4,block_3_4_D,block_3_4_C,NOT nRESET,'0',block_3_4_CE);
block_3_4_D <= ((FULL_PAGING AND A12)
	OR (NOT FULL_PAGING AND D7.PIN));
block_3_4_C <= (A7 AND A5 AND NOT A3 AND A2 AND A1 AND A6 AND NOT A4 AND NOT nWR AND 
	A0 AND NOT nIORQ);
block_3_4_CE <= (NOT D2.PIN AND D1.PIN AND D0.PIN);

FDCPE_block_3_5: FDCPE port map (block_3_5,block_3_5_D,block_3_5_C,NOT nRESET,'0',block_3_5_CE);
block_3_5_D <= (A13 AND FULL_PAGING);
block_3_5_C <= (A7 AND A5 AND NOT A3 AND A2 AND A1 AND A6 AND NOT A4 AND NOT nWR AND 
	A0 AND NOT nIORQ);
block_3_5_CE <= (NOT D2.PIN AND D1.PIN AND D0.PIN);

FDCPE_block_4_0: FDCPE port map (block_4_0,block_4_0_D,block_4_0_C,NOT nRESET,'0',block_4_0_CE);
block_4_0_D <= ((FULL_PAGING AND A8)
	OR (NOT FULL_PAGING AND D3.PIN));
block_4_0_C <= (A7 AND A5 AND NOT A3 AND A2 AND A1 AND A6 AND NOT A4 AND NOT nWR AND 
	A0 AND NOT nIORQ);
block_4_0_CE <= (D2.PIN AND NOT D1.PIN AND NOT D0.PIN);

FDCPE_block_4_1: FDCPE port map (block_4_1,block_4_1_D,block_4_1_C,NOT nRESET,'0',block_4_1_CE);
block_4_1_D <= ((FULL_PAGING AND A9)
	OR (NOT FULL_PAGING AND D4.PIN));
block_4_1_C <= (A7 AND A5 AND NOT A3 AND A2 AND A1 AND A6 AND NOT A4 AND NOT nWR AND 
	A0 AND NOT nIORQ);
block_4_1_CE <= (D2.PIN AND NOT D1.PIN AND NOT D0.PIN);

FDCPE_block_4_2: FDCPE port map (block_4_2,block_4_2_D,block_4_2_C,'0',NOT nRESET,block_4_2_CE);
block_4_2_D <= ((FULL_PAGING AND A10)
	OR (NOT FULL_PAGING AND D5.PIN));
block_4_2_C <= (A7 AND A5 AND NOT A3 AND A2 AND A1 AND A6 AND NOT A4 AND NOT nWR AND 
	A0 AND NOT nIORQ);
block_4_2_CE <= (D2.PIN AND NOT D1.PIN AND NOT D0.PIN);

FDCPE_block_4_3: FDCPE port map (block_4_3,block_4_3_D,block_4_3_C,NOT nRESET,'0',block_4_3_CE);
block_4_3_D <= ((FULL_PAGING AND A11)
	OR (NOT FULL_PAGING AND D6.PIN));
block_4_3_C <= (A7 AND A5 AND NOT A3 AND A2 AND A1 AND A6 AND NOT A4 AND NOT nWR AND 
	A0 AND NOT nIORQ);
block_4_3_CE <= (D2.PIN AND NOT D1.PIN AND NOT D0.PIN);

FDCPE_block_4_4: FDCPE port map (block_4_4,block_4_4_D,block_4_4_C,NOT nRESET,'0',block_4_4_CE);
block_4_4_D <= ((FULL_PAGING AND A12)
	OR (NOT FULL_PAGING AND D7.PIN));
block_4_4_C <= (A7 AND A5 AND NOT A3 AND A2 AND A1 AND A6 AND NOT A4 AND NOT nWR AND 
	A0 AND NOT nIORQ);
block_4_4_CE <= (D2.PIN AND NOT D1.PIN AND NOT D0.PIN);

FDCPE_block_4_5: FDCPE port map (block_4_5,block_4_5_D,block_4_5_C,NOT nRESET,'0',block_4_5_CE);
block_4_5_D <= (A13 AND FULL_PAGING);
block_4_5_C <= (A7 AND A5 AND NOT A3 AND A2 AND A1 AND A6 AND NOT A4 AND NOT nWR AND 
	A0 AND NOT nIORQ);
block_4_5_CE <= (D2.PIN AND NOT D1.PIN AND NOT D0.PIN);

FDCPE_block_5_0: FDCPE port map (block_5_0,block_5_0_D,block_5_0_C,'0',NOT nRESET,block_5_0_CE);
block_5_0_D <= ((FULL_PAGING AND A8)
	OR (NOT FULL_PAGING AND D3.PIN));
block_5_0_C <= (A7 AND A5 AND NOT A3 AND A2 AND A1 AND A6 AND NOT A4 AND NOT nWR AND 
	A0 AND NOT nIORQ);
block_5_0_CE <= (D2.PIN AND NOT D1.PIN AND D0.PIN);

FDCPE_block_5_1: FDCPE port map (block_5_1,block_5_1_D,block_5_1_C,NOT nRESET,'0',block_5_1_CE);
block_5_1_D <= ((FULL_PAGING AND A9)
	OR (NOT FULL_PAGING AND D4.PIN));
block_5_1_C <= (A7 AND A5 AND NOT A3 AND A2 AND A1 AND A6 AND NOT A4 AND NOT nWR AND 
	A0 AND NOT nIORQ);
block_5_1_CE <= (D2.PIN AND NOT D1.PIN AND D0.PIN);

FDCPE_block_5_2: FDCPE port map (block_5_2,block_5_2_D,block_5_2_C,'0',NOT nRESET,block_5_2_CE);
block_5_2_D <= ((FULL_PAGING AND A10)
	OR (NOT FULL_PAGING AND D5.PIN));
block_5_2_C <= (A7 AND A5 AND NOT A3 AND A2 AND A1 AND A6 AND NOT A4 AND NOT nWR AND 
	A0 AND NOT nIORQ);
block_5_2_CE <= (D2.PIN AND NOT D1.PIN AND D0.PIN);

FDCPE_block_5_3: FDCPE port map (block_5_3,block_5_3_D,block_5_3_C,NOT nRESET,'0',block_5_3_CE);
block_5_3_D <= ((FULL_PAGING AND A11)
	OR (NOT FULL_PAGING AND D6.PIN));
block_5_3_C <= (A7 AND A5 AND NOT A3 AND A2 AND A1 AND A6 AND NOT A4 AND NOT nWR AND 
	A0 AND NOT nIORQ);
block_5_3_CE <= (D2.PIN AND NOT D1.PIN AND D0.PIN);

FDCPE_block_5_4: FDCPE port map (block_5_4,block_5_4_D,block_5_4_C,NOT nRESET,'0',block_5_4_CE);
block_5_4_D <= ((FULL_PAGING AND A12)
	OR (NOT FULL_PAGING AND D7.PIN));
block_5_4_C <= (A7 AND A5 AND NOT A3 AND A2 AND A1 AND A6 AND NOT A4 AND NOT nWR AND 
	A0 AND NOT nIORQ);
block_5_4_CE <= (D2.PIN AND NOT D1.PIN AND D0.PIN);

FDCPE_block_5_5: FDCPE port map (block_5_5,block_5_5_D,block_5_5_C,NOT nRESET,'0',block_5_5_CE);
block_5_5_D <= (A13 AND FULL_PAGING);
block_5_5_C <= (A7 AND A5 AND NOT A3 AND A2 AND A1 AND A6 AND NOT A4 AND NOT nWR AND 
	A0 AND NOT nIORQ);
block_5_5_CE <= (D2.PIN AND NOT D1.PIN AND D0.PIN);

FDCPE_block_6_0: FDCPE port map (block_6_0,block_6_0_D,block_6_0_C,NOT nRESET,'0',block_6_0_CE);
block_6_0_D <= ((FULL_PAGING AND A8)
	OR (NOT FULL_PAGING AND D3.PIN));
block_6_0_C <= (A7 AND A5 AND NOT A3 AND A2 AND A1 AND A6 AND NOT A4 AND NOT nWR AND 
	A0 AND NOT nIORQ);
block_6_0_CE <= (D2.PIN AND D1.PIN AND NOT D0.PIN);

FDCPE_block_6_1: FDCPE port map (block_6_1,block_6_1_D,block_6_1_C,'0',NOT nRESET,block_6_1_CE);
block_6_1_D <= ((FULL_PAGING AND A9)
	OR (NOT FULL_PAGING AND D4.PIN));
block_6_1_C <= (A7 AND A5 AND NOT A3 AND A2 AND A1 AND A6 AND NOT A4 AND NOT nWR AND 
	A0 AND NOT nIORQ);
block_6_1_CE <= (D2.PIN AND D1.PIN AND NOT D0.PIN);

FDCPE_block_6_2: FDCPE port map (block_6_2,block_6_2_D,block_6_2_C,NOT nRESET,'0',block_6_2_CE);
block_6_2_D <= ((FULL_PAGING AND A10)
	OR (NOT FULL_PAGING AND D5.PIN));
block_6_2_C <= (A7 AND A5 AND NOT A3 AND A2 AND A1 AND A6 AND NOT A4 AND NOT nWR AND 
	A0 AND NOT nIORQ);
block_6_2_CE <= (D2.PIN AND D1.PIN AND NOT D0.PIN);

FDCPE_block_6_3: FDCPE port map (block_6_3,block_6_3_D,block_6_3_C,NOT nRESET,'0',block_6_3_CE);
block_6_3_D <= ((FULL_PAGING AND A11)
	OR (NOT FULL_PAGING AND D6.PIN));
block_6_3_C <= (A7 AND A5 AND NOT A3 AND A2 AND A1 AND A6 AND NOT A4 AND NOT nWR AND 
	A0 AND NOT nIORQ);
block_6_3_CE <= (D2.PIN AND D1.PIN AND NOT D0.PIN);

FDCPE_block_6_4: FDCPE port map (block_6_4,block_6_4_D,block_6_4_C,NOT nRESET,'0',block_6_4_CE);
block_6_4_D <= ((FULL_PAGING AND A12)
	OR (NOT FULL_PAGING AND D7.PIN));
block_6_4_C <= (A7 AND A5 AND NOT A3 AND A2 AND A1 AND A6 AND NOT A4 AND NOT nWR AND 
	A0 AND NOT nIORQ);
block_6_4_CE <= (D2.PIN AND D1.PIN AND NOT D0.PIN);

FDCPE_block_6_5: FDCPE port map (block_6_5,block_6_5_D,block_6_5_C,NOT nRESET,'0',block_6_5_CE);
block_6_5_D <= (A13 AND FULL_PAGING);
block_6_5_C <= (A7 AND A5 AND NOT A3 AND A2 AND A1 AND A6 AND NOT A4 AND NOT nWR AND 
	A0 AND NOT nIORQ);
block_6_5_CE <= (D2.PIN AND D1.PIN AND NOT D0.PIN);

FDCPE_block_7_0: FDCPE port map (block_7_0,block_7_0_D,block_7_0_C,'0',NOT nRESET,block_7_0_CE);
block_7_0_D <= ((FULL_PAGING AND A8)
	OR (NOT FULL_PAGING AND D3.PIN));
block_7_0_C <= (A7 AND A5 AND NOT A3 AND A2 AND A1 AND A6 AND NOT A4 AND NOT nWR AND 
	A0 AND NOT nIORQ);
block_7_0_CE <= (D2.PIN AND D1.PIN AND D0.PIN);

FDCPE_block_7_1: FDCPE port map (block_7_1,block_7_1_D,block_7_1_C,'0',NOT nRESET,block_7_1_CE);
block_7_1_D <= ((FULL_PAGING AND A9)
	OR (NOT FULL_PAGING AND D4.PIN));
block_7_1_C <= (A7 AND A5 AND NOT A3 AND A2 AND A1 AND A6 AND NOT A4 AND NOT nWR AND 
	A0 AND NOT nIORQ);
block_7_1_CE <= (D2.PIN AND D1.PIN AND D0.PIN);

FDCPE_block_7_2: FDCPE port map (block_7_2,block_7_2_D,block_7_2_C,NOT nRESET,'0',block_7_2_CE);
block_7_2_D <= ((FULL_PAGING AND A10)
	OR (NOT FULL_PAGING AND D5.PIN));
block_7_2_C <= (A7 AND A5 AND NOT A3 AND A2 AND A1 AND A6 AND NOT A4 AND NOT nWR AND 
	A0 AND NOT nIORQ);
block_7_2_CE <= (D2.PIN AND D1.PIN AND D0.PIN);

FDCPE_block_7_3: FDCPE port map (block_7_3,block_7_3_D,block_7_3_C,NOT nRESET,'0',block_7_3_CE);
block_7_3_D <= ((FULL_PAGING AND A11)
	OR (NOT FULL_PAGING AND D6.PIN));
block_7_3_C <= (A7 AND A5 AND NOT A3 AND A2 AND A1 AND A6 AND NOT A4 AND NOT nWR AND 
	A0 AND NOT nIORQ);
block_7_3_CE <= (D2.PIN AND D1.PIN AND D0.PIN);

FDCPE_block_7_4: FDCPE port map (block_7_4,block_7_4_D,block_7_4_C,NOT nRESET,'0',block_7_4_CE);
block_7_4_D <= ((FULL_PAGING AND A12)
	OR (NOT FULL_PAGING AND D7.PIN));
block_7_4_C <= (A7 AND A5 AND NOT A3 AND A2 AND A1 AND A6 AND NOT A4 AND NOT nWR AND 
	A0 AND NOT nIORQ);
block_7_4_CE <= (D2.PIN AND D1.PIN AND D0.PIN);

FDCPE_block_7_5: FDCPE port map (block_7_5,block_7_5_D,block_7_5_C,NOT nRESET,'0',block_7_5_CE);
block_7_5_D <= (A13 AND FULL_PAGING);
block_7_5_C <= (A7 AND A5 AND NOT A3 AND A2 AND A1 AND A6 AND NOT A4 AND NOT nWR AND 
	A0 AND NOT nIORQ);
block_7_5_CE <= (D2.PIN AND D1.PIN AND D0.PIN);

FTCPE_hsync: FTCPE port map (hsync,hsync_T,nCLOCK,'0','0');
hsync_T <= ((sync_counter(0) AND hsync AND sync_counter(1) AND 
	sync_counter(2) AND sync_counter(3) AND sync_counter(4) AND 
	NOT sync_counter(5) AND NOT sync_counter(6) AND NOT sync_counter(7) AND nIORQ)
	OR (sync_counter(0) AND hsync AND sync_counter(1) AND 
	sync_counter(2) AND sync_counter(3) AND sync_counter(4) AND 
	NOT sync_counter(5) AND NOT sync_counter(6) AND NOT sync_counter(7) AND nM1)
	OR (sync_counter(0) AND NOT hsync AND sync_counter(1) AND 
	sync_counter(2) AND sync_counter(3) AND NOT sync_counter(4) AND 
	NOT sync_counter(5) AND NOT sync_counter(6) AND NOT sync_counter(7) AND nIORQ)
	OR (sync_counter(0) AND NOT hsync AND sync_counter(1) AND 
	sync_counter(2) AND sync_counter(3) AND NOT sync_counter(4) AND 
	NOT sync_counter(5) AND NOT sync_counter(6) AND NOT sync_counter(7) AND nM1));


nHALT_I <= '0';
nHALT <= nHALT_I when nHALT_OE = '1' else 'Z';
nHALT_OE <= (A15 AND NOT A14 AND NOT nRD AND NOT nMREQ AND NOT nM1 AND EN_M1_NOT);


nMEM_CE_I <= (nRFSH AND nMREQ);
nMEM_CE <= nMEM_CE_I when nMEM_CE_OE = '1' else 'Z';
nMEM_CE_OE <= nRESET;


nMEM_OE_I <= (nRFSH AND nRD);
nMEM_OE <= nMEM_OE_I when nMEM_OE_OE = '1' else 'Z';
nMEM_OE_OE <= nRESET;


nOE_CTRL_CLOCK <= NOT ((A7 AND A5 AND A3 AND A2 AND A1 AND NOT nRD AND NOT A6 AND NOT A4 AND 
	NOT nIORQ));


nOE_IL <= NOT ((A7 AND A5 AND NOT A3 AND A2 AND A1 AND NOT nRD AND NOT A6 AND NOT A4 AND 
	NOT nIORQ));


nOE_RAMCS <= '0';


nOE_ROMCS_I <= (nRFSH AND nMREQ);
nOE_ROMCS <= nOE_ROMCS_I when nOE_ROMCS_OE = '1' else 'Z';
nOE_ROMCS_OE <= nRESET;


nWRx_I <= ((nWR)
	OR (nMREQ)
	OR (NOT A15 AND NOT A14 AND NOT A13 AND NOT ROM_WR_EN));
nWRx <= nWRx_I when nWRx_OE = '1' else 'Z';
nWRx_OE <= nRESET;

FDCPE_ram_data_latch0: FDCPE port map (ram_data_latch(0),D0.PIN,nRD,NOT nRESET,'0');

FDCPE_ram_data_latch1: FDCPE port map (ram_data_latch(1),D1.PIN,nRD,NOT nRESET,'0');

FDCPE_ram_data_latch2: FDCPE port map (ram_data_latch(2),D2.PIN,nRD,NOT nRESET,'0');

FDCPE_ram_data_latch3: FDCPE port map (ram_data_latch(3),D3.PIN,nRD,NOT nRESET,'0');

FDCPE_ram_data_latch4: FDCPE port map (ram_data_latch(4),D4.PIN,nRD,NOT nRESET,'0');

FDCPE_ram_data_latch5: FDCPE port map (ram_data_latch(5),D5.PIN,nRD,NOT nRESET,'0');

FDCPE_ram_data_latch6: FDCPE port map (ram_data_latch(6),D7.PIN,nRD,NOT nRESET,'0');

FTCPE_rowcnt0: FTCPE port map (rowcnt(0),'1',NOT hsync,'0',vs);

FTCPE_rowcnt1: FTCPE port map (rowcnt(1),rowcnt(0),NOT hsync,'0',vs);

FTCPE_rowcnt2: FTCPE port map (rowcnt(2),rowcnt_T(2),NOT hsync,'0',vs);
rowcnt_T(2) <= (rowcnt(0) AND rowcnt(1));

FTCPE_sync_counter0: FTCPE port map (sync_counter(0),sync_counter_T(0),nCLOCK,sync_counter_CLR(0),'0');
sync_counter_T(0) <= (NOT sync_counter(0) AND sync_counter(1) AND 
	sync_counter(2) AND sync_counter(3) AND NOT sync_counter(4) AND 
	NOT sync_counter(5) AND sync_counter(6) AND sync_counter(7));
sync_counter_CLR(0) <= (NOT nIORQ AND NOT nM1);

FTCPE_sync_counter1: FTCPE port map (sync_counter(1),sync_counter_T(1),nCLOCK,sync_counter_CLR(1),'0');
sync_counter_T(1) <= ((sync_counter(0))
	OR (sync_counter(1) AND sync_counter(2) AND 
	sync_counter(3) AND NOT sync_counter(4) AND NOT sync_counter(5) AND 
	sync_counter(6) AND sync_counter(7)));
sync_counter_CLR(1) <= (NOT nIORQ AND NOT nM1);

FTCPE_sync_counter2: FTCPE port map (sync_counter(2),sync_counter_T(2),nCLOCK,sync_counter_CLR(2),'0');
sync_counter_T(2) <= ((sync_counter(0) AND sync_counter(1))
	OR (sync_counter(1) AND sync_counter(2) AND 
	sync_counter(3) AND NOT sync_counter(4) AND NOT sync_counter(5) AND 
	sync_counter(6) AND sync_counter(7)));
sync_counter_CLR(2) <= (NOT nIORQ AND NOT nM1);

FTCPE_sync_counter3: FTCPE port map (sync_counter(3),sync_counter_T(3),nCLOCK,sync_counter_CLR(3),'0');
sync_counter_T(3) <= ((sync_counter(0) AND sync_counter(1) AND 
	sync_counter(2))
	OR (sync_counter(1) AND sync_counter(2) AND 
	sync_counter(3) AND NOT sync_counter(4) AND NOT sync_counter(5) AND 
	sync_counter(6) AND sync_counter(7)));
sync_counter_CLR(3) <= (NOT nIORQ AND NOT nM1);

FTCPE_sync_counter4: FTCPE port map (sync_counter(4),sync_counter_T(4),nCLOCK,sync_counter_CLR(4),'0');
sync_counter_T(4) <= (sync_counter(0) AND sync_counter(1) AND 
	sync_counter(2) AND sync_counter(3));
sync_counter_CLR(4) <= (NOT nIORQ AND NOT nM1);

FTCPE_sync_counter5: FTCPE port map (sync_counter(5),sync_counter_T(5),nCLOCK,sync_counter_CLR(5),'0');
sync_counter_T(5) <= (sync_counter(0) AND sync_counter(1) AND 
	sync_counter(2) AND sync_counter(3) AND sync_counter(4));
sync_counter_CLR(5) <= (NOT nIORQ AND NOT nM1);

FTCPE_sync_counter6: FTCPE port map (sync_counter(6),sync_counter_T(6),nCLOCK,sync_counter_CLR(6),'0');
sync_counter_T(6) <= ((sync_counter(0) AND sync_counter(1) AND 
	sync_counter(2) AND sync_counter(3) AND sync_counter(4) AND 
	sync_counter(5))
	OR (NOT sync_counter(0) AND sync_counter(1) AND 
	sync_counter(2) AND sync_counter(3) AND NOT sync_counter(4) AND 
	NOT sync_counter(5) AND sync_counter(6) AND sync_counter(7)));
sync_counter_CLR(6) <= (NOT nIORQ AND NOT nM1);

FTCPE_sync_counter7: FTCPE port map (sync_counter(7),sync_counter_T(7),nCLOCK,sync_counter_CLR(7),'0');
sync_counter_T(7) <= ((sync_counter(0) AND sync_counter(1) AND 
	sync_counter(2) AND sync_counter(3) AND sync_counter(4) AND 
	sync_counter(5) AND sync_counter(6))
	OR (NOT sync_counter(0) AND sync_counter(1) AND 
	sync_counter(2) AND sync_counter(3) AND NOT sync_counter(4) AND 
	NOT sync_counter(5) AND sync_counter(6) AND sync_counter(7)));
sync_counter_CLR(7) <= (NOT nIORQ AND NOT nM1);


vs <= ((nWR AND vs)
	OR (nIORQ AND vs)
	OR (A1 AND NOT A0 AND vs)
	OR (NOT A1 AND NOT nRD AND NOT A0 AND NOT nIORQ)
	OR (NOT nRD AND nWR AND NOT A0 AND NOT nIORQ));

Register Legend:
 FDCPE (Q,D,C,CLR,PRE,CE); 
 FTCPE (Q,D,C,CLR,PRE,CE); 
 LDCP  (Q,D,G,CLR,PRE); 

****************************  Compiler Options  ****************************

Following is a list of all global compiler options used by the fitter run.

Device(s) Specified                         : xc95144xl-10-TQ100
Optimization Method                         : SPEED
Multi-Level Logic Optimization              : ON
Ignore Timing Specifications                : OFF
Default Register Power Up Value             : LOW
Keep User Location Constraints              : ON
What-You-See-Is-What-You-Get                : OFF
Exhaustive Fitting                          : OFF
Keep Unused Inputs                          : OFF
Slew Rate                                   : FAST
Power Mode                                  : STD
Ground on Unused IOs                        : OFF
Set I/O Pin Termination                     : KEEPER
Global Clock Optimization                   : ON
Global Set/Reset Optimization               : ON
Global Ouput Enable Optimization            : ON
Input Limit                                 : 54
Pterm Limit                                 : 25
