WARNING:Cpld - Unable to retrieve the path to the iSE Project Repository. Will
   use the default filename of 'SD81.ise'.
INFO:Cpld - Inferring BUFG constraint for signal 'D6' based upon the LOC
   constraint 'P23'. It is recommended that you declare this BUFG explicitedly
   in your design. Note that for certain device families the output of a BUFG
   constraint can not drive a gated clock, and the BUFG constraint will be
   ignored.
INFO:Cpld - Inferring BUFG constraint for signal 'nCLOCK' based upon the LOC
   constraint 'P22'. It is recommended that you declare this BUFG explicitedly
   in your design. Note that for certain device families the output of a BUFG
   constraint can not drive a gated clock, and the BUFG constraint will be
   ignored.
WARNING:Cpld:1007 - Removing unused input(s) 'SPARE1'.  The input(s) are unused
   after optimization. Please verify functionality via simulation.
WARNING:Cpld:1007 - Removing unused input(s) 'nBUSAK'.  The input(s) are unused
   after optimization. Please verify functionality via simulation.
WARNING:Cpld:1007 - Removing unused input(s) 'nBUSRQ'.  The input(s) are unused
   after optimization. Please verify functionality via simulation.
WARNING:Cpld:1007 - Removing unused input(s) 'nNMI'.  The input(s) are unused
   after optimization. Please verify functionality via simulation.
WARNING:Cpld:1007 - Removing unused input(s) 'nWAIT'.  The input(s) are unused
   after optimization. Please verify functionality via simulation.
WARNING:Cpld:1239 - The global clock designation (BUFG) on signal 'N6' is
   ignored. Most likely the signal is gated and therefore cannot be used as a
   global control signal.
WARNING:Cpld:895 - Unable to map all desired signals into function block, FB2,
   because too many function block inputs are required. Buffering output signal
   A18x to allow all signals assigned to this function block to be placed.
ERROR:Cpld:886 - Function block FB2 was too congested to route successfully.
   This occurs due to excessive (>= 50) product term input fanins to this
   function block. Consider moving output signals in this function block to less
   congested function blocks, buffering output signals that must remain in this
   function block, or selecting a larger package.
ERROR:Cpld:868 - Cannot fit the design into any of the specified devices with
   the selected implementation options.
