--------------------------------------------------------------------------------
Release 14.7 Trace  (lin64)
Copyright (c) 1995-2013 Xilinx, Inc.  All rights reserved.

/opt/Xilinx/14.7/ISE_DS/ISE/bin/lin64/unwrapped/trce -intstyle ise -v 3 -s 3 -n
3 -fastpaths -xml SD81.twx SD81.ncd -o SD81.twr SD81.pcf -ucf SD81XC6.ucf

Design file:              SD81.ncd
Physical constraint file: SD81.pcf
Device,package,speed:     xc6slx9,tqg144,C,-3 (PRODUCTION 1.23 2013-10-13)
Report level:             verbose report

Environment Variable      Effect 
--------------------      ------ 
NONE                      No environment variables were set
--------------------------------------------------------------------------------

INFO:Timing:3412 - To improve timing, see the Timing Closure User Guide (UG612).
INFO:Timing:2752 - To get complete path coverage, use the unconstrained paths 
   option. All paths that are not constrained will be reported in the 
   unconstrained paths section(s) of the report.
INFO:Timing:3339 - The clock-to-out numbers in this timing report are based on 
   a 50 Ohm transmission line loading model.  For the details of this model, 
   and for more information on accounting for different loading conditions, 
   please see the device datasheet.

================================================================================
Timing constraint: TS_nCLOCK = PERIOD TIMEGRP "nCLOCK" 307.692 ns HIGH 50%;
For more information, see Period Analysis in the Timing Closure User Guide (UG612).

 406 paths analyzed, 96 endpoints analyzed, 0 failing endpoints
 0 timing errors detected. (0 setup errors, 0 hold errors, 0 component switching limit errors)
 Minimum period is  80.000ns.
--------------------------------------------------------------------------------

Paths for end point FRAMES_4 (SLICE_X14Y41.CE), 7 paths
--------------------------------------------------------------------------------
Slack (setup path):     29.915ns (requirement - (data path - clock path skew + uncertainty))
  Source:               line_cnt_6 (FF)
  Destination:          FRAMES_4 (FF)
  Requirement:          38.462ns
  Data Path Delay:      5.827ns (Levels of Logic = 3)
  Clock Path Skew:      -1.871ns (1.407 - 3.278)
  Source Clock:         system_clk rising at 269.230ns
  Destination Clock:    nCLOCK_IBUFG_BUFG rising at 307.692ns
  Clock Uncertainty:    0.849ns

  Clock Uncertainty:          0.849ns  ((TSJ^2 + TIJ^2)^1/2 + DJ) / 2 + PE
    Total System Jitter (TSJ):  0.070ns
    Total Input Jitter (TIJ):   0.000ns
    Discrete Jitter (DJ):       1.326ns
    Phase Error (PE):           0.150ns

  Maximum Data Path at Slow Process Corner: line_cnt_6 to FRAMES_4
    Location             Delay type         Delay(ns)  Physical Resource
                                                       Logical Resource(s)
    -------------------------------------------------  -------------------
    SLICE_X12Y24.CQ      Tcko                  0.447   line_cnt<7>
                                                       line_cnt_6
    SLICE_X13Y29.C4      net (fanout=6)        1.387   line_cnt<6>
    SLICE_X13Y29.C       Tilo                  0.259   old_vsync2
                                                       _n257021
    SLICE_X13Y29.B4      net (fanout=3)        0.335   _n25702
    SLICE_X13Y29.B       Tilo                  0.259   old_vsync2
                                                       old_vsync2_sfast_mode_en_AND_104_o1
    SLICE_X17Y48.A5      net (fanout=17)       1.686   old_vsync2_sfast_mode_en_AND_104_o
    SLICE_X17Y48.AMUX    Tilo                  0.313   debug_rdy_delayed<3>
                                                       _n2591_inv1
    SLICE_X14Y41.CE      net (fanout=4)        0.806   _n2591_inv
    SLICE_X14Y41.CLK     Tceck                 0.335   FRAMES<7>
                                                       FRAMES_4
    -------------------------------------------------  ---------------------------
    Total                                      5.827ns (1.613ns logic, 4.214ns route)
                                                       (27.7% logic, 72.3% route)

--------------------------------------------------------------------------------
Slack (setup path):     30.478ns (requirement - (data path - clock path skew + uncertainty))
  Source:               line_cnt_7 (FF)
  Destination:          FRAMES_4 (FF)
  Requirement:          38.462ns
  Data Path Delay:      5.264ns (Levels of Logic = 3)
  Clock Path Skew:      -1.871ns (1.407 - 3.278)
  Source Clock:         system_clk rising at 269.230ns
  Destination Clock:    nCLOCK_IBUFG_BUFG rising at 307.692ns
  Clock Uncertainty:    0.849ns

  Clock Uncertainty:          0.849ns  ((TSJ^2 + TIJ^2)^1/2 + DJ) / 2 + PE
    Total System Jitter (TSJ):  0.070ns
    Total Input Jitter (TIJ):   0.000ns
    Discrete Jitter (DJ):       1.326ns
    Phase Error (PE):           0.150ns

  Maximum Data Path at Slow Process Corner: line_cnt_7 to FRAMES_4
    Location             Delay type         Delay(ns)  Physical Resource
                                                       Logical Resource(s)
    -------------------------------------------------  -------------------
    SLICE_X12Y24.DQ      Tcko                  0.447   line_cnt<7>
                                                       line_cnt_7
    SLICE_X13Y29.C1      net (fanout=4)        0.824   line_cnt<7>
    SLICE_X13Y29.C       Tilo                  0.259   old_vsync2
                                                       _n257021
    SLICE_X13Y29.B4      net (fanout=3)        0.335   _n25702
    SLICE_X13Y29.B       Tilo                  0.259   old_vsync2
                                                       old_vsync2_sfast_mode_en_AND_104_o1
    SLICE_X17Y48.A5      net (fanout=17)       1.686   old_vsync2_sfast_mode_en_AND_104_o
    SLICE_X17Y48.AMUX    Tilo                  0.313   debug_rdy_delayed<3>
                                                       _n2591_inv1
    SLICE_X14Y41.CE      net (fanout=4)        0.806   _n2591_inv
    SLICE_X14Y41.CLK     Tceck                 0.335   FRAMES<7>
                                                       FRAMES_4
    -------------------------------------------------  ---------------------------
    Total                                      5.264ns (1.613ns logic, 3.651ns route)
                                                       (30.6% logic, 69.4% route)

--------------------------------------------------------------------------------
Slack (setup path):     30.573ns (requirement - (data path - clock path skew + uncertainty))
  Source:               line_cnt_3 (FF)
  Destination:          FRAMES_4 (FF)
  Requirement:          38.462ns
  Data Path Delay:      5.169ns (Levels of Logic = 3)
  Clock Path Skew:      -1.871ns (1.407 - 3.278)
  Source Clock:         system_clk rising at 269.230ns
  Destination Clock:    nCLOCK_IBUFG_BUFG rising at 307.692ns
  Clock Uncertainty:    0.849ns

  Clock Uncertainty:          0.849ns  ((TSJ^2 + TIJ^2)^1/2 + DJ) / 2 + PE
    Total System Jitter (TSJ):  0.070ns
    Total Input Jitter (TIJ):   0.000ns
    Discrete Jitter (DJ):       1.326ns
    Phase Error (PE):           0.150ns

  Maximum Data Path at Slow Process Corner: line_cnt_3 to FRAMES_4
    Location             Delay type         Delay(ns)  Physical Resource
                                                       Logical Resource(s)
    -------------------------------------------------  -------------------
    SLICE_X12Y23.DQ      Tcko                  0.447   line_cnt<3>
                                                       line_cnt_3
    SLICE_X13Y29.C5      net (fanout=6)        0.729   line_cnt<3>
    SLICE_X13Y29.C       Tilo                  0.259   old_vsync2
                                                       _n257021
    SLICE_X13Y29.B4      net (fanout=3)        0.335   _n25702
    SLICE_X13Y29.B       Tilo                  0.259   old_vsync2
                                                       old_vsync2_sfast_mode_en_AND_104_o1
    SLICE_X17Y48.A5      net (fanout=17)       1.686   old_vsync2_sfast_mode_en_AND_104_o
    SLICE_X17Y48.AMUX    Tilo                  0.313   debug_rdy_delayed<3>
                                                       _n2591_inv1
    SLICE_X14Y41.CE      net (fanout=4)        0.806   _n2591_inv
    SLICE_X14Y41.CLK     Tceck                 0.335   FRAMES<7>
                                                       FRAMES_4
    -------------------------------------------------  ---------------------------
    Total                                      5.169ns (1.613ns logic, 3.556ns route)
                                                       (31.2% logic, 68.8% route)

--------------------------------------------------------------------------------

Paths for end point FRAMES_7 (SLICE_X14Y41.CE), 7 paths
--------------------------------------------------------------------------------
Slack (setup path):     29.935ns (requirement - (data path - clock path skew + uncertainty))
  Source:               line_cnt_6 (FF)
  Destination:          FRAMES_7 (FF)
  Requirement:          38.462ns
  Data Path Delay:      5.807ns (Levels of Logic = 3)
  Clock Path Skew:      -1.871ns (1.407 - 3.278)
  Source Clock:         system_clk rising at 269.230ns
  Destination Clock:    nCLOCK_IBUFG_BUFG rising at 307.692ns
  Clock Uncertainty:    0.849ns

  Clock Uncertainty:          0.849ns  ((TSJ^2 + TIJ^2)^1/2 + DJ) / 2 + PE
    Total System Jitter (TSJ):  0.070ns
    Total Input Jitter (TIJ):   0.000ns
    Discrete Jitter (DJ):       1.326ns
    Phase Error (PE):           0.150ns

  Maximum Data Path at Slow Process Corner: line_cnt_6 to FRAMES_7
    Location             Delay type         Delay(ns)  Physical Resource
                                                       Logical Resource(s)
    -------------------------------------------------  -------------------
    SLICE_X12Y24.CQ      Tcko                  0.447   line_cnt<7>
                                                       line_cnt_6
    SLICE_X13Y29.C4      net (fanout=6)        1.387   line_cnt<6>
    SLICE_X13Y29.C       Tilo                  0.259   old_vsync2
                                                       _n257021
    SLICE_X13Y29.B4      net (fanout=3)        0.335   _n25702
    SLICE_X13Y29.B       Tilo                  0.259   old_vsync2
                                                       old_vsync2_sfast_mode_en_AND_104_o1
    SLICE_X17Y48.A5      net (fanout=17)       1.686   old_vsync2_sfast_mode_en_AND_104_o
    SLICE_X17Y48.AMUX    Tilo                  0.313   debug_rdy_delayed<3>
                                                       _n2591_inv1
    SLICE_X14Y41.CE      net (fanout=4)        0.806   _n2591_inv
    SLICE_X14Y41.CLK     Tceck                 0.315   FRAMES<7>
                                                       FRAMES_7
    -------------------------------------------------  ---------------------------
    Total                                      5.807ns (1.593ns logic, 4.214ns route)
                                                       (27.4% logic, 72.6% route)

--------------------------------------------------------------------------------
Slack (setup path):     30.498ns (requirement - (data path - clock path skew + uncertainty))
  Source:               line_cnt_7 (FF)
  Destination:          FRAMES_7 (FF)
  Requirement:          38.462ns
  Data Path Delay:      5.244ns (Levels of Logic = 3)
  Clock Path Skew:      -1.871ns (1.407 - 3.278)
  Source Clock:         system_clk rising at 269.230ns
  Destination Clock:    nCLOCK_IBUFG_BUFG rising at 307.692ns
  Clock Uncertainty:    0.849ns

  Clock Uncertainty:          0.849ns  ((TSJ^2 + TIJ^2)^1/2 + DJ) / 2 + PE
    Total System Jitter (TSJ):  0.070ns
    Total Input Jitter (TIJ):   0.000ns
    Discrete Jitter (DJ):       1.326ns
    Phase Error (PE):           0.150ns

  Maximum Data Path at Slow Process Corner: line_cnt_7 to FRAMES_7
    Location             Delay type         Delay(ns)  Physical Resource
                                                       Logical Resource(s)
    -------------------------------------------------  -------------------
    SLICE_X12Y24.DQ      Tcko                  0.447   line_cnt<7>
                                                       line_cnt_7
    SLICE_X13Y29.C1      net (fanout=4)        0.824   line_cnt<7>
    SLICE_X13Y29.C       Tilo                  0.259   old_vsync2
                                                       _n257021
    SLICE_X13Y29.B4      net (fanout=3)        0.335   _n25702
    SLICE_X13Y29.B       Tilo                  0.259   old_vsync2
                                                       old_vsync2_sfast_mode_en_AND_104_o1
    SLICE_X17Y48.A5      net (fanout=17)       1.686   old_vsync2_sfast_mode_en_AND_104_o
    SLICE_X17Y48.AMUX    Tilo                  0.313   debug_rdy_delayed<3>
                                                       _n2591_inv1
    SLICE_X14Y41.CE      net (fanout=4)        0.806   _n2591_inv
    SLICE_X14Y41.CLK     Tceck                 0.315   FRAMES<7>
                                                       FRAMES_7
    -------------------------------------------------  ---------------------------
    Total                                      5.244ns (1.593ns logic, 3.651ns route)
                                                       (30.4% logic, 69.6% route)

--------------------------------------------------------------------------------
Slack (setup path):     30.593ns (requirement - (data path - clock path skew + uncertainty))
  Source:               line_cnt_3 (FF)
  Destination:          FRAMES_7 (FF)
  Requirement:          38.462ns
  Data Path Delay:      5.149ns (Levels of Logic = 3)
  Clock Path Skew:      -1.871ns (1.407 - 3.278)
  Source Clock:         system_clk rising at 269.230ns
  Destination Clock:    nCLOCK_IBUFG_BUFG rising at 307.692ns
  Clock Uncertainty:    0.849ns

  Clock Uncertainty:          0.849ns  ((TSJ^2 + TIJ^2)^1/2 + DJ) / 2 + PE
    Total System Jitter (TSJ):  0.070ns
    Total Input Jitter (TIJ):   0.000ns
    Discrete Jitter (DJ):       1.326ns
    Phase Error (PE):           0.150ns

  Maximum Data Path at Slow Process Corner: line_cnt_3 to FRAMES_7
    Location             Delay type         Delay(ns)  Physical Resource
                                                       Logical Resource(s)
    -------------------------------------------------  -------------------
    SLICE_X12Y23.DQ      Tcko                  0.447   line_cnt<3>
                                                       line_cnt_3
    SLICE_X13Y29.C5      net (fanout=6)        0.729   line_cnt<3>
    SLICE_X13Y29.C       Tilo                  0.259   old_vsync2
                                                       _n257021
    SLICE_X13Y29.B4      net (fanout=3)        0.335   _n25702
    SLICE_X13Y29.B       Tilo                  0.259   old_vsync2
                                                       old_vsync2_sfast_mode_en_AND_104_o1
    SLICE_X17Y48.A5      net (fanout=17)       1.686   old_vsync2_sfast_mode_en_AND_104_o
    SLICE_X17Y48.AMUX    Tilo                  0.313   debug_rdy_delayed<3>
                                                       _n2591_inv1
    SLICE_X14Y41.CE      net (fanout=4)        0.806   _n2591_inv
    SLICE_X14Y41.CLK     Tceck                 0.315   FRAMES<7>
                                                       FRAMES_7
    -------------------------------------------------  ---------------------------
    Total                                      5.149ns (1.593ns logic, 3.556ns route)
                                                       (30.9% logic, 69.1% route)

--------------------------------------------------------------------------------

Paths for end point FRAMES_6 (SLICE_X14Y41.CE), 7 paths
--------------------------------------------------------------------------------
Slack (setup path):     29.936ns (requirement - (data path - clock path skew + uncertainty))
  Source:               line_cnt_6 (FF)
  Destination:          FRAMES_6 (FF)
  Requirement:          38.462ns
  Data Path Delay:      5.806ns (Levels of Logic = 3)
  Clock Path Skew:      -1.871ns (1.407 - 3.278)
  Source Clock:         system_clk rising at 269.230ns
  Destination Clock:    nCLOCK_IBUFG_BUFG rising at 307.692ns
  Clock Uncertainty:    0.849ns

  Clock Uncertainty:          0.849ns  ((TSJ^2 + TIJ^2)^1/2 + DJ) / 2 + PE
    Total System Jitter (TSJ):  0.070ns
    Total Input Jitter (TIJ):   0.000ns
    Discrete Jitter (DJ):       1.326ns
    Phase Error (PE):           0.150ns

  Maximum Data Path at Slow Process Corner: line_cnt_6 to FRAMES_6
    Location             Delay type         Delay(ns)  Physical Resource
                                                       Logical Resource(s)
    -------------------------------------------------  -------------------
    SLICE_X12Y24.CQ      Tcko                  0.447   line_cnt<7>
                                                       line_cnt_6
    SLICE_X13Y29.C4      net (fanout=6)        1.387   line_cnt<6>
    SLICE_X13Y29.C       Tilo                  0.259   old_vsync2
                                                       _n257021
    SLICE_X13Y29.B4      net (fanout=3)        0.335   _n25702
    SLICE_X13Y29.B       Tilo                  0.259   old_vsync2
                                                       old_vsync2_sfast_mode_en_AND_104_o1
    SLICE_X17Y48.A5      net (fanout=17)       1.686   old_vsync2_sfast_mode_en_AND_104_o
    SLICE_X17Y48.AMUX    Tilo                  0.313   debug_rdy_delayed<3>
                                                       _n2591_inv1
    SLICE_X14Y41.CE      net (fanout=4)        0.806   _n2591_inv
    SLICE_X14Y41.CLK     Tceck                 0.314   FRAMES<7>
                                                       FRAMES_6
    -------------------------------------------------  ---------------------------
    Total                                      5.806ns (1.592ns logic, 4.214ns route)
                                                       (27.4% logic, 72.6% route)

--------------------------------------------------------------------------------
Slack (setup path):     30.499ns (requirement - (data path - clock path skew + uncertainty))
  Source:               line_cnt_7 (FF)
  Destination:          FRAMES_6 (FF)
  Requirement:          38.462ns
  Data Path Delay:      5.243ns (Levels of Logic = 3)
  Clock Path Skew:      -1.871ns (1.407 - 3.278)
  Source Clock:         system_clk rising at 269.230ns
  Destination Clock:    nCLOCK_IBUFG_BUFG rising at 307.692ns
  Clock Uncertainty:    0.849ns

  Clock Uncertainty:          0.849ns  ((TSJ^2 + TIJ^2)^1/2 + DJ) / 2 + PE
    Total System Jitter (TSJ):  0.070ns
    Total Input Jitter (TIJ):   0.000ns
    Discrete Jitter (DJ):       1.326ns
    Phase Error (PE):           0.150ns

  Maximum Data Path at Slow Process Corner: line_cnt_7 to FRAMES_6
    Location             Delay type         Delay(ns)  Physical Resource
                                                       Logical Resource(s)
    -------------------------------------------------  -------------------
    SLICE_X12Y24.DQ      Tcko                  0.447   line_cnt<7>
                                                       line_cnt_7
    SLICE_X13Y29.C1      net (fanout=4)        0.824   line_cnt<7>
    SLICE_X13Y29.C       Tilo                  0.259   old_vsync2
                                                       _n257021
    SLICE_X13Y29.B4      net (fanout=3)        0.335   _n25702
    SLICE_X13Y29.B       Tilo                  0.259   old_vsync2
                                                       old_vsync2_sfast_mode_en_AND_104_o1
    SLICE_X17Y48.A5      net (fanout=17)       1.686   old_vsync2_sfast_mode_en_AND_104_o
    SLICE_X17Y48.AMUX    Tilo                  0.313   debug_rdy_delayed<3>
                                                       _n2591_inv1
    SLICE_X14Y41.CE      net (fanout=4)        0.806   _n2591_inv
    SLICE_X14Y41.CLK     Tceck                 0.314   FRAMES<7>
                                                       FRAMES_6
    -------------------------------------------------  ---------------------------
    Total                                      5.243ns (1.592ns logic, 3.651ns route)
                                                       (30.4% logic, 69.6% route)

--------------------------------------------------------------------------------
Slack (setup path):     30.594ns (requirement - (data path - clock path skew + uncertainty))
  Source:               line_cnt_3 (FF)
  Destination:          FRAMES_6 (FF)
  Requirement:          38.462ns
  Data Path Delay:      5.148ns (Levels of Logic = 3)
  Clock Path Skew:      -1.871ns (1.407 - 3.278)
  Source Clock:         system_clk rising at 269.230ns
  Destination Clock:    nCLOCK_IBUFG_BUFG rising at 307.692ns
  Clock Uncertainty:    0.849ns

  Clock Uncertainty:          0.849ns  ((TSJ^2 + TIJ^2)^1/2 + DJ) / 2 + PE
    Total System Jitter (TSJ):  0.070ns
    Total Input Jitter (TIJ):   0.000ns
    Discrete Jitter (DJ):       1.326ns
    Phase Error (PE):           0.150ns

  Maximum Data Path at Slow Process Corner: line_cnt_3 to FRAMES_6
    Location             Delay type         Delay(ns)  Physical Resource
                                                       Logical Resource(s)
    -------------------------------------------------  -------------------
    SLICE_X12Y23.DQ      Tcko                  0.447   line_cnt<3>
                                                       line_cnt_3
    SLICE_X13Y29.C5      net (fanout=6)        0.729   line_cnt<3>
    SLICE_X13Y29.C       Tilo                  0.259   old_vsync2
                                                       _n257021
    SLICE_X13Y29.B4      net (fanout=3)        0.335   _n25702
    SLICE_X13Y29.B       Tilo                  0.259   old_vsync2
                                                       old_vsync2_sfast_mode_en_AND_104_o1
    SLICE_X17Y48.A5      net (fanout=17)       1.686   old_vsync2_sfast_mode_en_AND_104_o
    SLICE_X17Y48.AMUX    Tilo                  0.313   debug_rdy_delayed<3>
                                                       _n2591_inv1
    SLICE_X14Y41.CE      net (fanout=4)        0.806   _n2591_inv
    SLICE_X14Y41.CLK     Tceck                 0.314   FRAMES<7>
                                                       FRAMES_6
    -------------------------------------------------  ---------------------------
    Total                                      5.148ns (1.592ns logic, 3.556ns route)
                                                       (30.9% logic, 69.1% route)

--------------------------------------------------------------------------------

Hold Paths: TS_nCLOCK = PERIOD TIMEGRP "nCLOCK" 307.692 ns HIGH 50%;
--------------------------------------------------------------------------------

Paths for end point debug_rdy_delayed_7 (SLICE_X18Y48.DX), 1 path
--------------------------------------------------------------------------------
Slack (hold path):      0.385ns (requirement - (clock path skew + uncertainty - data path))
  Source:               debug_rdy_delayed_6 (FF)
  Destination:          debug_rdy_delayed_7 (FF)
  Requirement:          0.000ns
  Data Path Delay:      0.385ns (Levels of Logic = 0)
  Clock Path Skew:      0.000ns
  Source Clock:         nCLOCK_IBUFG_BUFG rising at 307.692ns
  Destination Clock:    nCLOCK_IBUFG_BUFG rising at 307.692ns
  Clock Uncertainty:    0.000ns

  Minimum Data Path at Fast Process Corner: debug_rdy_delayed_6 to debug_rdy_delayed_7
    Location             Delay type         Delay(ns)  Physical Resource
                                                       Logical Resource(s)
    -------------------------------------------------  -------------------
    SLICE_X18Y48.CQ      Tcko                  0.200   debug_rdy_delayed<7>
                                                       debug_rdy_delayed_6
    SLICE_X18Y48.DX      net (fanout=2)        0.137   debug_rdy_delayed<6>
    SLICE_X18Y48.CLK     Tckdi       (-Th)    -0.048   debug_rdy_delayed<7>
                                                       debug_rdy_delayed_7
    -------------------------------------------------  ---------------------------
    Total                                      0.385ns (0.248ns logic, 0.137ns route)
                                                       (64.4% logic, 35.6% route)

--------------------------------------------------------------------------------

Paths for end point debug_rdy_delayed_1 (SLICE_X17Y48.BX), 1 path
--------------------------------------------------------------------------------
Slack (hold path):      0.399ns (requirement - (clock path skew + uncertainty - data path))
  Source:               debug_rdy_delayed_0 (FF)
  Destination:          debug_rdy_delayed_1 (FF)
  Requirement:          0.000ns
  Data Path Delay:      0.399ns (Levels of Logic = 0)
  Clock Path Skew:      0.000ns
  Source Clock:         nCLOCK_IBUFG_BUFG rising at 307.692ns
  Destination Clock:    nCLOCK_IBUFG_BUFG rising at 307.692ns
  Clock Uncertainty:    0.000ns

  Minimum Data Path at Fast Process Corner: debug_rdy_delayed_0 to debug_rdy_delayed_1
    Location             Delay type         Delay(ns)  Physical Resource
                                                       Logical Resource(s)
    -------------------------------------------------  -------------------
    SLICE_X17Y48.AQ      Tcko                  0.198   debug_rdy_delayed<3>
                                                       debug_rdy_delayed_0
    SLICE_X17Y48.BX      net (fanout=2)        0.142   debug_rdy_delayed<0>
    SLICE_X17Y48.CLK     Tckdi       (-Th)    -0.059   debug_rdy_delayed<3>
                                                       debug_rdy_delayed_1
    -------------------------------------------------  ---------------------------
    Total                                      0.399ns (0.257ns logic, 0.142ns route)
                                                       (64.4% logic, 35.6% route)

--------------------------------------------------------------------------------

Paths for end point debug_rdy_delayed_3 (SLICE_X17Y48.DX), 1 path
--------------------------------------------------------------------------------
Slack (hold path):      0.402ns (requirement - (clock path skew + uncertainty - data path))
  Source:               debug_rdy_delayed_2 (FF)
  Destination:          debug_rdy_delayed_3 (FF)
  Requirement:          0.000ns
  Data Path Delay:      0.402ns (Levels of Logic = 0)
  Clock Path Skew:      0.000ns
  Source Clock:         nCLOCK_IBUFG_BUFG rising at 307.692ns
  Destination Clock:    nCLOCK_IBUFG_BUFG rising at 307.692ns
  Clock Uncertainty:    0.000ns

  Minimum Data Path at Fast Process Corner: debug_rdy_delayed_2 to debug_rdy_delayed_3
    Location             Delay type         Delay(ns)  Physical Resource
                                                       Logical Resource(s)
    -------------------------------------------------  -------------------
    SLICE_X17Y48.CQ      Tcko                  0.198   debug_rdy_delayed<3>
                                                       debug_rdy_delayed_2
    SLICE_X17Y48.DX      net (fanout=2)        0.145   debug_rdy_delayed<2>
    SLICE_X17Y48.CLK     Tckdi       (-Th)    -0.059   debug_rdy_delayed<3>
                                                       debug_rdy_delayed_3
    -------------------------------------------------  ---------------------------
    Total                                      0.402ns (0.257ns logic, 0.145ns route)
                                                       (63.9% logic, 36.1% route)

--------------------------------------------------------------------------------

Component Switching Limit Checks: TS_nCLOCK = PERIOD TIMEGRP "nCLOCK" 307.692 ns HIGH 50%;
--------------------------------------------------------------------------------
Slack: 74.253ns (period - min period limit)
  Period: 76.923ns
  Min period limit: 2.670ns (374.532MHz) (Tdcmper_CLKFX)
  Physical resource: dcm_booster_inst/CLKFX
  Logical resource: dcm_booster_inst/CLKFX
  Location pin: DCM_X0Y2.CLKFX
  Clock network: clk_intermediate_13mhz
--------------------------------------------------------------------------------
Slack: 123.077ns (max period limit - period)
  Period: 76.923ns
  Max period limit: 200.000ns (5.000MHz) (Tdcmper_CLKFX)
  Physical resource: dcm_booster_inst/CLKFX
  Logical resource: dcm_booster_inst/CLKFX
  Location pin: DCM_X0Y2.CLKFX
  Clock network: clk_intermediate_13mhz
--------------------------------------------------------------------------------
Slack: 227.692ns (period - (min low pulse limit / (low pulse / period)))
  Period: 307.692ns
  Low pulse: 153.846ns
  Low pulse limit: 40.000ns (Tdcmpw_CLKIN_1_10)
  Physical resource: dcm_booster_inst/CLKIN
  Logical resource: dcm_booster_inst/CLKIN
  Location pin: DCM_X0Y2.CLKIN
  Clock network: dcm_booster_inst_ML_NEW_DIVCLK
--------------------------------------------------------------------------------

================================================================================
Timing constraint: TS_clk_intermediate_13mhz = PERIOD TIMEGRP 
"clk_intermediate_13mhz" TS_nCLOCK         / 4 HIGH 50%;
For more information, see Period Analysis in the Timing Closure User Guide (UG612).

 0 paths analyzed, 0 endpoints analyzed, 0 failing endpoints
 0 timing errors detected. (0 component switching limit errors)
 Minimum period is  32.000ns.
--------------------------------------------------------------------------------

Component Switching Limit Checks: TS_clk_intermediate_13mhz = PERIOD TIMEGRP "clk_intermediate_13mhz" TS_nCLOCK
        / 4 HIGH 50%;
--------------------------------------------------------------------------------
Slack: 35.791ns (period - min period limit)
  Period: 38.462ns
  Min period limit: 2.670ns (374.532MHz) (Tdcmper_CLKOUT)
  Physical resource: dcm_final_inst/dcm_sp_inst/CLK2X
  Logical resource: dcm_final_inst/dcm_sp_inst/CLK2X
  Location pin: DCM_X0Y1.CLK2X
  Clock network: dcm_final_inst/clk2x
--------------------------------------------------------------------------------
Slack: 44.923ns (period - (min low pulse limit / (low pulse / period)))
  Period: 76.923ns
  Low pulse: 38.461ns
  Low pulse limit: 16.000ns (Tdcmpw_CLKIN_10_25)
  Physical resource: dcm_final_inst/dcm_sp_inst/CLKIN
  Logical resource: dcm_final_inst/dcm_sp_inst/CLKIN
  Location pin: DCM_X0Y1.CLKIN
  Clock network: clk_intermediate_13mhz_BUFG
--------------------------------------------------------------------------------
Slack: 44.923ns (period - (min high pulse limit / (high pulse / period)))
  Period: 76.923ns
  High pulse: 38.461ns
  High pulse limit: 16.000ns (Tdcmpw_CLKIN_10_25)
  Physical resource: dcm_final_inst/dcm_sp_inst/CLKIN
  Logical resource: dcm_final_inst/dcm_sp_inst/CLKIN
  Location pin: DCM_X0Y1.CLKIN
  Clock network: clk_intermediate_13mhz_BUFG
--------------------------------------------------------------------------------

================================================================================
Timing constraint: TS_dcm_final_inst_clk2x = PERIOD TIMEGRP 
"dcm_final_inst_clk2x"         TS_clk_intermediate_13mhz / 2 HIGH 50%;
For more information, see Period Analysis in the Timing Closure User Guide (UG612).

 13234 paths analyzed, 2357 endpoints analyzed, 0 failing endpoints
 0 timing errors detected. (0 setup errors, 0 hold errors, 0 component switching limit errors)
 Minimum period is   8.581ns.
--------------------------------------------------------------------------------

Paths for end point shadowram/U0/xst_blk_mem_generator/gnativebmg.native_blk_mem_gen/valid.cstr/ramloop[9].ram.r/s6_noinit.ram/TRUE_DP.PRIM18.ram (RAMB16_X0Y30.ADDRA0), 1 path
--------------------------------------------------------------------------------
Slack (setup path):     29.880ns (requirement - (data path - clock path skew + uncertainty))
  Source:               line_cnt_0 (FF)
  Destination:          shadowram/U0/xst_blk_mem_generator/gnativebmg.native_blk_mem_gen/valid.cstr/ramloop[9].ram.r/s6_noinit.ram/TRUE_DP.PRIM18.ram (RAM)
  Requirement:          38.461ns
  Data Path Delay:      7.975ns (Levels of Logic = 1)
  Clock Path Skew:      0.093ns (0.710 - 0.617)
  Source Clock:         system_clk rising at 0.000ns
  Destination Clock:    system_clk rising at 38.461ns
  Clock Uncertainty:    0.699ns

  Clock Uncertainty:          0.699ns  ((TSJ^2 + TIJ^2)^1/2 + DJ) / 2 + PE
    Total System Jitter (TSJ):  0.070ns
    Total Input Jitter (TIJ):   0.000ns
    Discrete Jitter (DJ):       1.326ns
    Phase Error (PE):           0.000ns

  Maximum Data Path at Slow Process Corner: line_cnt_0 to shadowram/U0/xst_blk_mem_generator/gnativebmg.native_blk_mem_gen/valid.cstr/ramloop[9].ram.r/s6_noinit.ram/TRUE_DP.PRIM18.ram
    Location             Delay type         Delay(ns)  Physical Resource
                                                       Logical Resource(s)
    -------------------------------------------------  -------------------
    SLICE_X12Y23.AQ      Tcko                  0.447   line_cnt<3>
                                                       line_cnt_0
    SLICE_X22Y26.C4      net (fanout=40)       1.602   line_cnt<0>
    SLICE_X22Y26.C       Tilo                  0.205   shadowram_addr<0>
                                                       Mmux_shadowram_addr11
    RAMB16_X0Y30.ADDRA0  net (fanout=32)       5.371   shadowram_addr<0>
    RAMB16_X0Y30.CLKA    Trcck_ADDRA           0.350   shadowram/U0/xst_blk_mem_generator/gnativebmg.native_blk_mem_gen/valid.cstr/ramloop[9].ram.r/s6_noinit.ram/TRUE_DP.PRIM18.ram
                                                       shadowram/U0/xst_blk_mem_generator/gnativebmg.native_blk_mem_gen/valid.cstr/ramloop[9].ram.r/s6_noinit.ram/TRUE_DP.PRIM18.ram
    -------------------------------------------------  ---------------------------
    Total                                      7.975ns (1.002ns logic, 6.973ns route)
                                                       (12.6% logic, 87.4% route)

--------------------------------------------------------------------------------

Paths for end point shadowram/U0/xst_blk_mem_generator/gnativebmg.native_blk_mem_gen/valid.cstr/ramloop[11].ram.r/s6_noinit.ram/TRUE_DP.PRIM18.ram (RAMB16_X0Y28.ADDRA0), 1 path
--------------------------------------------------------------------------------
Slack (setup path):     30.247ns (requirement - (data path - clock path skew + uncertainty))
  Source:               line_cnt_0 (FF)
  Destination:          shadowram/U0/xst_blk_mem_generator/gnativebmg.native_blk_mem_gen/valid.cstr/ramloop[11].ram.r/s6_noinit.ram/TRUE_DP.PRIM18.ram (RAM)
  Requirement:          38.461ns
  Data Path Delay:      7.599ns (Levels of Logic = 1)
  Clock Path Skew:      0.084ns (0.701 - 0.617)
  Source Clock:         system_clk rising at 0.000ns
  Destination Clock:    system_clk rising at 38.461ns
  Clock Uncertainty:    0.699ns

  Clock Uncertainty:          0.699ns  ((TSJ^2 + TIJ^2)^1/2 + DJ) / 2 + PE
    Total System Jitter (TSJ):  0.070ns
    Total Input Jitter (TIJ):   0.000ns
    Discrete Jitter (DJ):       1.326ns
    Phase Error (PE):           0.000ns

  Maximum Data Path at Slow Process Corner: line_cnt_0 to shadowram/U0/xst_blk_mem_generator/gnativebmg.native_blk_mem_gen/valid.cstr/ramloop[11].ram.r/s6_noinit.ram/TRUE_DP.PRIM18.ram
    Location             Delay type         Delay(ns)  Physical Resource
                                                       Logical Resource(s)
    -------------------------------------------------  -------------------
    SLICE_X12Y23.AQ      Tcko                  0.447   line_cnt<3>
                                                       line_cnt_0
    SLICE_X22Y26.C4      net (fanout=40)       1.602   line_cnt<0>
    SLICE_X22Y26.C       Tilo                  0.205   shadowram_addr<0>
                                                       Mmux_shadowram_addr11
    RAMB16_X0Y28.ADDRA0  net (fanout=32)       4.995   shadowram_addr<0>
    RAMB16_X0Y28.CLKA    Trcck_ADDRA           0.350   shadowram/U0/xst_blk_mem_generator/gnativebmg.native_blk_mem_gen/valid.cstr/ramloop[11].ram.r/s6_noinit.ram/TRUE_DP.PRIM18.ram
                                                       shadowram/U0/xst_blk_mem_generator/gnativebmg.native_blk_mem_gen/valid.cstr/ramloop[11].ram.r/s6_noinit.ram/TRUE_DP.PRIM18.ram
    -------------------------------------------------  ---------------------------
    Total                                      7.599ns (1.002ns logic, 6.597ns route)
                                                       (13.2% logic, 86.8% route)

--------------------------------------------------------------------------------

Paths for end point shadowram/U0/xst_blk_mem_generator/gnativebmg.native_blk_mem_gen/valid.cstr/ramloop[9].ram.r/s6_noinit.ram/TRUE_DP.PRIM18.ram (RAMB16_X0Y30.ADDRA1), 1 path
--------------------------------------------------------------------------------
Slack (setup path):     30.296ns (requirement - (data path - clock path skew + uncertainty))
  Source:               line_cnt_1 (FF)
  Destination:          shadowram/U0/xst_blk_mem_generator/gnativebmg.native_blk_mem_gen/valid.cstr/ramloop[9].ram.r/s6_noinit.ram/TRUE_DP.PRIM18.ram (RAM)
  Requirement:          38.461ns
  Data Path Delay:      7.559ns (Levels of Logic = 1)
  Clock Path Skew:      0.093ns (0.710 - 0.617)
  Source Clock:         system_clk rising at 0.000ns
  Destination Clock:    system_clk rising at 38.461ns
  Clock Uncertainty:    0.699ns

  Clock Uncertainty:          0.699ns  ((TSJ^2 + TIJ^2)^1/2 + DJ) / 2 + PE
    Total System Jitter (TSJ):  0.070ns
    Total Input Jitter (TIJ):   0.000ns
    Discrete Jitter (DJ):       1.326ns
    Phase Error (PE):           0.000ns

  Maximum Data Path at Slow Process Corner: line_cnt_1 to shadowram/U0/xst_blk_mem_generator/gnativebmg.native_blk_mem_gen/valid.cstr/ramloop[9].ram.r/s6_noinit.ram/TRUE_DP.PRIM18.ram
    Location             Delay type         Delay(ns)  Physical Resource
                                                       Logical Resource(s)
    -------------------------------------------------  -------------------
    SLICE_X12Y23.BQ      Tcko                  0.447   line_cnt<3>
                                                       line_cnt_1
    SLICE_X23Y30.B6      net (fanout=50)       1.617   line_cnt<1>
    SLICE_X23Y30.B       Tilo                  0.259   shadowram_addr<1>
                                                       Mmux_shadowram_addr81
    RAMB16_X0Y30.ADDRA1  net (fanout=32)       4.886   shadowram_addr<1>
    RAMB16_X0Y30.CLKA    Trcck_ADDRA           0.350   shadowram/U0/xst_blk_mem_generator/gnativebmg.native_blk_mem_gen/valid.cstr/ramloop[9].ram.r/s6_noinit.ram/TRUE_DP.PRIM18.ram
                                                       shadowram/U0/xst_blk_mem_generator/gnativebmg.native_blk_mem_gen/valid.cstr/ramloop[9].ram.r/s6_noinit.ram/TRUE_DP.PRIM18.ram
    -------------------------------------------------  ---------------------------
    Total                                      7.559ns (1.056ns logic, 6.503ns route)
                                                       (14.0% logic, 86.0% route)

--------------------------------------------------------------------------------

Hold Paths: TS_dcm_final_inst_clk2x = PERIOD TIMEGRP "dcm_final_inst_clk2x"
        TS_clk_intermediate_13mhz / 2 HIGH 50%;
--------------------------------------------------------------------------------

Paths for end point aychips[1].ay/noise_shiftreg_3 (SLICE_X10Y60.C5), 1 path
--------------------------------------------------------------------------------
Slack (hold path):      0.381ns (requirement - (clock path skew + uncertainty - data path))
  Source:               aychips[1].ay/noise_shiftreg_4 (FF)
  Destination:          aychips[1].ay/noise_shiftreg_3 (FF)
  Requirement:          0.000ns
  Data Path Delay:      0.381ns (Levels of Logic = 1)
  Clock Path Skew:      0.000ns
  Source Clock:         system_clk rising at 0.000ns
  Destination Clock:    system_clk rising at 0.000ns
  Clock Uncertainty:    0.000ns

  Minimum Data Path at Fast Process Corner: aychips[1].ay/noise_shiftreg_4 to aychips[1].ay/noise_shiftreg_3
    Location             Delay type         Delay(ns)  Physical Resource
                                                       Logical Resource(s)
    -------------------------------------------------  -------------------
    SLICE_X10Y60.CQ      Tcko                  0.200   aychips[1].ay/noise_shiftreg<6>
                                                       aychips[1].ay/noise_shiftreg_4
    SLICE_X10Y60.C5      net (fanout=1)        0.060   aychips[1].ay/noise_shiftreg<4>
    SLICE_X10Y60.CLK     Tah         (-Th)    -0.121   aychips[1].ay/noise_shiftreg<6>
                                                       aychips[1].ay/Mmux_noise_shiftreg[16]_GND_30_o_mux_138_OUT111
                                                       aychips[1].ay/noise_shiftreg_3
    -------------------------------------------------  ---------------------------
    Total                                      0.381ns (0.321ns logic, 0.060ns route)
                                                       (84.3% logic, 15.7% route)

--------------------------------------------------------------------------------

Paths for end point aychips[0].ay/noise_shiftreg_3 (SLICE_X17Y60.C5), 1 path
--------------------------------------------------------------------------------
Slack (hold path):      0.404ns (requirement - (clock path skew + uncertainty - data path))
  Source:               aychips[0].ay/noise_shiftreg_4 (FF)
  Destination:          aychips[0].ay/noise_shiftreg_3 (FF)
  Requirement:          0.000ns
  Data Path Delay:      0.404ns (Levels of Logic = 1)
  Clock Path Skew:      0.000ns
  Source Clock:         system_clk rising at 0.000ns
  Destination Clock:    system_clk rising at 0.000ns
  Clock Uncertainty:    0.000ns

  Minimum Data Path at Fast Process Corner: aychips[0].ay/noise_shiftreg_4 to aychips[0].ay/noise_shiftreg_3
    Location             Delay type         Delay(ns)  Physical Resource
                                                       Logical Resource(s)
    -------------------------------------------------  -------------------
    SLICE_X17Y60.CQ      Tcko                  0.198   aychips[0].ay/noise_shiftreg<6>
                                                       aychips[0].ay/noise_shiftreg_4
    SLICE_X17Y60.C5      net (fanout=1)        0.051   aychips[0].ay/noise_shiftreg<4>
    SLICE_X17Y60.CLK     Tah         (-Th)    -0.155   aychips[0].ay/noise_shiftreg<6>
                                                       aychips[0].ay/Mmux_noise_shiftreg[16]_GND_30_o_mux_138_OUT111
                                                       aychips[0].ay/noise_shiftreg_3
    -------------------------------------------------  ---------------------------
    Total                                      0.404ns (0.353ns logic, 0.051ns route)
                                                       (87.4% logic, 12.6% route)

--------------------------------------------------------------------------------

Paths for end point aychips[0].ay/tone_noise_BRB0 (SLICE_X6Y54.A6), 1 path
--------------------------------------------------------------------------------
Slack (hold path):      0.407ns (requirement - (clock path skew + uncertainty - data path))
  Source:               aychips[0].ay/tone_noise_BRB0 (FF)
  Destination:          aychips[0].ay/tone_noise_BRB0 (FF)
  Requirement:          0.000ns
  Data Path Delay:      0.407ns (Levels of Logic = 1)
  Clock Path Skew:      0.000ns
  Source Clock:         system_clk rising at 0.000ns
  Destination Clock:    system_clk rising at 0.000ns
  Clock Uncertainty:    0.000ns

  Minimum Data Path at Fast Process Corner: aychips[0].ay/tone_noise_BRB0 to aychips[0].ay/tone_noise_BRB0
    Location             Delay type         Delay(ns)  Physical Resource
                                                       Logical Resource(s)
    -------------------------------------------------  -------------------
    SLICE_X6Y54.AQ       Tcko                  0.200   aychips[0].ay/tone_noise_BRB3
                                                       aychips[0].ay/tone_noise_BRB0
    SLICE_X6Y54.A6       net (fanout=1)        0.017   aychips[0].ay/tone_noise_BRB0
    SLICE_X6Y54.CLK      Tah         (-Th)    -0.190   aychips[0].ay/tone_noise_BRB3
                                                       aychips[0].ay/tone_noise_rstpot
                                                       aychips[0].ay/tone_noise_BRB0
    -------------------------------------------------  ---------------------------
    Total                                      0.407ns (0.390ns logic, 0.017ns route)
                                                       (95.8% logic, 4.2% route)

--------------------------------------------------------------------------------

Component Switching Limit Checks: TS_dcm_final_inst_clk2x = PERIOD TIMEGRP "dcm_final_inst_clk2x"
        TS_clk_intermediate_13mhz / 2 HIGH 50%;
--------------------------------------------------------------------------------
Slack: 35.337ns (period - min period limit)
  Period: 38.461ns
  Min period limit: 3.124ns (320.102MHz) (Trper_CLKA(Fmax))
  Physical resource: shadowram/U0/xst_blk_mem_generator/gnativebmg.native_blk_mem_gen/valid.cstr/ramloop[0].ram.r/s6_noinit.ram/TRUE_DP.PRIM18.ram/CLKA
  Logical resource: shadowram/U0/xst_blk_mem_generator/gnativebmg.native_blk_mem_gen/valid.cstr/ramloop[0].ram.r/s6_noinit.ram/TRUE_DP.PRIM18.ram/CLKA
  Location pin: RAMB16_X0Y24.CLKA
  Clock network: system_clk
--------------------------------------------------------------------------------
Slack: 35.337ns (period - min period limit)
  Period: 38.461ns
  Min period limit: 3.124ns (320.102MHz) (Trper_CLKB(Fmax))
  Physical resource: shadowram/U0/xst_blk_mem_generator/gnativebmg.native_blk_mem_gen/valid.cstr/ramloop[0].ram.r/s6_noinit.ram/TRUE_DP.PRIM18.ram/CLKB
  Logical resource: shadowram/U0/xst_blk_mem_generator/gnativebmg.native_blk_mem_gen/valid.cstr/ramloop[0].ram.r/s6_noinit.ram/TRUE_DP.PRIM18.ram/CLKB
  Location pin: RAMB16_X0Y24.CLKB
  Clock network: system_clk
--------------------------------------------------------------------------------
Slack: 35.337ns (period - min period limit)
  Period: 38.461ns
  Min period limit: 3.124ns (320.102MHz) (Trper_CLKA(Fmax))
  Physical resource: shadowram/U0/xst_blk_mem_generator/gnativebmg.native_blk_mem_gen/valid.cstr/ramloop[1].ram.r/s6_noinit.ram/TRUE_DP.PRIM18.ram/CLKA
  Logical resource: shadowram/U0/xst_blk_mem_generator/gnativebmg.native_blk_mem_gen/valid.cstr/ramloop[1].ram.r/s6_noinit.ram/TRUE_DP.PRIM18.ram/CLKA
  Location pin: RAMB16_X1Y26.CLKA
  Clock network: system_clk
--------------------------------------------------------------------------------


Derived Constraint Report
Derived Constraints for TS_nCLOCK
+-------------------------------+-------------+-------------+-------------+-------------+-------------+-------------+-------------+
|                               |   Period    |       Actual Period       |      Timing Errors        |      Paths Analyzed       |
|           Constraint          | Requirement |-------------+-------------|-------------+-------------|-------------+-------------|
|                               |             |   Direct    | Derivative  |   Direct    | Derivative  |   Direct    | Derivative  |
+-------------------------------+-------------+-------------+-------------+-------------+-------------+-------------+-------------+
|TS_nCLOCK                      |    307.692ns|     80.000ns|    128.000ns|            0|            0|          406|        13234|
| TS_clk_intermediate_13mhz     |     76.923ns|     32.000ns|     17.162ns|            0|            0|            0|        13234|
|  TS_dcm_final_inst_clk2x      |     38.462ns|      8.581ns|          N/A|            0|            0|        13234|            0|
+-------------------------------+-------------+-------------+-------------+-------------+-------------+-------------+-------------+

All constraints were met.


Data Sheet report:
-----------------
All values displayed in nanoseconds (ns)

Clock to Setup on destination clock nCLOCK
---------------+---------+---------+---------+---------+
               | Src:Rise| Src:Fall| Src:Rise| Src:Fall|
Source Clock   |Dest:Rise|Dest:Rise|Dest:Fall|Dest:Fall|
---------------+---------+---------+---------+---------+
nCLOCK         |    8.581|         |         |         |
---------------+---------+---------+---------+---------+


Timing summary:
---------------

Timing errors: 0  Score: 0  (Setup/Max: 0, Hold: 0)

Constraints cover 13640 paths, 0 nets, and 2851 connections

Design statistics:
   Minimum period:  80.000ns{1}   (Maximum frequency:  12.500MHz)


------------------------------------Footnotes-----------------------------------
1)  The minimum period statistic assumes all single cycle delays.

Analysis completed Fri Oct  3 05:24:02 2025 
--------------------------------------------------------------------------------

Trace Settings:
-------------------------
Trace Settings 

Peak Memory Usage: 420 MB



