--------------------------------------------------------------------------------
Release 14.7 Trace  (lin64)
Copyright (c) 1995-2013 Xilinx, Inc.  All rights reserved.

/opt/Xilinx/14.7/ISE_DS/ISE/bin/lin64/unwrapped/trce -intstyle ise -v 3 -s 3 -n
3 -fastpaths -xml SD81.twx SD81.ncd -o SD81.twr SD81.pcf -ucf SD81XC6.ucf

Design file:              SD81.ncd
Physical constraint file: SD81.pcf
Device,package,speed:     xc6slx9,tqg144,C,-3 (PRODUCTION 1.23 2013-10-13)
Report level:             verbose report

Environment Variable      Effect 
--------------------      ------ 
NONE                      No environment variables were set
--------------------------------------------------------------------------------

INFO:Timing:3412 - To improve timing, see the Timing Closure User Guide (UG612).
INFO:Timing:2752 - To get complete path coverage, use the unconstrained paths 
   option. All paths that are not constrained will be reported in the 
   unconstrained paths section(s) of the report.
INFO:Timing:3339 - The clock-to-out numbers in this timing report are based on 
   a 50 Ohm transmission line loading model.  For the details of this model, 
   and for more information on accounting for different loading conditions, 
   please see the device datasheet.

================================================================================
Timing constraint: TS_nCLOCK = PERIOD TIMEGRP "nCLOCK" 307.692 ns HIGH 50%;
For more information, see Period Analysis in the Timing Closure User Guide (UG612).

 406 paths analyzed, 96 endpoints analyzed, 0 failing endpoints
 0 timing errors detected. (0 setup errors, 0 hold errors, 0 component switching limit errors)
 Minimum period is  80.000ns.
--------------------------------------------------------------------------------

Paths for end point FRAMES_2 (SLICE_X3Y38.CE), 7 paths
--------------------------------------------------------------------------------
Slack (setup path):     30.041ns (requirement - (data path - clock path skew + uncertainty))
  Source:               line_cnt_3 (FF)
  Destination:          FRAMES_2 (FF)
  Requirement:          38.462ns
  Data Path Delay:      5.738ns (Levels of Logic = 3)
  Clock Path Skew:      -1.834ns (1.451 - 3.285)
  Source Clock:         system_clk rising at 269.230ns
  Destination Clock:    nCLOCK_IBUFG_BUFG rising at 307.692ns
  Clock Uncertainty:    0.849ns

  Clock Uncertainty:          0.849ns  ((TSJ^2 + TIJ^2)^1/2 + DJ) / 2 + PE
    Total System Jitter (TSJ):  0.070ns
    Total Input Jitter (TIJ):   0.000ns
    Discrete Jitter (DJ):       1.326ns
    Phase Error (PE):           0.150ns

  Maximum Data Path at Slow Process Corner: line_cnt_3 to FRAMES_2
    Location             Delay type         Delay(ns)  Physical Resource
                                                       Logical Resource(s)
    -------------------------------------------------  -------------------
    SLICE_X15Y27.DQ      Tcko                  0.391   line_cnt<3>
                                                       line_cnt_3
    SLICE_X12Y31.C3      net (fanout=8)        0.741   line_cnt<3>
    SLICE_X12Y31.C       Tilo                  0.204   line_cnt<8>
                                                       _n247221
    SLICE_X12Y31.B4      net (fanout=2)        0.277   _n24722
    SLICE_X12Y31.B       Tilo                  0.203   line_cnt<8>
                                                       old_vsync2_sfast_mode_en_AND_104_o1
    SLICE_X12Y50.B5      net (fanout=17)       1.457   old_vsync2_sfast_mode_en_AND_104_o
    SLICE_X12Y50.BMUX    Tilo                  0.261   debug_rdy_delayed<3>
                                                       _n2493_inv1
    SLICE_X3Y38.CE       net (fanout=4)        1.864   _n2493_inv
    SLICE_X3Y38.CLK      Tceck                 0.340   FRAMES<3>
                                                       FRAMES_2
    -------------------------------------------------  ---------------------------
    Total                                      5.738ns (1.399ns logic, 4.339ns route)
                                                       (24.4% logic, 75.6% route)

--------------------------------------------------------------------------------
Slack (setup path):     30.112ns (requirement - (data path - clock path skew + uncertainty))
  Source:               line_cnt_7 (FF)
  Destination:          FRAMES_2 (FF)
  Requirement:          38.462ns
  Data Path Delay:      5.662ns (Levels of Logic = 3)
  Clock Path Skew:      -1.839ns (1.451 - 3.290)
  Source Clock:         system_clk rising at 269.230ns
  Destination Clock:    nCLOCK_IBUFG_BUFG rising at 307.692ns
  Clock Uncertainty:    0.849ns

  Clock Uncertainty:          0.849ns  ((TSJ^2 + TIJ^2)^1/2 + DJ) / 2 + PE
    Total System Jitter (TSJ):  0.070ns
    Total Input Jitter (TIJ):   0.000ns
    Discrete Jitter (DJ):       1.326ns
    Phase Error (PE):           0.150ns

  Maximum Data Path at Slow Process Corner: line_cnt_7 to FRAMES_2
    Location             Delay type         Delay(ns)  Physical Resource
                                                       Logical Resource(s)
    -------------------------------------------------  -------------------
    SLICE_X12Y30.DQ      Tcko                  0.447   line_cnt<7>
                                                       line_cnt_7
    SLICE_X12Y31.C2      net (fanout=6)        0.609   line_cnt<7>
    SLICE_X12Y31.C       Tilo                  0.204   line_cnt<8>
                                                       _n247221
    SLICE_X12Y31.B4      net (fanout=2)        0.277   _n24722
    SLICE_X12Y31.B       Tilo                  0.203   line_cnt<8>
                                                       old_vsync2_sfast_mode_en_AND_104_o1
    SLICE_X12Y50.B5      net (fanout=17)       1.457   old_vsync2_sfast_mode_en_AND_104_o
    SLICE_X12Y50.BMUX    Tilo                  0.261   debug_rdy_delayed<3>
                                                       _n2493_inv1
    SLICE_X3Y38.CE       net (fanout=4)        1.864   _n2493_inv
    SLICE_X3Y38.CLK      Tceck                 0.340   FRAMES<3>
                                                       FRAMES_2
    -------------------------------------------------  ---------------------------
    Total                                      5.662ns (1.455ns logic, 4.207ns route)
                                                       (25.7% logic, 74.3% route)

--------------------------------------------------------------------------------
Slack (setup path):     30.346ns (requirement - (data path - clock path skew + uncertainty))
  Source:               line_cnt_6 (FF)
  Destination:          FRAMES_2 (FF)
  Requirement:          38.462ns
  Data Path Delay:      5.428ns (Levels of Logic = 3)
  Clock Path Skew:      -1.839ns (1.451 - 3.290)
  Source Clock:         system_clk rising at 269.230ns
  Destination Clock:    nCLOCK_IBUFG_BUFG rising at 307.692ns
  Clock Uncertainty:    0.849ns

  Clock Uncertainty:          0.849ns  ((TSJ^2 + TIJ^2)^1/2 + DJ) / 2 + PE
    Total System Jitter (TSJ):  0.070ns
    Total Input Jitter (TIJ):   0.000ns
    Discrete Jitter (DJ):       1.326ns
    Phase Error (PE):           0.150ns

  Maximum Data Path at Slow Process Corner: line_cnt_6 to FRAMES_2
    Location             Delay type         Delay(ns)  Physical Resource
                                                       Logical Resource(s)
    -------------------------------------------------  -------------------
    SLICE_X12Y30.CQ      Tcko                  0.447   line_cnt<7>
                                                       line_cnt_6
    SLICE_X12Y31.C5      net (fanout=8)        0.375   line_cnt<6>
    SLICE_X12Y31.C       Tilo                  0.204   line_cnt<8>
                                                       _n247221
    SLICE_X12Y31.B4      net (fanout=2)        0.277   _n24722
    SLICE_X12Y31.B       Tilo                  0.203   line_cnt<8>
                                                       old_vsync2_sfast_mode_en_AND_104_o1
    SLICE_X12Y50.B5      net (fanout=17)       1.457   old_vsync2_sfast_mode_en_AND_104_o
    SLICE_X12Y50.BMUX    Tilo                  0.261   debug_rdy_delayed<3>
                                                       _n2493_inv1
    SLICE_X3Y38.CE       net (fanout=4)        1.864   _n2493_inv
    SLICE_X3Y38.CLK      Tceck                 0.340   FRAMES<3>
                                                       FRAMES_2
    -------------------------------------------------  ---------------------------
    Total                                      5.428ns (1.455ns logic, 3.973ns route)
                                                       (26.8% logic, 73.2% route)

--------------------------------------------------------------------------------

Paths for end point FRAMES_1 (SLICE_X3Y38.CE), 7 paths
--------------------------------------------------------------------------------
Slack (setup path):     30.057ns (requirement - (data path - clock path skew + uncertainty))
  Source:               line_cnt_3 (FF)
  Destination:          FRAMES_1 (FF)
  Requirement:          38.462ns
  Data Path Delay:      5.722ns (Levels of Logic = 3)
  Clock Path Skew:      -1.834ns (1.451 - 3.285)
  Source Clock:         system_clk rising at 269.230ns
  Destination Clock:    nCLOCK_IBUFG_BUFG rising at 307.692ns
  Clock Uncertainty:    0.849ns

  Clock Uncertainty:          0.849ns  ((TSJ^2 + TIJ^2)^1/2 + DJ) / 2 + PE
    Total System Jitter (TSJ):  0.070ns
    Total Input Jitter (TIJ):   0.000ns
    Discrete Jitter (DJ):       1.326ns
    Phase Error (PE):           0.150ns

  Maximum Data Path at Slow Process Corner: line_cnt_3 to FRAMES_1
    Location             Delay type         Delay(ns)  Physical Resource
                                                       Logical Resource(s)
    -------------------------------------------------  -------------------
    SLICE_X15Y27.DQ      Tcko                  0.391   line_cnt<3>
                                                       line_cnt_3
    SLICE_X12Y31.C3      net (fanout=8)        0.741   line_cnt<3>
    SLICE_X12Y31.C       Tilo                  0.204   line_cnt<8>
                                                       _n247221
    SLICE_X12Y31.B4      net (fanout=2)        0.277   _n24722
    SLICE_X12Y31.B       Tilo                  0.203   line_cnt<8>
                                                       old_vsync2_sfast_mode_en_AND_104_o1
    SLICE_X12Y50.B5      net (fanout=17)       1.457   old_vsync2_sfast_mode_en_AND_104_o
    SLICE_X12Y50.BMUX    Tilo                  0.261   debug_rdy_delayed<3>
                                                       _n2493_inv1
    SLICE_X3Y38.CE       net (fanout=4)        1.864   _n2493_inv
    SLICE_X3Y38.CLK      Tceck                 0.324   FRAMES<3>
                                                       FRAMES_1
    -------------------------------------------------  ---------------------------
    Total                                      5.722ns (1.383ns logic, 4.339ns route)
                                                       (24.2% logic, 75.8% route)

--------------------------------------------------------------------------------
Slack (setup path):     30.128ns (requirement - (data path - clock path skew + uncertainty))
  Source:               line_cnt_7 (FF)
  Destination:          FRAMES_1 (FF)
  Requirement:          38.462ns
  Data Path Delay:      5.646ns (Levels of Logic = 3)
  Clock Path Skew:      -1.839ns (1.451 - 3.290)
  Source Clock:         system_clk rising at 269.230ns
  Destination Clock:    nCLOCK_IBUFG_BUFG rising at 307.692ns
  Clock Uncertainty:    0.849ns

  Clock Uncertainty:          0.849ns  ((TSJ^2 + TIJ^2)^1/2 + DJ) / 2 + PE
    Total System Jitter (TSJ):  0.070ns
    Total Input Jitter (TIJ):   0.000ns
    Discrete Jitter (DJ):       1.326ns
    Phase Error (PE):           0.150ns

  Maximum Data Path at Slow Process Corner: line_cnt_7 to FRAMES_1
    Location             Delay type         Delay(ns)  Physical Resource
                                                       Logical Resource(s)
    -------------------------------------------------  -------------------
    SLICE_X12Y30.DQ      Tcko                  0.447   line_cnt<7>
                                                       line_cnt_7
    SLICE_X12Y31.C2      net (fanout=6)        0.609   line_cnt<7>
    SLICE_X12Y31.C       Tilo                  0.204   line_cnt<8>
                                                       _n247221
    SLICE_X12Y31.B4      net (fanout=2)        0.277   _n24722
    SLICE_X12Y31.B       Tilo                  0.203   line_cnt<8>
                                                       old_vsync2_sfast_mode_en_AND_104_o1
    SLICE_X12Y50.B5      net (fanout=17)       1.457   old_vsync2_sfast_mode_en_AND_104_o
    SLICE_X12Y50.BMUX    Tilo                  0.261   debug_rdy_delayed<3>
                                                       _n2493_inv1
    SLICE_X3Y38.CE       net (fanout=4)        1.864   _n2493_inv
    SLICE_X3Y38.CLK      Tceck                 0.324   FRAMES<3>
                                                       FRAMES_1
    -------------------------------------------------  ---------------------------
    Total                                      5.646ns (1.439ns logic, 4.207ns route)
                                                       (25.5% logic, 74.5% route)

--------------------------------------------------------------------------------
Slack (setup path):     30.362ns (requirement - (data path - clock path skew + uncertainty))
  Source:               line_cnt_6 (FF)
  Destination:          FRAMES_1 (FF)
  Requirement:          38.462ns
  Data Path Delay:      5.412ns (Levels of Logic = 3)
  Clock Path Skew:      -1.839ns (1.451 - 3.290)
  Source Clock:         system_clk rising at 269.230ns
  Destination Clock:    nCLOCK_IBUFG_BUFG rising at 307.692ns
  Clock Uncertainty:    0.849ns

  Clock Uncertainty:          0.849ns  ((TSJ^2 + TIJ^2)^1/2 + DJ) / 2 + PE
    Total System Jitter (TSJ):  0.070ns
    Total Input Jitter (TIJ):   0.000ns
    Discrete Jitter (DJ):       1.326ns
    Phase Error (PE):           0.150ns

  Maximum Data Path at Slow Process Corner: line_cnt_6 to FRAMES_1
    Location             Delay type         Delay(ns)  Physical Resource
                                                       Logical Resource(s)
    -------------------------------------------------  -------------------
    SLICE_X12Y30.CQ      Tcko                  0.447   line_cnt<7>
                                                       line_cnt_6
    SLICE_X12Y31.C5      net (fanout=8)        0.375   line_cnt<6>
    SLICE_X12Y31.C       Tilo                  0.204   line_cnt<8>
                                                       _n247221
    SLICE_X12Y31.B4      net (fanout=2)        0.277   _n24722
    SLICE_X12Y31.B       Tilo                  0.203   line_cnt<8>
                                                       old_vsync2_sfast_mode_en_AND_104_o1
    SLICE_X12Y50.B5      net (fanout=17)       1.457   old_vsync2_sfast_mode_en_AND_104_o
    SLICE_X12Y50.BMUX    Tilo                  0.261   debug_rdy_delayed<3>
                                                       _n2493_inv1
    SLICE_X3Y38.CE       net (fanout=4)        1.864   _n2493_inv
    SLICE_X3Y38.CLK      Tceck                 0.324   FRAMES<3>
                                                       FRAMES_1
    -------------------------------------------------  ---------------------------
    Total                                      5.412ns (1.439ns logic, 3.973ns route)
                                                       (26.6% logic, 73.4% route)

--------------------------------------------------------------------------------

Paths for end point FRAMES_3 (SLICE_X3Y38.CE), 7 paths
--------------------------------------------------------------------------------
Slack (setup path):     30.065ns (requirement - (data path - clock path skew + uncertainty))
  Source:               line_cnt_3 (FF)
  Destination:          FRAMES_3 (FF)
  Requirement:          38.462ns
  Data Path Delay:      5.714ns (Levels of Logic = 3)
  Clock Path Skew:      -1.834ns (1.451 - 3.285)
  Source Clock:         system_clk rising at 269.230ns
  Destination Clock:    nCLOCK_IBUFG_BUFG rising at 307.692ns
  Clock Uncertainty:    0.849ns

  Clock Uncertainty:          0.849ns  ((TSJ^2 + TIJ^2)^1/2 + DJ) / 2 + PE
    Total System Jitter (TSJ):  0.070ns
    Total Input Jitter (TIJ):   0.000ns
    Discrete Jitter (DJ):       1.326ns
    Phase Error (PE):           0.150ns

  Maximum Data Path at Slow Process Corner: line_cnt_3 to FRAMES_3
    Location             Delay type         Delay(ns)  Physical Resource
                                                       Logical Resource(s)
    -------------------------------------------------  -------------------
    SLICE_X15Y27.DQ      Tcko                  0.391   line_cnt<3>
                                                       line_cnt_3
    SLICE_X12Y31.C3      net (fanout=8)        0.741   line_cnt<3>
    SLICE_X12Y31.C       Tilo                  0.204   line_cnt<8>
                                                       _n247221
    SLICE_X12Y31.B4      net (fanout=2)        0.277   _n24722
    SLICE_X12Y31.B       Tilo                  0.203   line_cnt<8>
                                                       old_vsync2_sfast_mode_en_AND_104_o1
    SLICE_X12Y50.B5      net (fanout=17)       1.457   old_vsync2_sfast_mode_en_AND_104_o
    SLICE_X12Y50.BMUX    Tilo                  0.261   debug_rdy_delayed<3>
                                                       _n2493_inv1
    SLICE_X3Y38.CE       net (fanout=4)        1.864   _n2493_inv
    SLICE_X3Y38.CLK      Tceck                 0.316   FRAMES<3>
                                                       FRAMES_3
    -------------------------------------------------  ---------------------------
    Total                                      5.714ns (1.375ns logic, 4.339ns route)
                                                       (24.1% logic, 75.9% route)

--------------------------------------------------------------------------------
Slack (setup path):     30.136ns (requirement - (data path - clock path skew + uncertainty))
  Source:               line_cnt_7 (FF)
  Destination:          FRAMES_3 (FF)
  Requirement:          38.462ns
  Data Path Delay:      5.638ns (Levels of Logic = 3)
  Clock Path Skew:      -1.839ns (1.451 - 3.290)
  Source Clock:         system_clk rising at 269.230ns
  Destination Clock:    nCLOCK_IBUFG_BUFG rising at 307.692ns
  Clock Uncertainty:    0.849ns

  Clock Uncertainty:          0.849ns  ((TSJ^2 + TIJ^2)^1/2 + DJ) / 2 + PE
    Total System Jitter (TSJ):  0.070ns
    Total Input Jitter (TIJ):   0.000ns
    Discrete Jitter (DJ):       1.326ns
    Phase Error (PE):           0.150ns

  Maximum Data Path at Slow Process Corner: line_cnt_7 to FRAMES_3
    Location             Delay type         Delay(ns)  Physical Resource
                                                       Logical Resource(s)
    -------------------------------------------------  -------------------
    SLICE_X12Y30.DQ      Tcko                  0.447   line_cnt<7>
                                                       line_cnt_7
    SLICE_X12Y31.C2      net (fanout=6)        0.609   line_cnt<7>
    SLICE_X12Y31.C       Tilo                  0.204   line_cnt<8>
                                                       _n247221
    SLICE_X12Y31.B4      net (fanout=2)        0.277   _n24722
    SLICE_X12Y31.B       Tilo                  0.203   line_cnt<8>
                                                       old_vsync2_sfast_mode_en_AND_104_o1
    SLICE_X12Y50.B5      net (fanout=17)       1.457   old_vsync2_sfast_mode_en_AND_104_o
    SLICE_X12Y50.BMUX    Tilo                  0.261   debug_rdy_delayed<3>
                                                       _n2493_inv1
    SLICE_X3Y38.CE       net (fanout=4)        1.864   _n2493_inv
    SLICE_X3Y38.CLK      Tceck                 0.316   FRAMES<3>
                                                       FRAMES_3
    -------------------------------------------------  ---------------------------
    Total                                      5.638ns (1.431ns logic, 4.207ns route)
                                                       (25.4% logic, 74.6% route)

--------------------------------------------------------------------------------
Slack (setup path):     30.370ns (requirement - (data path - clock path skew + uncertainty))
  Source:               line_cnt_6 (FF)
  Destination:          FRAMES_3 (FF)
  Requirement:          38.462ns
  Data Path Delay:      5.404ns (Levels of Logic = 3)
  Clock Path Skew:      -1.839ns (1.451 - 3.290)
  Source Clock:         system_clk rising at 269.230ns
  Destination Clock:    nCLOCK_IBUFG_BUFG rising at 307.692ns
  Clock Uncertainty:    0.849ns

  Clock Uncertainty:          0.849ns  ((TSJ^2 + TIJ^2)^1/2 + DJ) / 2 + PE
    Total System Jitter (TSJ):  0.070ns
    Total Input Jitter (TIJ):   0.000ns
    Discrete Jitter (DJ):       1.326ns
    Phase Error (PE):           0.150ns

  Maximum Data Path at Slow Process Corner: line_cnt_6 to FRAMES_3
    Location             Delay type         Delay(ns)  Physical Resource
                                                       Logical Resource(s)
    -------------------------------------------------  -------------------
    SLICE_X12Y30.CQ      Tcko                  0.447   line_cnt<7>
                                                       line_cnt_6
    SLICE_X12Y31.C5      net (fanout=8)        0.375   line_cnt<6>
    SLICE_X12Y31.C       Tilo                  0.204   line_cnt<8>
                                                       _n247221
    SLICE_X12Y31.B4      net (fanout=2)        0.277   _n24722
    SLICE_X12Y31.B       Tilo                  0.203   line_cnt<8>
                                                       old_vsync2_sfast_mode_en_AND_104_o1
    SLICE_X12Y50.B5      net (fanout=17)       1.457   old_vsync2_sfast_mode_en_AND_104_o
    SLICE_X12Y50.BMUX    Tilo                  0.261   debug_rdy_delayed<3>
                                                       _n2493_inv1
    SLICE_X3Y38.CE       net (fanout=4)        1.864   _n2493_inv
    SLICE_X3Y38.CLK      Tceck                 0.316   FRAMES<3>
                                                       FRAMES_3
    -------------------------------------------------  ---------------------------
    Total                                      5.404ns (1.431ns logic, 3.973ns route)
                                                       (26.5% logic, 73.5% route)

--------------------------------------------------------------------------------

Hold Paths: TS_nCLOCK = PERIOD TIMEGRP "nCLOCK" 307.692 ns HIGH 50%;
--------------------------------------------------------------------------------

Paths for end point FRAMES_15 (SLICE_X3Y41.D6), 1 path
--------------------------------------------------------------------------------
Slack (hold path):      0.439ns (requirement - (clock path skew + uncertainty - data path))
  Source:               FRAMES_15 (FF)
  Destination:          FRAMES_15 (FF)
  Requirement:          0.000ns
  Data Path Delay:      0.439ns (Levels of Logic = 1)
  Clock Path Skew:      0.000ns
  Source Clock:         nCLOCK_IBUFG_BUFG rising at 307.692ns
  Destination Clock:    nCLOCK_IBUFG_BUFG rising at 307.692ns
  Clock Uncertainty:    0.000ns

  Minimum Data Path at Fast Process Corner: FRAMES_15 to FRAMES_15
    Location             Delay type         Delay(ns)  Physical Resource
                                                       Logical Resource(s)
    -------------------------------------------------  -------------------
    SLICE_X3Y41.DQ       Tcko                  0.198   FRAMES<15>
                                                       FRAMES_15
    SLICE_X3Y41.D6       net (fanout=2)        0.026   FRAMES<15>
    SLICE_X3Y41.CLK      Tah         (-Th)    -0.215   FRAMES<15>
                                                       Mmux_FRAMES[15]_FRAMES[15]_mux_317_OUT71
                                                       FRAMES_15
    -------------------------------------------------  ---------------------------
    Total                                      0.439ns (0.413ns logic, 0.026ns route)
                                                       (94.1% logic, 5.9% route)

--------------------------------------------------------------------------------

Paths for end point debug_rdy_delayed_7 (SLICE_X12Y53.DX), 1 path
--------------------------------------------------------------------------------
Slack (hold path):      0.439ns (requirement - (clock path skew + uncertainty - data path))
  Source:               debug_rdy_delayed_6 (FF)
  Destination:          debug_rdy_delayed_7 (FF)
  Requirement:          0.000ns
  Data Path Delay:      0.439ns (Levels of Logic = 0)
  Clock Path Skew:      0.000ns
  Source Clock:         nCLOCK_IBUFG_BUFG rising at 307.692ns
  Destination Clock:    nCLOCK_IBUFG_BUFG rising at 307.692ns
  Clock Uncertainty:    0.000ns

  Minimum Data Path at Fast Process Corner: debug_rdy_delayed_6 to debug_rdy_delayed_7
    Location             Delay type         Delay(ns)  Physical Resource
                                                       Logical Resource(s)
    -------------------------------------------------  -------------------
    SLICE_X12Y53.CQ      Tcko                  0.234   debug_rdy_delayed<7>
                                                       debug_rdy_delayed_6
    SLICE_X12Y53.DX      net (fanout=2)        0.164   debug_rdy_delayed<6>
    SLICE_X12Y53.CLK     Tckdi       (-Th)    -0.041   debug_rdy_delayed<7>
                                                       debug_rdy_delayed_7
    -------------------------------------------------  ---------------------------
    Total                                      0.439ns (0.275ns logic, 0.164ns route)
                                                       (62.6% logic, 37.4% route)

--------------------------------------------------------------------------------

Paths for end point FRAMES_0 (SLICE_X3Y38.A6), 1 path
--------------------------------------------------------------------------------
Slack (hold path):      0.440ns (requirement - (clock path skew + uncertainty - data path))
  Source:               FRAMES_0 (FF)
  Destination:          FRAMES_0 (FF)
  Requirement:          0.000ns
  Data Path Delay:      0.440ns (Levels of Logic = 1)
  Clock Path Skew:      0.000ns
  Source Clock:         nCLOCK_IBUFG_BUFG rising at 307.692ns
  Destination Clock:    nCLOCK_IBUFG_BUFG rising at 307.692ns
  Clock Uncertainty:    0.000ns

  Minimum Data Path at Fast Process Corner: FRAMES_0 to FRAMES_0
    Location             Delay type         Delay(ns)  Physical Resource
                                                       Logical Resource(s)
    -------------------------------------------------  -------------------
    SLICE_X3Y38.AQ       Tcko                  0.198   FRAMES<3>
                                                       FRAMES_0
    SLICE_X3Y38.A6       net (fanout=3)        0.027   FRAMES<0>
    SLICE_X3Y38.CLK      Tah         (-Th)    -0.215   FRAMES<3>
                                                       Mmux_FRAMES[15]_FRAMES[15]_mux_317_OUT17
                                                       FRAMES_0
    -------------------------------------------------  ---------------------------
    Total                                      0.440ns (0.413ns logic, 0.027ns route)
                                                       (93.9% logic, 6.1% route)

--------------------------------------------------------------------------------

Component Switching Limit Checks: TS_nCLOCK = PERIOD TIMEGRP "nCLOCK" 307.692 ns HIGH 50%;
--------------------------------------------------------------------------------
Slack: 74.253ns (period - min period limit)
  Period: 76.923ns
  Min period limit: 2.670ns (374.532MHz) (Tdcmper_CLKFX)
  Physical resource: dcm_booster_inst/CLKFX
  Logical resource: dcm_booster_inst/CLKFX
  Location pin: DCM_X0Y2.CLKFX
  Clock network: clk_intermediate_13mhz
--------------------------------------------------------------------------------
Slack: 123.077ns (max period limit - period)
  Period: 76.923ns
  Max period limit: 200.000ns (5.000MHz) (Tdcmper_CLKFX)
  Physical resource: dcm_booster_inst/CLKFX
  Logical resource: dcm_booster_inst/CLKFX
  Location pin: DCM_X0Y2.CLKFX
  Clock network: clk_intermediate_13mhz
--------------------------------------------------------------------------------
Slack: 227.692ns (period - (min low pulse limit / (low pulse / period)))
  Period: 307.692ns
  Low pulse: 153.846ns
  Low pulse limit: 40.000ns (Tdcmpw_CLKIN_1_10)
  Physical resource: dcm_booster_inst/CLKIN
  Logical resource: dcm_booster_inst/CLKIN
  Location pin: DCM_X0Y2.CLKIN
  Clock network: dcm_booster_inst_ML_NEW_DIVCLK
--------------------------------------------------------------------------------

================================================================================
Timing constraint: TS_clk_intermediate_13mhz = PERIOD TIMEGRP 
"clk_intermediate_13mhz" TS_nCLOCK         / 4 HIGH 50%;
For more information, see Period Analysis in the Timing Closure User Guide (UG612).

 0 paths analyzed, 0 endpoints analyzed, 0 failing endpoints
 0 timing errors detected. (0 component switching limit errors)
 Minimum period is  32.000ns.
--------------------------------------------------------------------------------

Component Switching Limit Checks: TS_clk_intermediate_13mhz = PERIOD TIMEGRP "clk_intermediate_13mhz" TS_nCLOCK
        / 4 HIGH 50%;
--------------------------------------------------------------------------------
Slack: 35.791ns (period - min period limit)
  Period: 38.462ns
  Min period limit: 2.670ns (374.532MHz) (Tdcmper_CLKOUT)
  Physical resource: dcm_final_inst/dcm_sp_inst/CLK2X
  Logical resource: dcm_final_inst/dcm_sp_inst/CLK2X
  Location pin: DCM_X0Y1.CLK2X
  Clock network: dcm_final_inst/clk2x
--------------------------------------------------------------------------------
Slack: 44.923ns (period - (min low pulse limit / (low pulse / period)))
  Period: 76.923ns
  Low pulse: 38.461ns
  Low pulse limit: 16.000ns (Tdcmpw_CLKIN_10_25)
  Physical resource: dcm_final_inst/dcm_sp_inst/CLKIN
  Logical resource: dcm_final_inst/dcm_sp_inst/CLKIN
  Location pin: DCM_X0Y1.CLKIN
  Clock network: clk_intermediate_13mhz_BUFG
--------------------------------------------------------------------------------
Slack: 44.923ns (period - (min high pulse limit / (high pulse / period)))
  Period: 76.923ns
  High pulse: 38.461ns
  High pulse limit: 16.000ns (Tdcmpw_CLKIN_10_25)
  Physical resource: dcm_final_inst/dcm_sp_inst/CLKIN
  Logical resource: dcm_final_inst/dcm_sp_inst/CLKIN
  Location pin: DCM_X0Y1.CLKIN
  Clock network: clk_intermediate_13mhz_BUFG
--------------------------------------------------------------------------------

================================================================================
Timing constraint: TS_dcm_final_inst_clk2x = PERIOD TIMEGRP 
"dcm_final_inst_clk2x"         TS_clk_intermediate_13mhz / 2 HIGH 50%;
For more information, see Period Analysis in the Timing Closure User Guide (UG612).

 643 paths analyzed, 434 endpoints analyzed, 0 failing endpoints
 0 timing errors detected. (0 setup errors, 0 hold errors, 0 component switching limit errors)
 Minimum period is   8.399ns.
--------------------------------------------------------------------------------

Paths for end point shadowram/U0/xst_blk_mem_generator/gnativebmg.native_blk_mem_gen/valid.cstr/ramloop[19].ram.r/s6_noinit.ram/TRUE_DP.PRIM18.ram (RAMB16_X0Y0.ADDRA8), 1 path
--------------------------------------------------------------------------------
Slack (setup path):     30.062ns (requirement - (data path - clock path skew + uncertainty))
  Source:               char_latch_5 (FF)
  Destination:          shadowram/U0/xst_blk_mem_generator/gnativebmg.native_blk_mem_gen/valid.cstr/ramloop[19].ram.r/s6_noinit.ram/TRUE_DP.PRIM18.ram (RAM)
  Requirement:          38.461ns
  Data Path Delay:      7.784ns (Levels of Logic = 1)
  Clock Path Skew:      0.084ns (0.711 - 0.627)
  Source Clock:         system_clk rising at 0.000ns
  Destination Clock:    system_clk rising at 38.461ns
  Clock Uncertainty:    0.699ns

  Clock Uncertainty:          0.699ns  ((TSJ^2 + TIJ^2)^1/2 + DJ) / 2 + PE
    Total System Jitter (TSJ):  0.070ns
    Total Input Jitter (TIJ):   0.000ns
    Discrete Jitter (DJ):       1.326ns
    Phase Error (PE):           0.000ns

  Maximum Data Path at Slow Process Corner: char_latch_5 to shadowram/U0/xst_blk_mem_generator/gnativebmg.native_blk_mem_gen/valid.cstr/ramloop[19].ram.r/s6_noinit.ram/TRUE_DP.PRIM18.ram
    Location             Delay type         Delay(ns)  Physical Resource
                                                       Logical Resource(s)
    -------------------------------------------------  -------------------
    SLICE_X21Y42.BQ      Tcko                  0.391   char_latch<7>
                                                       char_latch_5
    SLICE_X21Y42.C1      net (fanout=2)        0.586   char_latch<5>
    SLICE_X21Y42.C       Tilo                  0.259   char_latch<7>
                                                       Mmux_shadowram_addr151
    RAMB16_X0Y0.ADDRA8   net (fanout=32)       6.198   shadowram_addr<8>
    RAMB16_X0Y0.CLKA     Trcck_ADDRA           0.350   shadowram/U0/xst_blk_mem_generator/gnativebmg.native_blk_mem_gen/valid.cstr/ramloop[19].ram.r/s6_noinit.ram/TRUE_DP.PRIM18.ram
                                                       shadowram/U0/xst_blk_mem_generator/gnativebmg.native_blk_mem_gen/valid.cstr/ramloop[19].ram.r/s6_noinit.ram/TRUE_DP.PRIM18.ram
    -------------------------------------------------  ---------------------------
    Total                                      7.784ns (1.000ns logic, 6.784ns route)
                                                       (12.8% logic, 87.2% route)

--------------------------------------------------------------------------------

Paths for end point shadowram/U0/xst_blk_mem_generator/gnativebmg.native_blk_mem_gen/valid.cstr/ramloop[19].ram.r/s6_noinit.ram/TRUE_DP.PRIM18.ram (RAMB16_X0Y0.ADDRA7), 1 path
--------------------------------------------------------------------------------
Slack (setup path):     30.281ns (requirement - (data path - clock path skew + uncertainty))
  Source:               char_latch_4 (FF)
  Destination:          shadowram/U0/xst_blk_mem_generator/gnativebmg.native_blk_mem_gen/valid.cstr/ramloop[19].ram.r/s6_noinit.ram/TRUE_DP.PRIM18.ram (RAM)
  Requirement:          38.461ns
  Data Path Delay:      7.565ns (Levels of Logic = 1)
  Clock Path Skew:      0.084ns (0.711 - 0.627)
  Source Clock:         system_clk rising at 0.000ns
  Destination Clock:    system_clk rising at 38.461ns
  Clock Uncertainty:    0.699ns

  Clock Uncertainty:          0.699ns  ((TSJ^2 + TIJ^2)^1/2 + DJ) / 2 + PE
    Total System Jitter (TSJ):  0.070ns
    Total Input Jitter (TIJ):   0.000ns
    Discrete Jitter (DJ):       1.326ns
    Phase Error (PE):           0.000ns

  Maximum Data Path at Slow Process Corner: char_latch_4 to shadowram/U0/xst_blk_mem_generator/gnativebmg.native_blk_mem_gen/valid.cstr/ramloop[19].ram.r/s6_noinit.ram/TRUE_DP.PRIM18.ram
    Location             Delay type         Delay(ns)  Physical Resource
                                                       Logical Resource(s)
    -------------------------------------------------  -------------------
    SLICE_X21Y42.AQ      Tcko                  0.391   char_latch<7>
                                                       char_latch_4
    SLICE_X21Y42.B1      net (fanout=2)        0.427   char_latch<4>
    SLICE_X21Y42.B       Tilo                  0.259   char_latch<7>
                                                       Mmux_shadowram_addr141
    RAMB16_X0Y0.ADDRA7   net (fanout=32)       6.138   shadowram_addr<7>
    RAMB16_X0Y0.CLKA     Trcck_ADDRA           0.350   shadowram/U0/xst_blk_mem_generator/gnativebmg.native_blk_mem_gen/valid.cstr/ramloop[19].ram.r/s6_noinit.ram/TRUE_DP.PRIM18.ram
                                                       shadowram/U0/xst_blk_mem_generator/gnativebmg.native_blk_mem_gen/valid.cstr/ramloop[19].ram.r/s6_noinit.ram/TRUE_DP.PRIM18.ram
    -------------------------------------------------  ---------------------------
    Total                                      7.565ns (1.000ns logic, 6.565ns route)
                                                       (13.2% logic, 86.8% route)

--------------------------------------------------------------------------------

Paths for end point shadowram/U0/xst_blk_mem_generator/gnativebmg.native_blk_mem_gen/valid.cstr/ramloop[23].ram.r/s6_noinit.ram/TRUE_DP.PRIM18.ram (RAMB16_X0Y2.ADDRA8), 1 path
--------------------------------------------------------------------------------
Slack (setup path):     30.430ns (requirement - (data path - clock path skew + uncertainty))
  Source:               char_latch_5 (FF)
  Destination:          shadowram/U0/xst_blk_mem_generator/gnativebmg.native_blk_mem_gen/valid.cstr/ramloop[23].ram.r/s6_noinit.ram/TRUE_DP.PRIM18.ram (RAM)
  Requirement:          38.461ns
  Data Path Delay:      7.408ns (Levels of Logic = 1)
  Clock Path Skew:      0.076ns (0.703 - 0.627)
  Source Clock:         system_clk rising at 0.000ns
  Destination Clock:    system_clk rising at 38.461ns
  Clock Uncertainty:    0.699ns

  Clock Uncertainty:          0.699ns  ((TSJ^2 + TIJ^2)^1/2 + DJ) / 2 + PE
    Total System Jitter (TSJ):  0.070ns
    Total Input Jitter (TIJ):   0.000ns
    Discrete Jitter (DJ):       1.326ns
    Phase Error (PE):           0.000ns

  Maximum Data Path at Slow Process Corner: char_latch_5 to shadowram/U0/xst_blk_mem_generator/gnativebmg.native_blk_mem_gen/valid.cstr/ramloop[23].ram.r/s6_noinit.ram/TRUE_DP.PRIM18.ram
    Location             Delay type         Delay(ns)  Physical Resource
                                                       Logical Resource(s)
    -------------------------------------------------  -------------------
    SLICE_X21Y42.BQ      Tcko                  0.391   char_latch<7>
                                                       char_latch_5
    SLICE_X21Y42.C1      net (fanout=2)        0.586   char_latch<5>
    SLICE_X21Y42.C       Tilo                  0.259   char_latch<7>
                                                       Mmux_shadowram_addr151
    RAMB16_X0Y2.ADDRA8   net (fanout=32)       5.822   shadowram_addr<8>
    RAMB16_X0Y2.CLKA     Trcck_ADDRA           0.350   shadowram/U0/xst_blk_mem_generator/gnativebmg.native_blk_mem_gen/valid.cstr/ramloop[23].ram.r/s6_noinit.ram/TRUE_DP.PRIM18.ram
                                                       shadowram/U0/xst_blk_mem_generator/gnativebmg.native_blk_mem_gen/valid.cstr/ramloop[23].ram.r/s6_noinit.ram/TRUE_DP.PRIM18.ram
    -------------------------------------------------  ---------------------------
    Total                                      7.408ns (1.000ns logic, 6.408ns route)
                                                       (13.5% logic, 86.5% route)

--------------------------------------------------------------------------------

Hold Paths: TS_dcm_final_inst_clk2x = PERIOD TIMEGRP "dcm_final_inst_clk2x"
        TS_clk_intermediate_13mhz / 2 HIGH 50%;
--------------------------------------------------------------------------------

Paths for end point cnt26_2 (SLICE_X13Y33.B5), 1 path
--------------------------------------------------------------------------------
Slack (hold path):      0.428ns (requirement - (clock path skew + uncertainty - data path))
  Source:               cnt26_1 (FF)
  Destination:          cnt26_2 (FF)
  Requirement:          0.000ns
  Data Path Delay:      0.428ns (Levels of Logic = 1)
  Clock Path Skew:      0.000ns
  Source Clock:         system_clk rising at 0.000ns
  Destination Clock:    system_clk rising at 0.000ns
  Clock Uncertainty:    0.000ns

  Minimum Data Path at Fast Process Corner: cnt26_1 to cnt26_2
    Location             Delay type         Delay(ns)  Physical Resource
                                                       Logical Resource(s)
    -------------------------------------------------  -------------------
    SLICE_X13Y33.BQ      Tcko                  0.198   cnt26<1>
                                                       cnt26_1
    SLICE_X13Y33.B5      net (fanout=2)        0.075   cnt26<1>
    SLICE_X13Y33.CLK     Tah         (-Th)    -0.155   cnt26<1>
                                                       Mcount_cnt26_xor<2>11
                                                       cnt26_2
    -------------------------------------------------  ---------------------------
    Total                                      0.428ns (0.353ns logic, 0.075ns route)
                                                       (82.5% logic, 17.5% route)

--------------------------------------------------------------------------------

Paths for end point cnt26_0 (SLICE_X13Y33.A6), 1 path
--------------------------------------------------------------------------------
Slack (hold path):      0.436ns (requirement - (clock path skew + uncertainty - data path))
  Source:               cnt26_0 (FF)
  Destination:          cnt26_0 (FF)
  Requirement:          0.000ns
  Data Path Delay:      0.436ns (Levels of Logic = 1)
  Clock Path Skew:      0.000ns
  Source Clock:         system_clk rising at 0.000ns
  Destination Clock:    system_clk rising at 0.000ns
  Clock Uncertainty:    0.000ns

  Minimum Data Path at Fast Process Corner: cnt26_0 to cnt26_0
    Location             Delay type         Delay(ns)  Physical Resource
                                                       Logical Resource(s)
    -------------------------------------------------  -------------------
    SLICE_X13Y33.AQ      Tcko                  0.198   cnt26<1>
                                                       cnt26_0
    SLICE_X13Y33.A6      net (fanout=2)        0.023   cnt26<0>
    SLICE_X13Y33.CLK     Tah         (-Th)    -0.215   cnt26<1>
                                                       Mcount_cnt26_xor<0>11_INV_0
                                                       cnt26_0
    -------------------------------------------------  ---------------------------
    Total                                      0.436ns (0.413ns logic, 0.023ns route)
                                                       (94.7% logic, 5.3% route)

--------------------------------------------------------------------------------

Paths for end point forced_NOP_cycle (SLICE_X7Y11.D6), 1 path
--------------------------------------------------------------------------------
Slack (hold path):      0.440ns (requirement - (clock path skew + uncertainty - data path))
  Source:               forced_NOP_cycle (FF)
  Destination:          forced_NOP_cycle (FF)
  Requirement:          0.000ns
  Data Path Delay:      0.440ns (Levels of Logic = 1)
  Clock Path Skew:      0.000ns
  Source Clock:         system_clk rising at 0.000ns
  Destination Clock:    system_clk rising at 0.000ns
  Clock Uncertainty:    0.000ns

  Minimum Data Path at Fast Process Corner: forced_NOP_cycle to forced_NOP_cycle
    Location             Delay type         Delay(ns)  Physical Resource
                                                       Logical Resource(s)
    -------------------------------------------------  -------------------
    SLICE_X7Y11.DQ       Tcko                  0.198   forced_NOP_cycle
                                                       forced_NOP_cycle
    SLICE_X7Y11.D6       net (fanout=3)        0.027   forced_NOP_cycle
    SLICE_X7Y11.CLK      Tah         (-Th)    -0.215   forced_NOP_cycle
                                                       forced_NOP_cycle_rstpot
                                                       forced_NOP_cycle
    -------------------------------------------------  ---------------------------
    Total                                      0.440ns (0.413ns logic, 0.027ns route)
                                                       (93.9% logic, 6.1% route)

--------------------------------------------------------------------------------

Component Switching Limit Checks: TS_dcm_final_inst_clk2x = PERIOD TIMEGRP "dcm_final_inst_clk2x"
        TS_clk_intermediate_13mhz / 2 HIGH 50%;
--------------------------------------------------------------------------------
Slack: 35.337ns (period - min period limit)
  Period: 38.461ns
  Min period limit: 3.124ns (320.102MHz) (Trper_CLKA(Fmax))
  Physical resource: shadowram/U0/xst_blk_mem_generator/gnativebmg.native_blk_mem_gen/valid.cstr/ramloop[0].ram.r/s6_noinit.ram/TRUE_DP.PRIM18.ram/CLKA
  Logical resource: shadowram/U0/xst_blk_mem_generator/gnativebmg.native_blk_mem_gen/valid.cstr/ramloop[0].ram.r/s6_noinit.ram/TRUE_DP.PRIM18.ram/CLKA
  Location pin: RAMB16_X1Y30.CLKA
  Clock network: system_clk
--------------------------------------------------------------------------------
Slack: 35.337ns (period - min period limit)
  Period: 38.461ns
  Min period limit: 3.124ns (320.102MHz) (Trper_CLKB(Fmax))
  Physical resource: shadowram/U0/xst_blk_mem_generator/gnativebmg.native_blk_mem_gen/valid.cstr/ramloop[0].ram.r/s6_noinit.ram/TRUE_DP.PRIM18.ram/CLKB
  Logical resource: shadowram/U0/xst_blk_mem_generator/gnativebmg.native_blk_mem_gen/valid.cstr/ramloop[0].ram.r/s6_noinit.ram/TRUE_DP.PRIM18.ram/CLKB
  Location pin: RAMB16_X1Y30.CLKB
  Clock network: system_clk
--------------------------------------------------------------------------------
Slack: 35.337ns (period - min period limit)
  Period: 38.461ns
  Min period limit: 3.124ns (320.102MHz) (Trper_CLKA(Fmax))
  Physical resource: shadowram/U0/xst_blk_mem_generator/gnativebmg.native_blk_mem_gen/valid.cstr/ramloop[1].ram.r/s6_noinit.ram/TRUE_DP.PRIM18.ram/CLKA
  Logical resource: shadowram/U0/xst_blk_mem_generator/gnativebmg.native_blk_mem_gen/valid.cstr/ramloop[1].ram.r/s6_noinit.ram/TRUE_DP.PRIM18.ram/CLKA
  Location pin: RAMB16_X1Y26.CLKA
  Clock network: system_clk
--------------------------------------------------------------------------------


Derived Constraint Report
Derived Constraints for TS_nCLOCK
+-------------------------------+-------------+-------------+-------------+-------------+-------------+-------------+-------------+
|                               |   Period    |       Actual Period       |      Timing Errors        |      Paths Analyzed       |
|           Constraint          | Requirement |-------------+-------------|-------------+-------------|-------------+-------------|
|                               |             |   Direct    | Derivative  |   Direct    | Derivative  |   Direct    | Derivative  |
+-------------------------------+-------------+-------------+-------------+-------------+-------------+-------------+-------------+
|TS_nCLOCK                      |    307.692ns|     80.000ns|    128.000ns|            0|            0|          406|          643|
| TS_clk_intermediate_13mhz     |     76.923ns|     32.000ns|     16.798ns|            0|            0|            0|          643|
|  TS_dcm_final_inst_clk2x      |     38.462ns|      8.399ns|          N/A|            0|            0|          643|            0|
+-------------------------------+-------------+-------------+-------------+-------------+-------------+-------------+-------------+

All constraints were met.


Data Sheet report:
-----------------
All values displayed in nanoseconds (ns)

Clock to Setup on destination clock nCLOCK
---------------+---------+---------+---------+---------+
               | Src:Rise| Src:Fall| Src:Rise| Src:Fall|
Source Clock   |Dest:Rise|Dest:Rise|Dest:Fall|Dest:Fall|
---------------+---------+---------+---------+---------+
nCLOCK         |    8.421|         |         |         |
---------------+---------+---------+---------+---------+


Timing summary:
---------------

Timing errors: 0  Score: 0  (Setup/Max: 0, Hold: 0)

Constraints cover 1049 paths, 0 nets, and 652 connections

Design statistics:
   Minimum period:  80.000ns{1}   (Maximum frequency:  12.500MHz)


------------------------------------Footnotes-----------------------------------
1)  The minimum period statistic assumes all single cycle delays.

Analysis completed Mon Sep 29 09:43:45 2025 
--------------------------------------------------------------------------------

Trace Settings:
-------------------------
Trace Settings 

Peak Memory Usage: 408 MB



