Release 14.7 - xst P.20131013 (lin64)
Copyright (c) 1995-2013 Xilinx, Inc.  All rights reserved.
--> 
Parameter TMPDIR set to xst/projnav.tmp


Total REAL time to Xst completion: 0.00 secs
Total CPU time to Xst completion: 0.01 secs
 
--> 
Parameter xsthdpdir set to xst


Total REAL time to Xst completion: 0.00 secs
Total CPU time to Xst completion: 0.01 secs
 
--> 
Reading design: golden_ctrl.prj

TABLE OF CONTENTS
  1) Synthesis Options Summary
  2) HDL Parsing
  3) HDL Elaboration
  4) HDL Synthesis
       4.1) HDL Synthesis Report
  5) Advanced HDL Synthesis
       5.1) Advanced HDL Synthesis Report
  6) Low Level Synthesis
  7) Partition Report
  8) Design Summary
       8.1) Primitive and Black Box Usage
       8.2) Device utilization summary
       8.3) Partition Resource Summary
       8.4) Timing Report
            8.4.1) Clock Information
            8.4.2) Asynchronous Control Signals Information
            8.4.3) Timing Summary
            8.4.4) Timing Details
            8.4.5) Cross Clock Domains Report


=========================================================================
*                      Synthesis Options Summary                        *
=========================================================================
---- Source Parameters
Input File Name                    : "golden_ctrl.prj"
Ignore Synthesis Constraint File   : NO

---- Target Parameters
Output File Name                   : "golden_ctrl"
Output Format                      : NGC
Target Device                      : xc6slx9-3-tqg144

---- Source Options
Top Module Name                    : golden_ctrl
Automatic FSM Extraction           : YES
FSM Encoding Algorithm             : Auto
Safe Implementation                : No
FSM Style                          : LUT
RAM Extraction                     : Yes
RAM Style                          : Auto
ROM Extraction                     : Yes
Shift Register Extraction          : YES
ROM Style                          : Auto
Resource Sharing                   : YES
Asynchronous To Synchronous        : NO
Shift Register Minimum Size        : 2
Use DSP Block                      : Auto
Automatic Register Balancing       : No

---- Target Options
LUT Combining                      : Auto
Reduce Control Sets                : Auto
Add IO Buffers                     : YES
Global Maximum Fanout              : 100000
Add Generic Clock Buffer(BUFG)     : 16
Register Duplication               : YES
Optimize Instantiated Primitives   : NO
Use Clock Enable                   : Auto
Use Synchronous Set                : Auto
Use Synchronous Reset              : Auto
Pack IO Registers into IOBs        : Auto
Equivalent register Removal        : YES

---- General Options
Optimization Goal                  : Speed
Optimization Effort                : 1
Power Reduction                    : NO
Keep Hierarchy                     : No
Netlist Hierarchy                  : As_Optimized
RTL Output                         : Yes
Global Optimization                : AllClockNets
Read Cores                         : YES
Write Timing Constraints           : NO
Cross Clock Analysis               : NO
Hierarchy Separator                : /
Bus Delimiter                      : <>
Case Specifier                     : Maintain
Slice Utilization Ratio            : 100
BRAM Utilization Ratio             : 100
DSP48 Utilization Ratio            : 100
Auto BRAM Packing                  : NO
Slice Utilization Ratio Delta      : 5

=========================================================================


=========================================================================
*                          HDL Parsing                                  *
=========================================================================
Analyzing Verilog file "/home/ise/Documentos/git/github/SD81-Booster - Privado/V2/FPGA/golden_ctrl/spi_clock_gen.v" into library work
Parsing module <spi_clock_gen>.
Analyzing Verilog file "/home/ise/Documentos/git/github/SD81-Booster - Privado/V2/FPGA/golden_ctrl/spi_flash_reader.v" into library work
Parsing module <spi_flash_reader>.
Analyzing Verilog file "/home/ise/Documentos/git/github/SD81-Booster - Privado/V2/FPGA/golden_ctrl/icap_sequencer.v" into library work
Parsing module <icap_sequencer>.
Analyzing Verilog file "/home/ise/Documentos/git/github/SD81-Booster - Privado/V2/FPGA/golden_ctrl/golden_ctrl.v" into library work
Parsing module <golden_ctrl>.

=========================================================================
*                            HDL Elaboration                            *
=========================================================================

Elaborating module <golden_ctrl>.

Elaborating module <icap_sequencer>.
WARNING:HDLCompiler:413 - "/home/ise/Documentos/git/github/SD81-Booster - Privado/V2/FPGA/golden_ctrl/icap_sequencer.v" Line 115: Result of 35-bit expression is truncated to fit in 32-bit target.
WARNING:HDLCompiler:1127 - "/home/ise/Documentos/git/github/SD81-Booster - Privado/V2/FPGA/golden_ctrl/golden_ctrl.v" Line 41: Assignment to reconfig_done ignored, since the identifier is never used

Elaborating module <ICAP_SPARTAN6>.
WARNING:HDLCompiler:189 - "/home/ise/Documentos/git/github/SD81-Booster - Privado/V2/FPGA/golden_ctrl/golden_ctrl.v" Line 50: Size mismatch in connection of port <I>. Formal port size is 16-bit while actual signal size is 32-bit.

Elaborating module <spi_flash_reader>.

Elaborating module <spi_clock_gen>.
WARNING:HDLCompiler:413 - "/home/ise/Documentos/git/github/SD81-Booster - Privado/V2/FPGA/golden_ctrl/spi_clock_gen.v" Line 27: Result of 6-bit expression is truncated to fit in 5-bit target.
WARNING:HDLCompiler:413 - "/home/ise/Documentos/git/github/SD81-Booster - Privado/V2/FPGA/golden_ctrl/spi_flash_reader.v" Line 141: Result of 32-bit expression is truncated to fit in 8-bit target.
WARNING:HDLCompiler:413 - "/home/ise/Documentos/git/github/SD81-Booster - Privado/V2/FPGA/golden_ctrl/spi_flash_reader.v" Line 157: Result of 32-bit expression is truncated to fit in 8-bit target.
WARNING:HDLCompiler:413 - "/home/ise/Documentos/git/github/SD81-Booster - Privado/V2/FPGA/golden_ctrl/spi_flash_reader.v" Line 171: Result of 32-bit expression is truncated to fit in 8-bit target.
WARNING:HDLCompiler:413 - "/home/ise/Documentos/git/github/SD81-Booster - Privado/V2/FPGA/golden_ctrl/spi_flash_reader.v" Line 185: Result of 32-bit expression is truncated to fit in 8-bit target.
WARNING:HDLCompiler:1127 - "/home/ise/Documentos/git/github/SD81-Booster - Privado/V2/FPGA/golden_ctrl/spi_flash_reader.v" Line 113: Assignment to spi_mosi_next ignored, since the identifier is never used

=========================================================================
*                           HDL Synthesis                               *
=========================================================================

Synthesizing Unit <golden_ctrl>.
    Related source file is "/home/ise/Documentos/git/github/SD81-Booster - Privado/V2/FPGA/golden_ctrl/golden_ctrl.v".
INFO:Xst:3210 - "/home/ise/Documentos/git/github/SD81-Booster - Privado/V2/FPGA/golden_ctrl/golden_ctrl.v" line 27: Output port <reconfig_done> of the instance <ICAP_seq_inst> is unconnected or connected to loadless signal.
    Summary:
	no macro.
Unit <golden_ctrl> synthesized.

Synthesizing Unit <icap_sequencer>.
    Related source file is "/home/ise/Documentos/git/github/SD81-Booster - Privado/V2/FPGA/golden_ctrl/icap_sequencer.v".
        S_IDLE = 4'b0000
        S_DESYNC_CMD = 4'b0001
        S_DESYNC_DATA = 4'b0010
        S_FDRI_INIT = 4'b0011
        S_FDRI_DATA = 4'b0100
        S_IPROG_CMD = 4'b0101
        S_IPROG_DATA = 4'b0110
        S_DONE = 4'b0111
        BITSTREAM_SIZE_WORDS = 115200
        C_WRITE_CMD = 32'b00100000000000000011010000000001
        C_DESYNC_VAL = 32'b00000000000000000000000000001101
        C_WRITE_FDRI_INIT = 37'b0011000000000000100000000001000000000
        C_IPROG_VAL = 32'b00000000000000000000000000000001
        C_NOOP = 32'b11111111111111111111111111111111
    Register <icap_rdwrb> equivalent to <icap_csib> has been removed
    Found 32-bit register for signal <word_counter>.
    Found 1-bit register for signal <icap_csib>.
    Found 32-bit register for signal <icap_i>.
    Found 1-bit register for signal <reconfig_done>.
    Found 4-bit register for signal <state>.
    Found finite state machine <FSM_0> for signal <state>.
    -----------------------------------------------------------------------
    | States             | 8                                              |
    | Transitions        | 9                                              |
    | Inputs             | 1                                              |
    | Outputs            | 11                                             |
    | Clock              | clk (rising_edge)                              |
    | Reset              | reset (positive)                               |
    | Reset type         | synchronous                                    |
    | Reset State        | 0000                                           |
    | Encoding           | auto                                           |
    | Implementation     | LUT                                            |
    -----------------------------------------------------------------------
    Found 32-bit adder for signal <word_counter[31]_GND_2_o_add_12_OUT> created at line 128.
    Found 32-bit comparator greater for signal <word_counter[31]_GND_2_o_LessThan_12_o> created at line 54
    Summary:
	inferred   1 Adder/Subtractor(s).
	inferred  66 D-type flip-flop(s).
	inferred   1 Comparator(s).
	inferred   3 Multiplexer(s).
	inferred   1 Finite State Machine(s).
Unit <icap_sequencer> synthesized.

Synthesizing Unit <spi_flash_reader>.
    Related source file is "/home/ise/Documentos/git/github/SD81-Booster - Privado/V2/FPGA/golden_ctrl/spi_flash_reader.v".
        START_ADDRESS = 32'b00000000000010000000000000000000
        CMD_FAST_READ = 8'b00001011
        DUMMY_CYCLES = 8
        ADDR_BITS = 24
        CMD_BITS = 8
        S_IDLE = 3'b000
        S_CMD_TX = 3'b001
        S_ADDR_TX = 3'b010
        S_DUMMY = 3'b011
        S_READ_STREAM = 3'b100
    Found 8-bit register for signal <bit_counter>.
    Found 1-bit register for signal <spi_cs_n>.
    Found 1-bit register for signal <spi_mosi>.
    Found 1-bit register for signal <spi_data_ready>.
    Found 32-bit register for signal <spi_data_out>.
    Found 1-bit register for signal <spi_clk_en>.
    Found 32-bit register for signal <shift_reg_rx>.
    Found 3-bit register for signal <state>.
    Found finite state machine <FSM_1> for signal <state>.
    -----------------------------------------------------------------------
    | States             | 5                                              |
    | Transitions        | 12                                             |
    | Inputs             | 4                                              |
    | Outputs            | 5                                              |
    | Clock              | clk (rising_edge)                              |
    | Reset              | reset (positive)                               |
    | Reset type         | synchronous                                    |
    | Reset State        | 000                                            |
    | Encoding           | auto                                           |
    | Implementation     | LUT                                            |
    -----------------------------------------------------------------------
    Found 8-bit subtractor for signal <GND_4_o_GND_4_o_sub_43_OUT<7:0>> created at line 185.
    Summary:
	inferred   1 Adder/Subtractor(s).
	inferred  76 D-type flip-flop(s).
	inferred  12 Multiplexer(s).
	inferred   1 Finite State Machine(s).
Unit <spi_flash_reader> synthesized.

Synthesizing Unit <spi_clock_gen>.
    Related source file is "/home/ise/Documentos/git/github/SD81-Booster - Privado/V2/FPGA/golden_ctrl/spi_clock_gen.v".
        CLK_DIV_MAX = 25
    Found 1-bit register for signal <spi_sck>.
    Found 5-bit register for signal <clk_counter>.
    Found 5-bit adder for signal <clk_counter[4]_GND_5_o_add_2_OUT> created at line 27.
    Summary:
	inferred   1 Adder/Subtractor(s).
	inferred   6 D-type flip-flop(s).
	inferred   3 Multiplexer(s).
Unit <spi_clock_gen> synthesized.

=========================================================================
HDL Synthesis Report

Macro Statistics
# Adders/Subtractors                                   : 3
 32-bit adder                                          : 1
 5-bit adder                                           : 1
 8-bit subtractor                                      : 1
# Registers                                            : 13
 1-bit register                                        : 7
 32-bit register                                       : 4
 5-bit register                                        : 1
 8-bit register                                        : 1
# Comparators                                          : 1
 32-bit comparator greater                             : 1
# Multiplexers                                         : 18
 1-bit 2-to-1 multiplexer                              : 4
 32-bit 2-to-1 multiplexer                             : 3
 5-bit 2-to-1 multiplexer                              : 2
 8-bit 2-to-1 multiplexer                              : 9
# FSMs                                                 : 2

=========================================================================

=========================================================================
*                       Advanced HDL Synthesis                          *
=========================================================================

WARNING:Xst:1710 - FF/Latch <spi_mosi> (without init value) has a constant value of 0 in block <spi_flash_reader_inst>. This FF/Latch will be trimmed during the optimization process.
WARNING:Xst:2677 - Node <icap_i_16> of sequential type is unconnected in block <ICAP_seq_inst>.
WARNING:Xst:2677 - Node <icap_i_17> of sequential type is unconnected in block <ICAP_seq_inst>.
WARNING:Xst:2677 - Node <icap_i_18> of sequential type is unconnected in block <ICAP_seq_inst>.
WARNING:Xst:2677 - Node <icap_i_19> of sequential type is unconnected in block <ICAP_seq_inst>.
WARNING:Xst:2677 - Node <icap_i_20> of sequential type is unconnected in block <ICAP_seq_inst>.
WARNING:Xst:2677 - Node <icap_i_21> of sequential type is unconnected in block <ICAP_seq_inst>.
WARNING:Xst:2677 - Node <icap_i_22> of sequential type is unconnected in block <ICAP_seq_inst>.
WARNING:Xst:2677 - Node <icap_i_23> of sequential type is unconnected in block <ICAP_seq_inst>.
WARNING:Xst:2677 - Node <icap_i_24> of sequential type is unconnected in block <ICAP_seq_inst>.
WARNING:Xst:2677 - Node <icap_i_25> of sequential type is unconnected in block <ICAP_seq_inst>.
WARNING:Xst:2677 - Node <icap_i_26> of sequential type is unconnected in block <ICAP_seq_inst>.
WARNING:Xst:2677 - Node <icap_i_27> of sequential type is unconnected in block <ICAP_seq_inst>.
WARNING:Xst:2677 - Node <icap_i_28> of sequential type is unconnected in block <ICAP_seq_inst>.
WARNING:Xst:2677 - Node <icap_i_29> of sequential type is unconnected in block <ICAP_seq_inst>.
WARNING:Xst:2677 - Node <icap_i_30> of sequential type is unconnected in block <ICAP_seq_inst>.
WARNING:Xst:2677 - Node <icap_i_31> of sequential type is unconnected in block <ICAP_seq_inst>.

Synthesizing (advanced) Unit <icap_sequencer>.
The following registers are absorbed into counter <word_counter>: 1 register on signal <word_counter>.
Unit <icap_sequencer> synthesized (advanced).

=========================================================================
Advanced HDL Synthesis Report

Macro Statistics
# Adders/Subtractors                                   : 2
 5-bit adder                                           : 1
 8-bit subtractor                                      : 1
# Counters                                             : 1
 32-bit up counter                                     : 1
# Registers                                            : 116
 Flip-Flops                                            : 116
# Comparators                                          : 1
 32-bit comparator greater                             : 1
# Multiplexers                                         : 17
 1-bit 2-to-1 multiplexer                              : 4
 32-bit 2-to-1 multiplexer                             : 2
 5-bit 2-to-1 multiplexer                              : 2
 8-bit 2-to-1 multiplexer                              : 9
# FSMs                                                 : 2

=========================================================================

=========================================================================
*                         Low Level Synthesis                           *
=========================================================================
WARNING:Xst:1710 - FF/Latch <spi_mosi> (without init value) has a constant value of 0 in block <spi_flash_reader>. This FF/Latch will be trimmed during the optimization process.
Analyzing FSM <MFsm> for best encoding.
Optimizing FSM <ICAP_seq_inst/FSM_0> on signal <state[1:8]> with one-hot encoding.
-------------------
 State | Encoding
-------------------
 0000  | 00000001
 0001  | 00000010
 0010  | 00000100
 0011  | 00001000
 0100  | 00010000
 0101  | 00100000
 0110  | 01000000
 0111  | 10000000
-------------------
Analyzing FSM <MFsm> for best encoding.
Optimizing FSM <spi_flash_reader_inst/FSM_1> on signal <state[1:3]> with user encoding.
-------------------
 State | Encoding
-------------------
 000   | 000
 001   | 001
 010   | 010
 011   | 011
 100   | 100
-------------------

Optimizing unit <golden_ctrl> ...

Optimizing unit <icap_sequencer> ...

Optimizing unit <spi_flash_reader> ...

Optimizing unit <spi_clock_gen> ...
WARNING:Xst:2677 - Node <ICAP_seq_inst/reconfig_done> of sequential type is unconnected in block <golden_ctrl>.
WARNING:Xst:2677 - Node <ICAP_seq_inst/icap_i_31> of sequential type is unconnected in block <golden_ctrl>.
WARNING:Xst:2677 - Node <ICAP_seq_inst/icap_i_30> of sequential type is unconnected in block <golden_ctrl>.
WARNING:Xst:2677 - Node <ICAP_seq_inst/icap_i_29> of sequential type is unconnected in block <golden_ctrl>.
WARNING:Xst:2677 - Node <ICAP_seq_inst/icap_i_28> of sequential type is unconnected in block <golden_ctrl>.
WARNING:Xst:2677 - Node <ICAP_seq_inst/icap_i_27> of sequential type is unconnected in block <golden_ctrl>.
WARNING:Xst:2677 - Node <ICAP_seq_inst/icap_i_26> of sequential type is unconnected in block <golden_ctrl>.
WARNING:Xst:2677 - Node <ICAP_seq_inst/icap_i_25> of sequential type is unconnected in block <golden_ctrl>.
WARNING:Xst:2677 - Node <ICAP_seq_inst/icap_i_24> of sequential type is unconnected in block <golden_ctrl>.
WARNING:Xst:2677 - Node <ICAP_seq_inst/icap_i_23> of sequential type is unconnected in block <golden_ctrl>.
WARNING:Xst:2677 - Node <ICAP_seq_inst/icap_i_22> of sequential type is unconnected in block <golden_ctrl>.
WARNING:Xst:2677 - Node <ICAP_seq_inst/icap_i_21> of sequential type is unconnected in block <golden_ctrl>.
WARNING:Xst:2677 - Node <ICAP_seq_inst/icap_i_20> of sequential type is unconnected in block <golden_ctrl>.
WARNING:Xst:2677 - Node <ICAP_seq_inst/icap_i_19> of sequential type is unconnected in block <golden_ctrl>.
WARNING:Xst:2677 - Node <ICAP_seq_inst/icap_i_18> of sequential type is unconnected in block <golden_ctrl>.
WARNING:Xst:2677 - Node <ICAP_seq_inst/icap_i_17> of sequential type is unconnected in block <golden_ctrl>.
WARNING:Xst:2677 - Node <ICAP_seq_inst/icap_i_16> of sequential type is unconnected in block <golden_ctrl>.
WARNING:Xst:2677 - Node <spi_flash_reader_inst/spi_data_out_31> of sequential type is unconnected in block <golden_ctrl>.
WARNING:Xst:2677 - Node <spi_flash_reader_inst/spi_data_out_30> of sequential type is unconnected in block <golden_ctrl>.
WARNING:Xst:2677 - Node <spi_flash_reader_inst/spi_data_out_29> of sequential type is unconnected in block <golden_ctrl>.
WARNING:Xst:2677 - Node <spi_flash_reader_inst/spi_data_out_28> of sequential type is unconnected in block <golden_ctrl>.
WARNING:Xst:2677 - Node <spi_flash_reader_inst/spi_data_out_27> of sequential type is unconnected in block <golden_ctrl>.
WARNING:Xst:2677 - Node <spi_flash_reader_inst/spi_data_out_26> of sequential type is unconnected in block <golden_ctrl>.
WARNING:Xst:2677 - Node <spi_flash_reader_inst/spi_data_out_25> of sequential type is unconnected in block <golden_ctrl>.
WARNING:Xst:2677 - Node <spi_flash_reader_inst/spi_data_out_24> of sequential type is unconnected in block <golden_ctrl>.
WARNING:Xst:2677 - Node <spi_flash_reader_inst/spi_data_out_23> of sequential type is unconnected in block <golden_ctrl>.
WARNING:Xst:2677 - Node <spi_flash_reader_inst/spi_data_out_22> of sequential type is unconnected in block <golden_ctrl>.
WARNING:Xst:2677 - Node <spi_flash_reader_inst/spi_data_out_21> of sequential type is unconnected in block <golden_ctrl>.
WARNING:Xst:2677 - Node <spi_flash_reader_inst/spi_data_out_20> of sequential type is unconnected in block <golden_ctrl>.
WARNING:Xst:2677 - Node <spi_flash_reader_inst/spi_data_out_19> of sequential type is unconnected in block <golden_ctrl>.
WARNING:Xst:2677 - Node <spi_flash_reader_inst/spi_data_out_18> of sequential type is unconnected in block <golden_ctrl>.
WARNING:Xst:2677 - Node <spi_flash_reader_inst/spi_data_out_17> of sequential type is unconnected in block <golden_ctrl>.
WARNING:Xst:2677 - Node <spi_flash_reader_inst/spi_data_out_16> of sequential type is unconnected in block <golden_ctrl>.
WARNING:Xst:2677 - Node <spi_flash_reader_inst/shift_reg_rx_31> of sequential type is unconnected in block <golden_ctrl>.
WARNING:Xst:2677 - Node <spi_flash_reader_inst/shift_reg_rx_30> of sequential type is unconnected in block <golden_ctrl>.
WARNING:Xst:2677 - Node <spi_flash_reader_inst/shift_reg_rx_29> of sequential type is unconnected in block <golden_ctrl>.
WARNING:Xst:2677 - Node <spi_flash_reader_inst/shift_reg_rx_28> of sequential type is unconnected in block <golden_ctrl>.
WARNING:Xst:2677 - Node <spi_flash_reader_inst/shift_reg_rx_27> of sequential type is unconnected in block <golden_ctrl>.
WARNING:Xst:2677 - Node <spi_flash_reader_inst/shift_reg_rx_26> of sequential type is unconnected in block <golden_ctrl>.
WARNING:Xst:2677 - Node <spi_flash_reader_inst/shift_reg_rx_25> of sequential type is unconnected in block <golden_ctrl>.
WARNING:Xst:2677 - Node <spi_flash_reader_inst/shift_reg_rx_24> of sequential type is unconnected in block <golden_ctrl>.
WARNING:Xst:2677 - Node <spi_flash_reader_inst/shift_reg_rx_23> of sequential type is unconnected in block <golden_ctrl>.
WARNING:Xst:2677 - Node <spi_flash_reader_inst/shift_reg_rx_22> of sequential type is unconnected in block <golden_ctrl>.
WARNING:Xst:2677 - Node <spi_flash_reader_inst/shift_reg_rx_21> of sequential type is unconnected in block <golden_ctrl>.
WARNING:Xst:2677 - Node <spi_flash_reader_inst/shift_reg_rx_20> of sequential type is unconnected in block <golden_ctrl>.
WARNING:Xst:2677 - Node <spi_flash_reader_inst/shift_reg_rx_19> of sequential type is unconnected in block <golden_ctrl>.
WARNING:Xst:2677 - Node <spi_flash_reader_inst/shift_reg_rx_18> of sequential type is unconnected in block <golden_ctrl>.
WARNING:Xst:2677 - Node <spi_flash_reader_inst/shift_reg_rx_17> of sequential type is unconnected in block <golden_ctrl>.
WARNING:Xst:2677 - Node <spi_flash_reader_inst/shift_reg_rx_16> of sequential type is unconnected in block <golden_ctrl>.
WARNING:Xst:1710 - FF/Latch <ICAP_seq_inst/word_counter_31> (without init value) has a constant value of 0 in block <golden_ctrl>. This FF/Latch will be trimmed during the optimization process.
WARNING:Xst:1895 - Due to other FF/Latch trimming, FF/Latch <ICAP_seq_inst/word_counter_30> (without init value) has a constant value of 0 in block <golden_ctrl>. This FF/Latch will be trimmed during the optimization process.
WARNING:Xst:1895 - Due to other FF/Latch trimming, FF/Latch <ICAP_seq_inst/word_counter_29> (without init value) has a constant value of 0 in block <golden_ctrl>. This FF/Latch will be trimmed during the optimization process.
WARNING:Xst:1895 - Due to other FF/Latch trimming, FF/Latch <ICAP_seq_inst/word_counter_28> (without init value) has a constant value of 0 in block <golden_ctrl>. This FF/Latch will be trimmed during the optimization process.
WARNING:Xst:1895 - Due to other FF/Latch trimming, FF/Latch <ICAP_seq_inst/word_counter_27> (without init value) has a constant value of 0 in block <golden_ctrl>. This FF/Latch will be trimmed during the optimization process.
WARNING:Xst:1895 - Due to other FF/Latch trimming, FF/Latch <ICAP_seq_inst/word_counter_26> (without init value) has a constant value of 0 in block <golden_ctrl>. This FF/Latch will be trimmed during the optimization process.
WARNING:Xst:1895 - Due to other FF/Latch trimming, FF/Latch <ICAP_seq_inst/word_counter_25> (without init value) has a constant value of 0 in block <golden_ctrl>. This FF/Latch will be trimmed during the optimization process.
WARNING:Xst:1895 - Due to other FF/Latch trimming, FF/Latch <ICAP_seq_inst/word_counter_24> (without init value) has a constant value of 0 in block <golden_ctrl>. This FF/Latch will be trimmed during the optimization process.
WARNING:Xst:1895 - Due to other FF/Latch trimming, FF/Latch <ICAP_seq_inst/word_counter_23> (without init value) has a constant value of 0 in block <golden_ctrl>. This FF/Latch will be trimmed during the optimization process.
WARNING:Xst:1895 - Due to other FF/Latch trimming, FF/Latch <ICAP_seq_inst/word_counter_22> (without init value) has a constant value of 0 in block <golden_ctrl>. This FF/Latch will be trimmed during the optimization process.
WARNING:Xst:1895 - Due to other FF/Latch trimming, FF/Latch <ICAP_seq_inst/word_counter_21> (without init value) has a constant value of 0 in block <golden_ctrl>. This FF/Latch will be trimmed during the optimization process.
WARNING:Xst:1895 - Due to other FF/Latch trimming, FF/Latch <ICAP_seq_inst/word_counter_20> (without init value) has a constant value of 0 in block <golden_ctrl>. This FF/Latch will be trimmed during the optimization process.
WARNING:Xst:1895 - Due to other FF/Latch trimming, FF/Latch <ICAP_seq_inst/word_counter_19> (without init value) has a constant value of 0 in block <golden_ctrl>. This FF/Latch will be trimmed during the optimization process.
WARNING:Xst:1895 - Due to other FF/Latch trimming, FF/Latch <ICAP_seq_inst/word_counter_18> (without init value) has a constant value of 0 in block <golden_ctrl>. This FF/Latch will be trimmed during the optimization process.
WARNING:Xst:1895 - Due to other FF/Latch trimming, FF/Latch <ICAP_seq_inst/word_counter_17> (without init value) has a constant value of 0 in block <golden_ctrl>. This FF/Latch will be trimmed during the optimization process.

Mapping all equations...
Building and optimizing final netlist ...
Found area constraint ratio of 100 (+ 5) on block golden_ctrl, actual ratio is 2.
FlipFlop spi_flash_reader_inst/state_FSM_FFd2 has been replicated 1 time(s)

Final Macro Processing ...

=========================================================================
Final Register Report

Macro Statistics
# Registers                                            : 95
 Flip-Flops                                            : 95

=========================================================================

=========================================================================
*                           Partition Report                            *
=========================================================================

Partition Implementation Status
-------------------------------

  No Partitions were found in this design.

-------------------------------

=========================================================================
*                            Design Summary                             *
=========================================================================

Top Level Output File Name         : golden_ctrl.ngc

Primitive and Black Box Usage:
------------------------------
# BELS                             : 166
#      GND                         : 1
#      INV                         : 2
#      LUT2                        : 14
#      LUT3                        : 10
#      LUT4                        : 15
#      LUT5                        : 25
#      LUT6                        : 58
#      MUXCY                       : 23
#      VCC                         : 1
#      XORCY                       : 17
# FlipFlops/Latches                : 95
#      FD                          : 2
#      FDE                         : 16
#      FDR                         : 19
#      FDRE                        : 40
#      FDS                         : 18
# Clock Buffers                    : 1
#      BUFGP                       : 1
# IO Buffers                       : 5
#      IBUF                        : 2
#      OBUF                        : 3
# Others                           : 1
#      ICAP_SPARTAN6               : 1

Device utilization summary:
---------------------------

Selected Device : 6slx9tqg144-3 


Slice Logic Utilization: 
 Number of Slice Registers:              95  out of  11440     0%  
 Number of Slice LUTs:                  124  out of   5720     2%  
    Number used as Logic:               124  out of   5720     2%  

Slice Logic Distribution: 
 Number of LUT Flip Flop pairs used:    145
   Number with an unused Flip Flop:      50  out of    145    34%  
   Number with an unused LUT:            21  out of    145    14%  
   Number of fully used LUT-FF pairs:    74  out of    145    51%  
   Number of unique control sets:         6

IO Utilization: 
 Number of IOs:                           6
 Number of bonded IOBs:                   6  out of    102     5%  

Specific Feature Utilization:
 Number of BUFG/BUFGCTRLs:                1  out of     16     6%  

---------------------------
Partition Resource Summary:
---------------------------

  No Partitions were found in this design.

---------------------------


=========================================================================
Timing Report

NOTE: THESE TIMING NUMBERS ARE ONLY A SYNTHESIS ESTIMATE.
      FOR ACCURATE TIMING INFORMATION PLEASE REFER TO THE TRACE REPORT
      GENERATED AFTER PLACE-and-ROUTE.

Clock Information:
------------------
-----------------------------------+------------------------+-------+
Clock Signal                       | Clock buffer(FF name)  | Load  |
-----------------------------------+------------------------+-------+
CLK100                             | BUFGP                  | 95    |
-----------------------------------+------------------------+-------+

Asynchronous Control Signals Information:
----------------------------------------
No asynchronous control signals found in this design

Timing Summary:
---------------
Speed Grade: -3

   Minimum period: 4.507ns (Maximum Frequency: 221.860MHz)
   Minimum input arrival time before clock: 4.297ns
   Maximum output required time after clock: 3.732ns
   Maximum combinational path delay: No path found

Timing Details:
---------------
All values displayed in nanoseconds (ns)

=========================================================================
Timing constraint: Default period analysis for Clock 'CLK100'
  Clock period: 4.507ns (frequency: 221.860MHz)
  Total number of paths / destination ports: 2593 / 149
-------------------------------------------------------------------------
Delay:               4.507ns (Levels of Logic = 3)
  Source:            spi_flash_reader_inst/CLK_GEN_INST/clk_counter_4 (FF)
  Destination:       spi_flash_reader_inst/shift_reg_rx_15 (FF)
  Source Clock:      CLK100 rising
  Destination Clock: CLK100 rising

  Data Path: spi_flash_reader_inst/CLK_GEN_INST/clk_counter_4 to spi_flash_reader_inst/shift_reg_rx_15
                                Gate     Net
    Cell:in->out      fanout   Delay   Delay  Logical Name (Net Name)
    ----------------------------------------  ------------
     FDR:C->Q              5   0.447   0.819  spi_flash_reader_inst/CLK_GEN_INST/clk_counter_4 (spi_flash_reader_inst/CLK_GEN_INST/clk_counter_4)
     LUT2:I0->O            3   0.203   0.651  spi_flash_reader_inst/CLK_GEN_INST/spi_cycle_en_SW0 (N14)
     LUT6:I5->O            3   0.205   0.651  spi_flash_reader_inst/CLK_GEN_INST/spi_cycle_en_1 (spi_flash_reader_inst/CLK_GEN_INST/spi_cycle_en)
     LUT6:I5->O           16   0.205   1.004  spi_flash_reader_inst/_n0125_inv1 (spi_flash_reader_inst/_n0125_inv)
     FDE:CE                    0.322          spi_flash_reader_inst/shift_reg_rx_0
    ----------------------------------------
    Total                      4.507ns (1.382ns logic, 3.125ns route)
                                       (30.7% logic, 69.3% route)

=========================================================================
Timing constraint: Default OFFSET IN BEFORE for Clock 'CLK100'
  Total number of paths / destination ports: 97 / 96
-------------------------------------------------------------------------
Offset:              4.297ns (Levels of Logic = 2)
  Source:            nRESET (PAD)
  Destination:       ICAP_seq_inst/state_FSM_FFd5 (FF)
  Destination Clock: CLK100 rising

  Data Path: nRESET to ICAP_seq_inst/state_FSM_FFd5
                                Gate     Net
    Cell:in->out      fanout   Delay   Delay  Logical Name (Net Name)
    ----------------------------------------  ------------
     IBUF:I->O             5   1.222   0.714  nRESET_IBUF (nRESET_IBUF)
     INV:I->O             77   0.206   1.725  nRESET_INV_18_o1_INV_0 (nRESET_INV_18_o)
     FDS:S                     0.430          ICAP_seq_inst/icap_csib
    ----------------------------------------
    Total                      4.297ns (1.858ns logic, 2.439ns route)
                                       (43.2% logic, 56.8% route)

=========================================================================
Timing constraint: Default OFFSET OUT AFTER for Clock 'CLK100'
  Total number of paths / destination ports: 20 / 20
-------------------------------------------------------------------------
Offset:              3.732ns (Levels of Logic = 1)
  Source:            spi_flash_reader_inst/CLK_GEN_INST/spi_sck (FF)
  Destination:       spi_sck (PAD)
  Source Clock:      CLK100 rising

  Data Path: spi_flash_reader_inst/CLK_GEN_INST/spi_sck to spi_sck
                                Gate     Net
    Cell:in->out      fanout   Delay   Delay  Logical Name (Net Name)
    ----------------------------------------  ------------
     FDR:C->Q              5   0.447   0.714  spi_flash_reader_inst/CLK_GEN_INST/spi_sck (spi_flash_reader_inst/CLK_GEN_INST/spi_sck)
     OBUF:I->O                 2.571          spi_sck_OBUF (spi_sck)
    ----------------------------------------
    Total                      3.732ns (3.018ns logic, 0.714ns route)
                                       (80.9% logic, 19.1% route)

=========================================================================

Cross Clock Domains Report:
--------------------------

Clock to Setup on destination clock CLK100
---------------+---------+---------+---------+---------+
               | Src:Rise| Src:Fall| Src:Rise| Src:Fall|
Source Clock   |Dest:Rise|Dest:Rise|Dest:Fall|Dest:Fall|
---------------+---------+---------+---------+---------+
CLK100         |    4.507|         |         |         |
---------------+---------+---------+---------+---------+

=========================================================================


Total REAL time to Xst completion: 7.00 secs
Total CPU time to Xst completion: 1.49 secs
 
--> 


Total memory usage is 483800 kilobytes

Number of errors   :    0 (   0 filtered)
Number of warnings :   91 (   0 filtered)
Number of infos    :    1 (   0 filtered)

