Release 14.7 Map P.20131013 (lin64)
Xilinx Mapping Report File for Design 'SD81'

Design Information
------------------
Command Line   : map -intstyle ise -p xc6slx9-tqg144-3 -w -logic_opt off -ol
high -xe n -t 1 -xt 0 -register_duplication off -r 4 -global_opt off -mt off -ir
off -pr b -lc off -power off -o SD81_map.ncd SD81.ngd SD81.pcf 
Target Device  : xc6slx9
Target Package : tqg144
Target Speed   : -3
Mapper Version : spartan6 -- $Revision: 1.55 $
Mapped Date    : Thu Oct 16 17:06:50 2025

Design Summary
--------------
Number of errors:      0
Number of warnings:   49
Slice Logic Utilization:
  Number of Slice Registers:                 1,539 out of  11,440   13%
    Number used as Flip Flops:               1,454
    Number used as Latches:                     77
    Number used as Latch-thrus:                  0
    Number used as AND/OR logics:                8
  Number of Slice LUTs:                      3,060 out of   5,720   53%
    Number used as logic:                    3,046 out of   5,720   53%
      Number using O6 output only:           2,767
      Number using O5 output only:              53
      Number using O5 and O6:                  226
      Number used as ROM:                        0
    Number used as Memory:                       2 out of   1,440    1%
      Number used as Dual Port RAM:              0
      Number used as Single Port RAM:            0
      Number used as Shift Register:             2
        Number using O6 output only:             2
        Number using O5 output only:             0
        Number using O5 and O6:                  0
    Number used exclusively as route-thrus:     12
      Number with same-slice register load:      7
      Number with same-slice carry load:         5
      Number with other load:                    0

Slice Logic Distribution:
  Number of occupied Slices:                 1,020 out of   1,430   71%
  Number of MUXCYs used:                       112 out of   2,860    3%
  Number of LUT Flip Flop pairs used:        3,164
    Number with an unused Flip Flop:         1,653 out of   3,164   52%
    Number with an unused LUT:                 104 out of   3,164    3%
    Number of fully used LUT-FF pairs:       1,407 out of   3,164   44%
    Number of unique control sets:             101
    Number of slice register sites lost
      to control set restrictions:             507 out of  11,440    4%

  A LUT Flip Flop pair for this architecture represents one LUT paired with
  one Flip Flop within a slice.  A control set is a unique combination of
  clock, reset, set, and enable signals for a registered element.
  The Slice Logic Distribution report is not meaningful if the design is
  over-mapped for a non-slice resource or if Placement fails.

IO Utilization:
  Number of bonded IOBs:                        96 out of     102   94%
    Number of LOCed IOBs:                       96 out of      96  100%
    IOB Flip Flops:                             20
    IOB Latches:                                 1

Specific Feature Utilization:
  Number of RAMB16BWERs:                        32 out of      32  100%
  Number of RAMB8BWERs:                          0 out of      64    0%
  Number of BUFIO2/BUFIO2_2CLKs:                 1 out of      32    3%
    Number used as BUFIO2s:                      1
    Number used as BUFIO2_2CLKs:                 0
  Number of BUFIO2FB/BUFIO2FB_2CLKs:             0 out of      32    0%
  Number of BUFG/BUFGMUXs:                       8 out of      16   50%
    Number used as BUFGs:                        8
    Number used as BUFGMUX:                      0
  Number of DCM/DCM_CLKGENs:                     2 out of       4   50%
    Number used as DCMs:                         2
    Number used as DCM_CLKGENs:                  0
  Number of ILOGIC2/ISERDES2s:                  17 out of     200    8%
    Number used as ILOGIC2s:                    17
    Number used as ISERDES2s:                    0
  Number of IODELAY2/IODRP2/IODRP2_MCBs:         0 out of     200    0%
  Number of OLOGIC2/OSERDES2s:                   4 out of     200    2%
    Number used as OLOGIC2s:                     4
    Number used as OSERDES2s:                    0
  Number of BSCANs:                              0 out of       4    0%
  Number of BUFHs:                               0 out of     128    0%
  Number of BUFPLLs:                             0 out of       8    0%
  Number of BUFPLL_MCBs:                         0 out of       4    0%
  Number of DSP48A1s:                            0 out of      16    0%
  Number of ICAPs:                               0 out of       1    0%
  Number of MCBs:                                0 out of       2    0%
  Number of PCILOGICSEs:                         0 out of       2    0%
  Number of PLL_ADVs:                            0 out of       2    0%
  Number of PMVs:                                0 out of       1    0%
  Number of STARTUPs:                            0 out of       1    0%
  Number of SUSPEND_SYNCs:                       0 out of       1    0%

Average Fanout of Non-Clock Nets:                5.17

Peak Memory Usage:  813 MB
Total REAL time to MAP completion:  34 secs 
Total CPU time to MAP completion:   29 secs 

Table of Contents
-----------------
Section 1 - Errors
Section 2 - Warnings
Section 3 - Informational
Section 4 - Removed Logic Summary
Section 5 - Removed Logic
Section 6 - IOB Properties
Section 7 - RPMs
Section 8 - Guide Report
Section 9 - Area Group and Partition Summary
Section 10 - Timing Report
Section 11 - Configuration String Information
Section 12 - Control Set Information
Section 13 - Utilization by Hierarchy

Section 1 - Errors
------------------

Section 2 - Warnings
--------------------
WARNING:Security:42 - Your software subscription period has lapsed. Your current
version of Xilinx tools will continue to function, but you no longer qualify for
Xilinx software updates or new releases.
WARNING:Pack:2548 - The register "cfg_reg_30" has the property IOB=TRUE, but was
   not packed into the ILOGIC component. 
WARNING:Pack:2548 - The register "cfg_reg_32" has the property IOB=TRUE, but was
   not packed into the ILOGIC component. 
WARNING:Pack:2548 - The register "cfg_reg_31" has the property IOB=TRUE, but was
   not packed into the ILOGIC component. 
WARNING:Pack:2548 - The register "cfg_reg_27" has the property IOB=TRUE, but was
   not packed into the ILOGIC component. 
WARNING:Pack:2548 - The register "cfg_reg_29" has the property IOB=TRUE, but was
   not packed into the ILOGIC component. 
WARNING:Pack:2548 - The register "cfg_reg_28" has the property IOB=TRUE, but was
   not packed into the ILOGIC component. 
WARNING:Pack:2548 - The register "cfg_reg_24" has the property IOB=TRUE, but was
   not packed into the ILOGIC component. 
WARNING:Pack:2548 - The register "cfg_reg_26" has the property IOB=TRUE, but was
   not packed into the ILOGIC component. 
WARNING:Pack:2548 - The register "cfg_reg_25" has the property IOB=TRUE, but was
   not packed into the ILOGIC component. 
WARNING:Pack:2548 - The register "cfg_reg_21" has the property IOB=TRUE, but was
   not packed into the ILOGIC component. 
WARNING:Pack:2548 - The register "cfg_reg_23" has the property IOB=TRUE, but was
   not packed into the ILOGIC component. 
WARNING:Pack:2548 - The register "cfg_reg_22" has the property IOB=TRUE, but was
   not packed into the ILOGIC component. 
WARNING:Pack:2548 - The register "cfg_reg_18" has the property IOB=TRUE, but was
   not packed into the ILOGIC component. 
WARNING:Pack:2548 - The register "cfg_reg_20" has the property IOB=TRUE, but was
   not packed into the ILOGIC component. 
WARNING:Pack:2548 - The register "cfg_reg_19" has the property IOB=TRUE, but was
   not packed into the ILOGIC component. 
WARNING:Pack:2548 - The register "cfg_reg_15" has the property IOB=TRUE, but was
   not packed into the ILOGIC component. 
WARNING:Pack:2548 - The register "cfg_reg_17" has the property IOB=TRUE, but was
   not packed into the ILOGIC component. 
WARNING:Pack:2548 - The register "cfg_reg_16" has the property IOB=TRUE, but was
   not packed into the ILOGIC component. 
WARNING:Pack:2548 - The register "cfg_reg_12" has the property IOB=TRUE, but was
   not packed into the ILOGIC component. 
WARNING:Pack:2548 - The register "cfg_reg_14" has the property IOB=TRUE, but was
   not packed into the ILOGIC component. 
WARNING:Pack:2548 - The register "cfg_reg_13" has the property IOB=TRUE, but was
   not packed into the ILOGIC component. 
WARNING:Pack:2548 - The register "cfg_reg_11" has the property IOB=TRUE, but was
   not packed into the ILOGIC component. 
WARNING:Pack:2548 - The register "cfg_reg_10" has the property IOB=TRUE, but was
   not packed into the ILOGIC component. 
WARNING:Pack:2548 - The register "cfg_reg_9" has the property IOB=TRUE, but was
   not packed into the ILOGIC component. 
WARNING:Pack:2548 - The register "cfg_reg_8" has the property IOB=TRUE, but was
   not packed into the ILOGIC component. 
WARNING:Pack:2548 - The register "cfg_reg_5" has the property IOB=TRUE, but was
   not packed into the ILOGIC component. 
WARNING:Pack:2548 - The register "cfg_reg_7" has the property IOB=TRUE, but was
   not packed into the ILOGIC component. 
WARNING:Pack:2548 - The register "cfg_reg_6" has the property IOB=TRUE, but was
   not packed into the ILOGIC component. 
WARNING:Pack:2548 - The register "cfg_reg_2" has the property IOB=TRUE, but was
   not packed into the ILOGIC component. 
WARNING:Pack:2548 - The register "cfg_reg_4" has the property IOB=TRUE, but was
   not packed into the ILOGIC component. 
WARNING:Pack:2548 - The register "cfg_reg_3" has the property IOB=TRUE, but was
   not packed into the ILOGIC component. 
WARNING:Pack:2548 - The register "cfg_reg_1" has the property IOB=TRUE, but was
   not packed into the ILOGIC component. 
WARNING:Pack:2548 - The register "cfg_reg_0" has the property IOB=TRUE, but was
   not packed into the ILOGIC component. 
WARNING:PhysDesignRules:372 - Gated clock. Clock net nIOWR_inv is sourced by a
   combinatorial pin. This is not good design practice. Use the CE pin to
   control the loading of data into the flip-flop.
WARNING:PhysDesignRules:372 - Gated clock. Clock net chroma_mode_wr is sourced
   by a combinatorial pin. This is not good design practice. Use the CE pin to
   control the loading of data into the flip-flop.
WARNING:PhysDesignRules:372 - Gated clock. Clock net aychips[0].ay/rst_n_inv is
   sourced by a combinatorial pin. This is not good design practice. Use the CE
   pin to control the loading of data into the flip-flop.
WARNING:PhysDesignRules:372 - Gated clock. Clock net GND_1_o_GND_1_o_AND_885_o
   is sourced by a combinatorial pin. This is not good design practice. Use the
   CE pin to control the loading of data into the flip-flop.
WARNING:PhysDesignRules:372 - Gated clock. Clock net GND_1_o_GND_1_o_AND_882_o
   is sourced by a combinatorial pin. This is not good design practice. Use the
   CE pin to control the loading of data into the flip-flop.
WARNING:PhysDesignRules:372 - Gated clock. Clock net DATA_in_out is sourced by a
   combinatorial pin. This is not good design practice. Use the CE pin to
   control the loading of data into the flip-flop.
WARNING:PhysDesignRules:372 - Gated clock. Clock net DATA_out is sourced by a
   combinatorial pin. This is not good design practice. Use the CE pin to
   control the loading of data into the flip-flop.
WARNING:PhysDesignRules:372 - Gated clock. Clock net NMIset is sourced by a
   combinatorial pin. This is not good design practice. Use the CE pin to
   control the loading of data into the flip-flop.
WARNING:PhysDesignRules:372 - Gated clock. Clock net nRESET_GND_1_o_AND_1007_o
   is sourced by a combinatorial pin. This is not good design practice. Use the
   CE pin to control the loading of data into the flip-flop.
WARNING:PhysDesignRules:372 - Gated clock. Clock net CTRL_out is sourced by a
   combinatorial pin. This is not good design practice. Use the CE pin to
   control the loading of data into the flip-flop.
WARNING:PhysDesignRules:372 - Gated clock. Clock net kbdint is sourced by a
   combinatorial pin. This is not good design practice. Use the CE pin to
   control the loading of data into the flip-flop.
WARNING:PhysDesignRules:372 - Gated clock. Clock net nFE_port_RD_NMIon_OR_108_o
   is sourced by a combinatorial pin. This is not good design practice. Use the
   CE pin to control the loading of data into the flip-flop.
WARNING:PhysDesignRules:372 - Gated clock. Clock net GND_1_o_GND_1_o_AND_894_o
   is sourced by a combinatorial pin. This is not good design practice. Use the
   CE pin to control the loading of data into the flip-flop.
WARNING:PhysDesignRules:372 - Gated clock. Clock net cs_SPULA is sourced by a
   combinatorial pin. This is not good design practice. Use the CE pin to
   control the loading of data into the flip-flop.
WARNING:PhysDesignRules:372 - Gated clock. Clock net GND_1_o_GND_1_o_AND_889_o
   is sourced by a combinatorial pin. This is not good design practice. Use the
   CE pin to control the loading of data into the flip-flop.
WARNING:PhysDesignRules:781 - PULLUP on an active net. PULLUP of comp
   test_NMI_PULLUP is set but the tri state is not configured. 

Section 3 - Informational
-------------------------
INFO:Security:54 - 'xc6slx9' is a WebPack part.
INFO:LIT:243 - Logical network DEBUG_READED has no load.
INFO:LIT:395 - The above info message is repeated 1 more times for the following
   (max. 5 shown):
   CFG_CLK_IBUF
   To see the details of these info messages, please use the -detail switch.
INFO:MapLib:562 - No environment variables are currently set.
INFO:LIT:244 - All of the single ended outputs in this design are using slew
   rate limited output drivers. The delay on speed critical single ended outputs
   can be dramatically reduced by designating them as fast outputs.
INFO:Pack:1716 - Initializing temperature to 85.000 Celsius. (default - Range:
   0.000 to 85.000 Celsius)
INFO:Pack:1720 - Initializing voltage to 1.140 Volts. (default - Range: 1.140 to
   1.260 Volts)
INFO:Map:215 - The Interim Design Summary has been generated in the MAP Report
   (.mrp).
INFO:Pack:1650 - Map created a placed design.
INFO:PhysDesignRules:1861 - To achieve optimal frequency synthesis performance
   with the CLKFX and CLKFX180 outputs of the DCM comp dcm_booster_inst, consult
   the device Data Sheet.

Section 4 - Removed Logic Summary
---------------------------------
   4 block(s) optimized away
   9 signal(s) removed

Section 5 - Removed Logic
-------------------------

The trimmed logic report below shows the logic removed from your design due to
sourceless or loadless signals, and VCC or ground connections.  If the removal
of a signal or symbol results in the subsequent removal of an additional signal
or symbol, the message explaining that second removal will be indented.  This
indentation will be repeated as a chain of related logic is removed.

To quickly locate the original cause for the removal of a chain of logic, look
above the place where that logic is listed in the trimming report, then locate
the lines that are least indented (begin at the leftmost edge).

The signal "shadowram/dinb<7>" is sourceless and has been removed.
The signal "shadowram/dinb<6>" is sourceless and has been removed.
The signal "shadowram/dinb<5>" is sourceless and has been removed.
The signal "shadowram/dinb<4>" is sourceless and has been removed.
The signal "shadowram/dinb<3>" is sourceless and has been removed.
The signal "shadowram/dinb<2>" is sourceless and has been removed.
The signal "shadowram/dinb<1>" is sourceless and has been removed.
The signal "shadowram/dinb<0>" is sourceless and has been removed.
The signal "shadowram/N0" is sourceless and has been removed.

Optimized Block(s):
TYPE 		BLOCK
GND 		XST_GND
VCC 		XST_VCC
GND 		shadowram/XST_GND
VCC 		shadowram/XST_VCC

To enable printing of redundant blocks removed and signals merged, set the
detailed map report option and rerun map.

Section 6 - IOB Properties
--------------------------

+---------------------------------------------------------------------------------------------------------------------------------------------------------+
| IOB Name                           | Type             | Direction | IO Standard          | Diff  | Drive    | Slew | Reg (s)      | Resistor | IOB      |
|                                    |                  |           |                      | Term  | Strength | Rate |              |          | Delay    |
+---------------------------------------------------------------------------------------------------------------------------------------------------------+
| A0                                 | IOB              | INPUT     | LVTTL                |       |          |      |              |          |          |
| A1                                 | IOB              | INPUT     | LVTTL                |       |          |      |              |          |          |
| A2                                 | IOB              | INPUT     | LVTTL                |       |          |      |              |          |          |
| A3                                 | IOB              | INPUT     | LVTTL                |       |          |      |              |          |          |
| A4                                 | IOB              | INPUT     | LVTTL                |       |          |      |              |          |          |
| A5                                 | IOB              | INPUT     | LVTTL                |       |          |      |              |          |          |
| A6                                 | IOB              | INPUT     | LVTTL                |       |          |      |              |          |          |
| A7                                 | IOB              | INPUT     | LVTTL                |       |          |      |              |          |          |
| A8                                 | IOB              | INPUT     | LVTTL                |       |          |      |              |          |          |
| A9                                 | IOB              | INPUT     | LVTTL                |       |          |      | IFF          |          |          |
| A10                                | IOB              | INPUT     | LVTTL                |       |          |      | IFF          |          |          |
| A11                                | IOB              | INPUT     | LVTTL                |       |          |      | IFF          |          |          |
| A12                                | IOB              | INPUT     | LVTTL                |       |          |      | IFF          |          |          |
| A13                                | IOB              | INPUT     | LVTTL                |       |          |      | IFF          |          |          |
| A14                                | IOB              | INPUT     | LVTTL                |       |          |      | IFF          |          |          |
| A15                                | IOB              | INPUT     | LVTTL                |       |          |      | IFF          |          |          |
| A0x                                | IOB              | BIDIR     | LVTTL                |       | 12       | SLOW |              |          |          |
| A10x                               | IOB              | BIDIR     | LVTTL                |       | 12       | SLOW |              |          |          |
| A11x                               | IOB              | BIDIR     | LVTTL                |       | 12       | SLOW |              |          |          |
| A12x                               | IOB              | BIDIR     | LVTTL                |       | 12       | SLOW |              |          |          |
| A13x                               | IOB              | BIDIR     | LVTTL                |       | 12       | SLOW |              |          |          |
| A14x                               | IOB              | BIDIR     | LVTTL                |       | 12       | SLOW |              |          |          |
| A15x                               | IOB              | BIDIR     | LVTTL                |       | 12       | SLOW |              |          |          |
| A16x                               | IOB              | OUTPUT    | LVTTL                |       | 12       | SLOW |              |          |          |
| A17x                               | IOB              | OUTPUT    | LVTTL                |       | 12       | SLOW |              |          |          |
| A18x                               | IOB              | OUTPUT    | LVTTL                |       | 12       | SLOW |              |          |          |
| A1x                                | IOB              | BIDIR     | LVTTL                |       | 12       | SLOW |              |          |          |
| A2x                                | IOB              | BIDIR     | LVTTL                |       | 12       | SLOW |              |          |          |
| A3x                                | IOB              | BIDIR     | LVTTL                |       | 12       | SLOW |              |          |          |
| A4x                                | IOB              | BIDIR     | LVTTL                |       | 12       | SLOW |              |          |          |
| A5x                                | IOB              | BIDIR     | LVTTL                |       | 12       | SLOW |              |          |          |
| A6x                                | IOB              | BIDIR     | LVTTL                |       | 12       | SLOW |              |          |          |
| A7x                                | IOB              | BIDIR     | LVTTL                |       | 12       | SLOW |              |          |          |
| A8x                                | IOB              | BIDIR     | LVTTL                |       | 12       | SLOW |              |          |          |
| A9x                                | IOB              | BIDIR     | LVTTL                |       | 12       | SLOW |              |          |          |
| B0                                 | IOB              | OUTPUT    | LVTTL                |       | 12       | SLOW |              |          |          |
| B1                                 | IOB              | OUTPUT    | LVTTL                |       | 12       | SLOW |              |          |          |
| B2                                 | IOB              | OUTPUT    | LVTTL                |       | 12       | SLOW |              |          |          |
| B3                                 | IOB              | OUTPUT    | LVTTL                |       | 12       | SLOW |              |          |          |
| B4                                 | IOB              | OUTPUT    | LVTTL                |       | 12       | SLOW |              |          |          |
| B5                                 | IOB              | OUTPUT    | LVTTL                |       | 12       | SLOW |              |          |          |
| B6                                 | IOB              | OUTPUT    | LVTTL                |       | 12       | SLOW |              |          |          |
| B7                                 | IOB              | OUTPUT    | LVTTL                |       | 12       | SLOW |              |          |          |
| BRIGHT                             | IOB              | OUTPUT    | LVTTL                |       | 12       | SLOW |              |          |          |
| CFG_CLK                            | IOB              | INPUT     | LVTTL                |       |          |      |              |          |          |
| CFG_DATA                           | IOB              | INPUT     | LVTTL                |       |          |      | ILATCH       |          |          |
| CFG_RESET                          | IOB              | INPUT     | LVTTL                |       |          |      |              |          |          |
| CSYNC                              | IOB              | OUTPUT    | LVTTL                |       | 12       | SLOW |              |          |          |
| CTRL_CLK                           | IOB              | INPUT     | LVTTL                |       |          |      |              |          |          |
| D0                                 | IOB              | BIDIR     | LVTTL                |       | 12       | SLOW | IFF          |          |          |
| D1                                 | IOB              | BIDIR     | LVTTL                |       | 12       | SLOW | IFF          |          |          |
| D2                                 | IOB              | BIDIR     | LVTTL                |       | 12       | SLOW | IFF          |          |          |
| D3                                 | IOB              | BIDIR     | LVTTL                |       | 12       | SLOW | IFF          |          |          |
| D4                                 | IOB              | BIDIR     | LVTTL                |       | 12       | SLOW | IFF          |          |          |
| D5                                 | IOB              | BIDIR     | LVTTL                |       | 12       | SLOW | IFF          |          |          |
| D6                                 | IOB              | BIDIR     | LVTTL                |       | 12       | SLOW | IFF          |          |          |
| D7                                 | IOB              | BIDIR     | LVTTL                |       | 12       | SLOW | IFF          |          |          |
| DEBUG_RDY                          | IOB              | OUTPUT    | LVTTL                |       | 12       | SLOW |              |          |          |
| DOWN                               | IOB              | INPUT     | LVTTL                |       |          |      |              | PULLUP   |          |
| FIRE                               | IOB              | INPUT     | LVTTL                |       |          |      |              | PULLUP   |          |
| GET_CTRL_REG                       | IOB              | OUTPUT    | LVTTL                |       | 12       | SLOW | OFF          |          |          |
| GET_DATA_REG                       | IOB              | OUTPUT    | LVTTL                |       | 12       | SLOW | OFF          |          |          |
| LEFT                               | IOB              | INPUT     | LVTTL                |       |          |      |              | PULLUP   |          |
| MICRO_DB_CLK                       | IOB              | INPUT     | LVTTL                |       |          |      |              |          |          |
| O0                                 | IOB              | INPUT     | LVTTL                |       |          |      |              |          |          |
| O1                                 | IOB              | INPUT     | LVTTL                |       |          |      |              |          |          |
| O2                                 | IOB              | INPUT     | LVTTL                |       |          |      |              |          |          |
| O3                                 | IOB              | INPUT     | LVTTL                |       |          |      |              |          |          |
| O4                                 | IOB              | INPUT     | LVTTL                |       |          |      |              |          |          |
| O5                                 | IOB              | INPUT     | LVTTL                |       |          |      |              |          |          |
| O6                                 | IOB              | INPUT     | LVTTL                |       |          |      |              |          |          |
| O7                                 | IOB              | INPUT     | LVTTL                |       |          |      |              |          |          |
| RIGHT                              | IOB              | INPUT     | LVTTL                |       |          |      |              | PULLUP   |          |
| SEL_128CHARS                       | IOB              | INPUT     | LVTTL                |       |          |      |              |          |          |
| UP                                 | IOB              | INPUT     | LVTTL                |       |          |      |              | PULLUP   |          |
| VBLUE                              | IOB              | OUTPUT    | LVTTL                |       | 12       | SLOW |              |          |          |
| VGREEN                             | IOB              | OUTPUT    | LVTTL                |       | 12       | SLOW |              |          |          |
| VRED                               | IOB              | OUTPUT    | LVTTL                |       | 12       | SLOW |              |          |          |
| nCLOCK                             | IOB              | INPUT     | LVTTL                |       |          |      |              |          |          |
| nHALT                              | IOB              | BIDIR     | LVTTL                |       | 12       | SLOW |              |          |          |
| nIORQ                              | IOB              | INPUT     | LVTTL                |       |          |      |              |          |          |
| nM1                                | IOB              | INPUT     | LVTTL                |       |          |      |              |          |          |
| nMEM_OE                            | IOB              | OUTPUT    | LVTTL                |       | 12       | SLOW |              |          |          |
| nMEM_OEm                           | IOB              | INPUT     | LVTTL                |       |          |      |              |          |          |
| nMREQ                              | IOB              | INPUT     | LVTTL                |       |          |      |              |          |          |
| nOE_OL                             | IOB              | INPUT     | LVTTL                |       |          |      |              |          |          |
| nRD                                | IOB              | INPUT     | LVTTL                |       |          |      | IFF          |          |          |
| nRESET                             | IOB              | INPUT     | LVTTL                |       |          |      |              |          |          |
| nRFSH                              | IOB              | INPUT     | LVTTL                |       |          |      |              |          |          |
| nRST_CTRL_REG                      | IOB              | INPUT     | LVTTL                |       |          |      |              |          |          |
| nRST_DATA_REG                      | IOB              | INPUT     | LVTTL                |       |          |      |              |          |          |
| nWR                                | IOB              | INPUT     | LVTTL                |       |          |      |              |          |          |
| nWRx                               | IOB              | BIDIR     | LVTTL                |       | 12       | SLOW |              |          |          |
| test1                              | IOB              | OUTPUT    | LVTTL                |       | 12       | SLOW | OFF          |          |          |
| test2                              | IOB              | OUTPUT    | LVTTL                |       | 12       | SLOW |              |          |          |
| test_NMI                           | IOB              | OUTPUT    | LVTTL                |       | 12       | SLOW | OFF          | PULLUP   |          |
+---------------------------------------------------------------------------------------------------------------------------------------------------------+

Section 7 - RPMs
----------------

Section 8 - Guide Report
------------------------
Guide not run on this design.

Section 9 - Area Group and Partition Summary
--------------------------------------------

Partition Implementation Status
-------------------------------

  No Partitions were found in this design.

-------------------------------

Area Group Information
----------------------

  No area groups were found in this design.

----------------------

Section 10 - Timing Report
--------------------------
A logic-level (pre-route) timing report can be generated by using Xilinx static
timing analysis tools, Timing Analyzer (GUI) or TRCE (command line), with the
mapped NCD and PCF files. Please note that this timing report will be generated
using estimated delay information. For accurate numbers, please generate a
timing report with the post Place and Route NCD file.

For more information about the Timing Analyzer, consult the Xilinx Timing
Analyzer Reference Manual; for more information about TRCE, consult the Xilinx
Command Line Tools User Guide "TRACE" chapter.

Section 11 - Configuration String Details
-----------------------------------------
Use the "-detail" map option to print out Configuration Strings

Section 12 - Control Set Information
------------------------------------
Use the "-detail" map option to print out Control Set Information.

Section 13 - Utilization by Hierarchy
-------------------------------------
Use the "-detail" map option to print out the Utilization by Hierarchy section.
